{"/home/paddy/kainban/packages/constants/src/Kanban/board.ts": {"path":"/home/paddy/kainban/packages/constants/src/Kanban/board.ts","statementMap":{"0":{"start":{"line":7,"column":34},"end":{"line":17,"column":null}},"1":{"start":{"line":19,"column":69},"end":{"line":29,"column":null}},"2":{"start":{"line":34,"column":4},"end":{"line":59,"column":null}},"3":{"start":{"line":61,"column":77},"end":{"line":112,"column":null}}},"fnMap":{},"branchMap":{},"s":{"0":3,"1":3,"2":3,"3":3},"f":{},"b":{}}
,"/home/paddy/kainban/packages/constants/src/Kanban/mock-projects.ts": {"path":"/home/paddy/kainban/packages/constants/src/Kanban/mock-projects.ts","statementMap":{"0":{"start":{"line":3,"column":40},"end":{"line":50,"column":null}}},"fnMap":{},"branchMap":{},"s":{"0":1},"f":{},"b":{}}
,"/home/paddy/kainban/packages/constants/src/Kanban/mock-tasks.ts": {"path":"/home/paddy/kainban/packages/constants/src/Kanban/mock-tasks.ts","statementMap":{"0":{"start":{"line":3,"column":34},"end":{"line":22,"column":null}}},"fnMap":{},"branchMap":{},"s":{"0":1},"f":{},"b":{}}
}
