{"/home/paddy/kainban/packages/lib/src/Kanban/use-kanban-board.ts": {"path":"/home/paddy/kainban/packages/lib/src/Kanban/use-kanban-board.ts","statementMap":{"0":{"start":{"line":18,"column":25},"end":{"line":21,"column":null}},"1":{"start":{"line":18,"column":69},"end":{"line":21,"column":null}},"2":{"start":{"line":23,"column":30},"end":{"line":495,"column":null}},"3":{"start":{"line":24,"column":27},"end":{"line":26,"column":null}},"4":{"start":{"line":25,"column":2},"end":{"line":25,"column":null}},"5":{"start":{"line":27,"column":43},"end":{"line":27,"column":null}},"6":{"start":{"line":29,"column":2},"end":{"line":29,"column":null}},"7":{"start":{"line":31,"column":2},"end":{"line":32,"column":null}},"8":{"start":{"line":31,"column":35},"end":{"line":31,"column":71}},"9":{"start":{"line":34,"column":1},"end":{"line":43,"column":null}},"10":{"start":{"line":35,"column":2},"end":{"line":42,"column":null}},"11":{"start":{"line":35,"column":30},"end":{"line":42,"column":4}},"12":{"start":{"line":37,"column":17},"end":{"line":37,"column":null}},"13":{"start":{"line":45,"column":29},"end":{"line":56,"column":null}},"14":{"start":{"line":46,"column":2},"end":{"line":48,"column":null}},"15":{"start":{"line":47,"column":3},"end":{"line":47,"column":null}},"16":{"start":{"line":50,"column":2},"end":{"line":55,"column":null}},"17":{"start":{"line":50,"column":30},"end":{"line":55,"column":4}},"18":{"start":{"line":53,"column":4},"end":{"line":53,"column":null}},"19":{"start":{"line":58,"column":27},"end":{"line":62,"column":null}},"20":{"start":{"line":59,"column":2},"end":{"line":60,"column":null}},"21":{"start":{"line":60,"column":41},"end":{"line":60,"column":63}},"22":{"start":{"line":64,"column":27},"end":{"line":66,"column":null}},"23":{"start":{"line":65,"column":2},"end":{"line":65,"column":null}},"24":{"start":{"line":65,"column":47},"end":{"line":65,"column":69}},"25":{"start":{"line":68,"column":21},"end":{"line":70,"column":null}},"26":{"start":{"line":69,"column":2},"end":{"line":69,"column":null}},"27":{"start":{"line":69,"column":45},"end":{"line":69,"column":63}},"28":{"start":{"line":72,"column":21},"end":{"line":74,"column":null}},"29":{"start":{"line":73,"column":2},"end":{"line":73,"column":null}},"30":{"start":{"line":73,"column":45},"end":{"line":73,"column":63}},"31":{"start":{"line":76,"column":33},"end":{"line":87,"column":null}},"32":{"start":{"line":81,"column":2},"end":{"line":86,"column":null}},"33":{"start":{"line":82,"column":3},"end":{"line":85,"column":null}},"34":{"start":{"line":84,"column":5},"end":{"line":84,"column":null}},"35":{"start":{"line":89,"column":29},"end":{"line":104,"column":null}},"36":{"start":{"line":90,"column":2},"end":{"line":103,"column":null}},"37":{"start":{"line":91,"column":3},"end":{"line":97,"column":null}},"38":{"start":{"line":96,"column":4},"end":{"line":96,"column":null}},"39":{"start":{"line":99,"column":3},"end":{"line":102,"column":null}},"40":{"start":{"line":106,"column":30},"end":{"line":127,"column":null}},"41":{"start":{"line":107,"column":27},"end":{"line":107,"column":null}},"42":{"start":{"line":108,"column":22},"end":{"line":108,"column":null}},"43":{"start":{"line":110,"column":2},"end":{"line":112,"column":null}},"44":{"start":{"line":111,"column":3},"end":{"line":111,"column":null}},"45":{"start":{"line":114,"column":2},"end":{"line":126,"column":null}},"46":{"start":{"line":115,"column":16},"end":{"line":115,"column":null}},"47":{"start":{"line":116,"column":26},"end":{"line":123,"column":null}},"48":{"start":{"line":125,"column":3},"end":{"line":125,"column":null}},"49":{"start":{"line":129,"column":21},"end":{"line":148,"column":null}},"50":{"start":{"line":130,"column":25},"end":{"line":130,"column":null}},"51":{"start":{"line":131,"column":2},"end":{"line":133,"column":null}},"52":{"start":{"line":132,"column":3},"end":{"line":132,"column":null}},"53":{"start":{"line":135,"column":22},"end":{"line":135,"column":null}},"54":{"start":{"line":135,"column":58},"end":{"line":135,"column":76}},"55":{"start":{"line":136,"column":2},"end":{"line":138,"column":null}},"56":{"start":{"line":137,"column":3},"end":{"line":137,"column":null}},"57":{"start":{"line":140,"column":2},"end":{"line":145,"column":null}},"58":{"start":{"line":144,"column":3},"end":{"line":144,"column":null}},"59":{"start":{"line":147,"column":2},"end":{"line":147,"column":null}},"60":{"start":{"line":150,"column":27},"end":{"line":184,"column":null}},"61":{"start":{"line":151,"column":25},"end":{"line":151,"column":null}},"62":{"start":{"line":152,"column":2},"end":{"line":157,"column":null}},"63":{"start":{"line":153,"column":3},"end":{"line":156,"column":null}},"64":{"start":{"line":160,"column":3},"end":{"line":165,"column":null}},"65":{"start":{"line":166,"column":18},"end":{"line":177,"column":null}},"66":{"start":{"line":168,"column":24},"end":{"line":170,"column":null}},"67":{"start":{"line":169,"column":24},"end":{"line":169,"column":null}},"68":{"start":{"line":172,"column":4},"end":{"line":172,"column":null}},"69":{"start":{"line":174,"column":19},"end":{"line":177,"column":5}},"70":{"start":{"line":179,"column":2},"end":{"line":183,"column":null}},"71":{"start":{"line":186,"column":24},"end":{"line":199,"column":null}},"72":{"start":{"line":187,"column":21},"end":{"line":187,"column":null}},"73":{"start":{"line":189,"column":2},"end":{"line":191,"column":null}},"74":{"start":{"line":190,"column":3},"end":{"line":190,"column":null}},"75":{"start":{"line":193,"column":2},"end":{"line":196,"column":null}},"76":{"start":{"line":193,"column":36},"end":{"line":196,"column":4}},"77":{"start":{"line":198,"column":2},"end":{"line":198,"column":null}},"78":{"start":{"line":201,"column":25},"end":{"line":205,"column":null}},"79":{"start":{"line":202,"column":2},"end":{"line":202,"column":null}},"80":{"start":{"line":203,"column":2},"end":{"line":203,"column":null}},"81":{"start":{"line":204,"column":2},"end":{"line":204,"column":null}},"82":{"start":{"line":207,"column":23},"end":{"line":210,"column":null}},"83":{"start":{"line":208,"column":2},"end":{"line":208,"column":null}},"84":{"start":{"line":209,"column":2},"end":{"line":209,"column":null}},"85":{"start":{"line":212,"column":25},"end":{"line":216,"column":null}},"86":{"start":{"line":213,"column":2},"end":{"line":215,"column":null}},"87":{"start":{"line":214,"column":3},"end":{"line":214,"column":null}},"88":{"start":{"line":218,"column":24},"end":{"line":233,"column":null}},"89":{"start":{"line":222,"column":17},"end":{"line":222,"column":null}},"90":{"start":{"line":223,"column":2},"end":{"line":225,"column":null}},"91":{"start":{"line":224,"column":3},"end":{"line":224,"column":null}},"92":{"start":{"line":227,"column":2},"end":{"line":227,"column":null}},"93":{"start":{"line":228,"column":2},"end":{"line":228,"column":null}},"94":{"start":{"line":230,"column":2},"end":{"line":232,"column":null}},"95":{"start":{"line":231,"column":3},"end":{"line":231,"column":null}},"96":{"start":{"line":235,"column":20},"end":{"line":263,"column":null}},"97":{"start":{"line":243,"column":2},"end":{"line":243,"column":null}},"98":{"start":{"line":244,"column":17},"end":{"line":244,"column":null}},"99":{"start":{"line":245,"column":25},"end":{"line":245,"column":null}},"100":{"start":{"line":246,"column":21},"end":{"line":246,"column":null}},"101":{"start":{"line":247,"column":2},"end":{"line":247,"column":null}},"102":{"start":{"line":248,"column":2},"end":{"line":248,"column":null}},"103":{"start":{"line":250,"column":2},"end":{"line":252,"column":null}},"104":{"start":{"line":251,"column":3},"end":{"line":251,"column":null}},"105":{"start":{"line":254,"column":2},"end":{"line":257,"column":null}},"106":{"start":{"line":255,"column":3},"end":{"line":255,"column":null}},"107":{"start":{"line":256,"column":3},"end":{"line":256,"column":null}},"108":{"start":{"line":259,"column":2},"end":{"line":262,"column":null}},"109":{"start":{"line":259,"column":36},"end":{"line":262,"column":4}},"110":{"start":{"line":265,"column":29},"end":{"line":272,"column":null}},"111":{"start":{"line":266,"column":2},"end":{"line":269,"column":null}},"112":{"start":{"line":266,"column":30},"end":{"line":269,"column":4}},"113":{"start":{"line":270,"column":2},"end":{"line":270,"column":null}},"114":{"start":{"line":271,"column":2},"end":{"line":271,"column":null}},"115":{"start":{"line":274,"column":29},"end":{"line":304,"column":null}},"116":{"start":{"line":279,"column":21},"end":{"line":279,"column":null}},"117":{"start":{"line":281,"column":2},"end":{"line":283,"column":null}},"118":{"start":{"line":282,"column":3},"end":{"line":282,"column":null}},"119":{"start":{"line":285,"column":28},"end":{"line":285,"column":null}},"120":{"start":{"line":287,"column":30},"end":{"line":294,"column":null}},"121":{"start":{"line":296,"column":2},"end":{"line":299,"column":null}},"122":{"start":{"line":296,"column":30},"end":{"line":299,"column":4}},"123":{"start":{"line":300,"column":2},"end":{"line":300,"column":null}},"124":{"start":{"line":301,"column":2},"end":{"line":301,"column":null}},"125":{"start":{"line":303,"column":2},"end":{"line":303,"column":null}},"126":{"start":{"line":306,"column":26},"end":{"line":332,"column":null}},"127":{"start":{"line":307,"column":2},"end":{"line":309,"column":null}},"128":{"start":{"line":308,"column":3},"end":{"line":308,"column":null}},"129":{"start":{"line":311,"column":21},"end":{"line":311,"column":null}},"130":{"start":{"line":312,"column":2},"end":{"line":314,"column":null}},"131":{"start":{"line":313,"column":3},"end":{"line":313,"column":null}},"132":{"start":{"line":316,"column":25},"end":{"line":316,"column":null}},"133":{"start":{"line":317,"column":24},"end":{"line":324,"column":null}},"134":{"start":{"line":326,"column":2},"end":{"line":329,"column":null}},"135":{"start":{"line":326,"column":36},"end":{"line":329,"column":4}},"136":{"start":{"line":331,"column":2},"end":{"line":331,"column":null}},"137":{"start":{"line":334,"column":36},"end":{"line":352,"column":null}},"138":{"start":{"line":339,"column":17},"end":{"line":339,"column":null}},"139":{"start":{"line":341,"column":2},"end":{"line":346,"column":null}},"140":{"start":{"line":342,"column":3},"end":{"line":345,"column":null}},"141":{"start":{"line":348,"column":2},"end":{"line":351,"column":null}},"142":{"start":{"line":354,"column":33},"end":{"line":371,"column":null}},"143":{"start":{"line":358,"column":17},"end":{"line":358,"column":null}},"144":{"start":{"line":360,"column":2},"end":{"line":365,"column":null}},"145":{"start":{"line":361,"column":3},"end":{"line":364,"column":null}},"146":{"start":{"line":367,"column":2},"end":{"line":370,"column":null}},"147":{"start":{"line":373,"column":33},"end":{"line":432,"column":null}},"148":{"start":{"line":379,"column":2},"end":{"line":381,"column":null}},"149":{"start":{"line":380,"column":3},"end":{"line":380,"column":null}},"150":{"start":{"line":383,"column":17},"end":{"line":383,"column":null}},"151":{"start":{"line":384,"column":2},"end":{"line":389,"column":null}},"152":{"start":{"line":385,"column":3},"end":{"line":388,"column":null}},"153":{"start":{"line":395,"column":6},"end":{"line":395,"column":null}},"154":{"start":{"line":396,"column":21},"end":{"line":396,"column":null}},"155":{"start":{"line":396,"column":56},"end":{"line":396,"column":74}},"156":{"start":{"line":397,"column":34},"end":{"line":400,"column":null}},"157":{"start":{"line":399,"column":4},"end":{"line":399,"column":null}},"158":{"start":{"line":399,"column":39},"end":{"line":399,"column":63}},"159":{"start":{"line":402,"column":2},"end":{"line":407,"column":null}},"160":{"start":{"line":403,"column":3},"end":{"line":406,"column":null}},"161":{"start":{"line":409,"column":2},"end":{"line":417,"column":null}},"162":{"start":{"line":413,"column":3},"end":{"line":416,"column":null}},"163":{"start":{"line":419,"column":2},"end":{"line":424,"column":null}},"164":{"start":{"line":420,"column":3},"end":{"line":423,"column":null}},"165":{"start":{"line":426,"column":2},"end":{"line":431,"column":null}},"166":{"start":{"line":434,"column":26},"end":{"line":469,"column":null}},"167":{"start":{"line":440,"column":21},"end":{"line":440,"column":null}},"168":{"start":{"line":442,"column":2},"end":{"line":444,"column":null}},"169":{"start":{"line":443,"column":3},"end":{"line":443,"column":null}},"170":{"start":{"line":446,"column":25},"end":{"line":446,"column":null}},"171":{"start":{"line":447,"column":2},"end":{"line":449,"column":null}},"172":{"start":{"line":448,"column":3},"end":{"line":448,"column":null}},"173":{"start":{"line":452,"column":3},"end":{"line":452,"column":null}},"174":{"start":{"line":453,"column":24},"end":{"line":461,"column":null}},"175":{"start":{"line":463,"column":2},"end":{"line":466,"column":null}},"176":{"start":{"line":463,"column":36},"end":{"line":466,"column":4}},"177":{"start":{"line":468,"column":2},"end":{"line":468,"column":null}},"178":{"start":{"line":471,"column":1},"end":{"line":494,"column":null}}},"fnMap":{"0":{"name":"(anonymous_0)","decl":{"start":{"line":18,"column":25},"end":{"line":18,"column":26}},"loc":{"start":{"line":18,"column":69},"end":{"line":21,"column":null}}},"1":{"name":"(anonymous_1)","decl":{"start":{"line":23,"column":30},"end":{"line":23,"column":31}},"loc":{"start":{"line":23,"column":78},"end":{"line":495,"column":null}}},"2":{"name":"(anonymous_2)","decl":{"start":{"line":24,"column":54},"end":{"line":24,"column":null}},"loc":{"start":{"line":25,"column":2},"end":{"line":25,"column":null}}},"3":{"name":"(anonymous_3)","decl":{"start":{"line":31,"column":22},"end":{"line":31,"column":23}},"loc":{"start":{"line":31,"column":35},"end":{"line":31,"column":71}}},"4":{"name":"(anonymous_4)","decl":{"start":{"line":34,"column":11},"end":{"line":34,"column":17}},"loc":{"start":{"line":34,"column":17},"end":{"line":43,"column":4}}},"5":{"name":"(anonymous_5)","decl":{"start":{"line":35,"column":11},"end":{"line":35,"column":12}},"loc":{"start":{"line":35,"column":30},"end":{"line":42,"column":4}}},"6":{"name":"(anonymous_6)","decl":{"start":{"line":37,"column":4},"end":{"line":37,"column":5}},"loc":{"start":{"line":37,"column":17},"end":{"line":37,"column":null}}},"7":{"name":"(anonymous_7)","decl":{"start":{"line":45,"column":29},"end":{"line":45,"column":30}},"loc":{"start":{"line":45,"column":73},"end":{"line":56,"column":null}}},"8":{"name":"(anonymous_8)","decl":{"start":{"line":50,"column":11},"end":{"line":50,"column":12}},"loc":{"start":{"line":50,"column":30},"end":{"line":55,"column":4}}},"9":{"name":"(anonymous_9)","decl":{"start":{"line":52,"column":39},"end":{"line":52,"column":40}},"loc":{"start":{"line":53,"column":4},"end":{"line":53,"column":null}}},"10":{"name":"(anonymous_10)","decl":{"start":{"line":58,"column":27},"end":{"line":58,"column":28}},"loc":{"start":{"line":58,"column":56},"end":{"line":62,"column":null}}},"11":{"name":"(anonymous_11)","decl":{"start":{"line":60,"column":31},"end":{"line":60,"column":32}},"loc":{"start":{"line":60,"column":41},"end":{"line":60,"column":63}}},"12":{"name":"(anonymous_12)","decl":{"start":{"line":64,"column":27},"end":{"line":64,"column":28}},"loc":{"start":{"line":64,"column":56},"end":{"line":66,"column":null}}},"13":{"name":"(anonymous_13)","decl":{"start":{"line":65,"column":37},"end":{"line":65,"column":38}},"loc":{"start":{"line":65,"column":47},"end":{"line":65,"column":69}}},"14":{"name":"(anonymous_14)","decl":{"start":{"line":68,"column":21},"end":{"line":68,"column":22}},"loc":{"start":{"line":68,"column":41},"end":{"line":70,"column":null}}},"15":{"name":"(anonymous_15)","decl":{"start":{"line":69,"column":35},"end":{"line":69,"column":36}},"loc":{"start":{"line":69,"column":45},"end":{"line":69,"column":63}}},"16":{"name":"(anonymous_16)","decl":{"start":{"line":72,"column":21},"end":{"line":72,"column":22}},"loc":{"start":{"line":72,"column":41},"end":{"line":74,"column":null}}},"17":{"name":"(anonymous_17)","decl":{"start":{"line":73,"column":35},"end":{"line":73,"column":36}},"loc":{"start":{"line":73,"column":45},"end":{"line":73,"column":63}}},"18":{"name":"(anonymous_18)","decl":{"start":{"line":76,"column":33},"end":{"line":76,"column":null}},"loc":{"start":{"line":80,"column":6},"end":{"line":87,"column":null}}},"19":{"name":"(anonymous_19)","decl":{"start":{"line":81,"column":38},"end":{"line":81,"column":39}},"loc":{"start":{"line":82,"column":3},"end":{"line":85,"column":null}}},"20":{"name":"(anonymous_20)","decl":{"start":{"line":83,"column":4},"end":{"line":83,"column":5}},"loc":{"start":{"line":84,"column":5},"end":{"line":84,"column":null}}},"21":{"name":"(anonymous_21)","decl":{"start":{"line":89,"column":29},"end":{"line":89,"column":30}},"loc":{"start":{"line":89,"column":51},"end":{"line":104,"column":null}}},"22":{"name":"(anonymous_22)","decl":{"start":{"line":90,"column":27},"end":{"line":90,"column":28}},"loc":{"start":{"line":90,"column":37},"end":{"line":103,"column":3}}},"23":{"name":"(anonymous_23)","decl":{"start":{"line":106,"column":30},"end":{"line":106,"column":31}},"loc":{"start":{"line":106,"column":50},"end":{"line":127,"column":null}}},"24":{"name":"(anonymous_24)","decl":{"start":{"line":114,"column":28},"end":{"line":114,"column":29}},"loc":{"start":{"line":114,"column":38},"end":{"line":126,"column":3}}},"25":{"name":"(anonymous_25)","decl":{"start":{"line":129,"column":21},"end":{"line":129,"column":22}},"loc":{"start":{"line":129,"column":69},"end":{"line":148,"column":null}}},"26":{"name":"(anonymous_26)","decl":{"start":{"line":135,"column":48},"end":{"line":135,"column":49}},"loc":{"start":{"line":135,"column":58},"end":{"line":135,"column":76}}},"27":{"name":"(anonymous_27)","decl":{"start":{"line":150,"column":27},"end":{"line":150,"column":28}},"loc":{"start":{"line":150,"column":75},"end":{"line":184,"column":null}}},"28":{"name":"(anonymous_28)","decl":{"start":{"line":167,"column":11},"end":{"line":167,"column":12}},"loc":{"start":{"line":167,"column":21},"end":{"line":173,"column":4}}},"29":{"name":"(anonymous_29)","decl":{"start":{"line":169,"column":5},"end":{"line":169,"column":6}},"loc":{"start":{"line":169,"column":24},"end":{"line":169,"column":null}}},"30":{"name":"(anonymous_30)","decl":{"start":{"line":174,"column":8},"end":{"line":174,"column":9}},"loc":{"start":{"line":174,"column":19},"end":{"line":177,"column":5}}},"31":{"name":"(anonymous_31)","decl":{"start":{"line":186,"column":24},"end":{"line":186,"column":25}},"loc":{"start":{"line":186,"column":72},"end":{"line":199,"column":null}}},"32":{"name":"(anonymous_32)","decl":{"start":{"line":193,"column":22},"end":{"line":193,"column":23}},"loc":{"start":{"line":193,"column":36},"end":{"line":196,"column":4}}},"33":{"name":"(anonymous_33)","decl":{"start":{"line":201,"column":25},"end":{"line":201,"column":26}},"loc":{"start":{"line":201,"column":78},"end":{"line":205,"column":null}}},"34":{"name":"(anonymous_34)","decl":{"start":{"line":207,"column":23},"end":{"line":207,"column":29}},"loc":{"start":{"line":207,"column":29},"end":{"line":210,"column":null}}},"35":{"name":"(anonymous_35)","decl":{"start":{"line":212,"column":25},"end":{"line":212,"column":26}},"loc":{"start":{"line":212,"column":54},"end":{"line":216,"column":null}}},"36":{"name":"(anonymous_36)","decl":{"start":{"line":218,"column":24},"end":{"line":218,"column":null}},"loc":{"start":{"line":221,"column":6},"end":{"line":233,"column":null}}},"37":{"name":"(anonymous_37)","decl":{"start":{"line":235,"column":20},"end":{"line":235,"column":null}},"loc":{"start":{"line":242,"column":6},"end":{"line":263,"column":null}}},"38":{"name":"(anonymous_38)","decl":{"start":{"line":255,"column":62},"end":{"line":255,"column":68}},"loc":{"start":{"line":255,"column":68},"end":{"line":255,"column":70}}},"39":{"name":"(anonymous_39)","decl":{"start":{"line":259,"column":22},"end":{"line":259,"column":23}},"loc":{"start":{"line":259,"column":36},"end":{"line":262,"column":4}}},"40":{"name":"(anonymous_40)","decl":{"start":{"line":265,"column":29},"end":{"line":265,"column":30}},"loc":{"start":{"line":265,"column":52},"end":{"line":272,"column":null}}},"41":{"name":"(anonymous_41)","decl":{"start":{"line":266,"column":11},"end":{"line":266,"column":12}},"loc":{"start":{"line":266,"column":30},"end":{"line":269,"column":4}}},"42":{"name":"(anonymous_42)","decl":{"start":{"line":274,"column":29},"end":{"line":274,"column":30}},"loc":{"start":{"line":278,"column":7},"end":{"line":304,"column":null}}},"43":{"name":"(anonymous_43)","decl":{"start":{"line":296,"column":11},"end":{"line":296,"column":12}},"loc":{"start":{"line":296,"column":30},"end":{"line":299,"column":4}}},"44":{"name":"(anonymous_44)","decl":{"start":{"line":306,"column":26},"end":{"line":306,"column":27}},"loc":{"start":{"line":306,"column":77},"end":{"line":332,"column":null}}},"45":{"name":"(anonymous_45)","decl":{"start":{"line":326,"column":22},"end":{"line":326,"column":23}},"loc":{"start":{"line":326,"column":36},"end":{"line":329,"column":4}}},"46":{"name":"(anonymous_46)","decl":{"start":{"line":334,"column":36},"end":{"line":334,"column":37}},"loc":{"start":{"line":338,"column":7},"end":{"line":352,"column":null}}},"47":{"name":"(anonymous_47)","decl":{"start":{"line":354,"column":33},"end":{"line":354,"column":34}},"loc":{"start":{"line":357,"column":7},"end":{"line":371,"column":null}}},"48":{"name":"(anonymous_48)","decl":{"start":{"line":373,"column":33},"end":{"line":373,"column":34}},"loc":{"start":{"line":378,"column":7},"end":{"line":432,"column":null}}},"49":{"name":"(anonymous_49)","decl":{"start":{"line":396,"column":46},"end":{"line":396,"column":47}},"loc":{"start":{"line":396,"column":56},"end":{"line":396,"column":74}}},"50":{"name":"(anonymous_50)","decl":{"start":{"line":398,"column":3},"end":{"line":398,"column":4}},"loc":{"start":{"line":399,"column":4},"end":{"line":399,"column":null}}},"51":{"name":"(anonymous_51)","decl":{"start":{"line":399,"column":29},"end":{"line":399,"column":30}},"loc":{"start":{"line":399,"column":39},"end":{"line":399,"column":63}}},"52":{"name":"(anonymous_52)","decl":{"start":{"line":434,"column":26},"end":{"line":434,"column":27}},"loc":{"start":{"line":439,"column":7},"end":{"line":469,"column":null}}},"53":{"name":"(anonymous_53)","decl":{"start":{"line":463,"column":22},"end":{"line":463,"column":23}},"loc":{"start":{"line":463,"column":36},"end":{"line":466,"column":4}}}},"branchMap":{"0":{"loc":{"start":{"line":19,"column":18},"end":{"line":19,"column":null}},"type":"binary-expr","locations":[{"start":{"line":19,"column":18},"end":{"line":19,"column":37}},{"start":{"line":19,"column":37},"end":{"line":19,"column":null}}]},"1":{"loc":{"start":{"line":23,"column":31},"end":{"line":23,"column":78}},"type":"default-arg","locations":[{"start":{"line":23,"column":60},"end":{"line":23,"column":78}}]},"2":{"loc":{"start":{"line":31,"column":2},"end":{"line":32,"column":null}},"type":"binary-expr","locations":[{"start":{"line":31,"column":2},"end":{"line":31,"column":null}},{"start":{"line":32,"column":2},"end":{"line":32,"column":null}}]},"3":{"loc":{"start":{"line":36,"column":20},"end":{"line":40,"column":null}},"type":"cond-expr","locations":[{"start":{"line":39,"column":6},"end":{"line":39,"column":null}},{"start":{"line":40,"column":7},"end":{"line":40,"column":null}}]},"4":{"loc":{"start":{"line":40,"column":7},"end":{"line":40,"column":null}},"type":"binary-expr","locations":[{"start":{"line":40,"column":7},"end":{"line":40,"column":33}},{"start":{"line":40,"column":33},"end":{"line":40,"column":null}}]},"5":{"loc":{"start":{"line":46,"column":2},"end":{"line":48,"column":null}},"type":"if","locations":[{"start":{"line":46,"column":2},"end":{"line":48,"column":null}},{"start":{},"end":{}}]},"6":{"loc":{"start":{"line":53,"column":4},"end":{"line":53,"column":null}},"type":"cond-expr","locations":[{"start":{"line":53,"column":38},"end":{"line":53,"column":57}},{"start":{"line":53,"column":57},"end":{"line":53,"column":null}}]},"7":{"loc":{"start":{"line":60,"column":3},"end":{"line":60,"column":null}},"type":"binary-expr","locations":[{"start":{"line":60,"column":3},"end":{"line":60,"column":75}},{"start":{"line":60,"column":75},"end":{"line":60,"column":null}}]},"8":{"loc":{"start":{"line":65,"column":9},"end":{"line":65,"column":null}},"type":"binary-expr","locations":[{"start":{"line":65,"column":9},"end":{"line":65,"column":74}},{"start":{"line":65,"column":74},"end":{"line":65,"column":null}}]},"9":{"loc":{"start":{"line":69,"column":9},"end":{"line":69,"column":null}},"type":"binary-expr","locations":[{"start":{"line":69,"column":9},"end":{"line":69,"column":68}},{"start":{"line":69,"column":68},"end":{"line":69,"column":null}}]},"10":{"loc":{"start":{"line":73,"column":9},"end":{"line":73,"column":null}},"type":"binary-expr","locations":[{"start":{"line":73,"column":9},"end":{"line":73,"column":68}},{"start":{"line":73,"column":68},"end":{"line":73,"column":null}}]},"11":{"loc":{"start":{"line":84,"column":5},"end":{"line":84,"column":null}},"type":"binary-expr","locations":[{"start":{"line":84,"column":5},"end":{"line":84,"column":46}},{"start":{"line":84,"column":46},"end":{"line":84,"column":null}}]},"12":{"loc":{"start":{"line":91,"column":3},"end":{"line":97,"column":null}},"type":"if","locations":[{"start":{"line":91,"column":3},"end":{"line":97,"column":null}},{"start":{},"end":{}}]},"13":{"loc":{"start":{"line":92,"column":4},"end":{"line":94,"column":null}},"type":"binary-expr","locations":[{"start":{"line":92,"column":4},"end":{"line":92,"column":null}},{"start":{"line":93,"column":4},"end":{"line":93,"column":null}},{"start":{"line":94,"column":4},"end":{"line":94,"column":null}}]},"14":{"loc":{"start":{"line":108,"column":22},"end":{"line":108,"column":null}},"type":"binary-expr","locations":[{"start":{"line":108,"column":22},"end":{"line":108,"column":46}},{"start":{"line":108,"column":46},"end":{"line":108,"column":null}}]},"15":{"loc":{"start":{"line":110,"column":2},"end":{"line":112,"column":null}},"type":"if","locations":[{"start":{"line":110,"column":2},"end":{"line":112,"column":null}},{"start":{},"end":{}}]},"16":{"loc":{"start":{"line":119,"column":4},"end":{"line":119,"column":null}},"type":"binary-expr","locations":[{"start":{"line":119,"column":4},"end":{"line":119,"column":24}},{"start":{"line":119,"column":24},"end":{"line":119,"column":null}}]},"17":{"loc":{"start":{"line":120,"column":4},"end":{"line":120,"column":null}},"type":"binary-expr","locations":[{"start":{"line":120,"column":4},"end":{"line":120,"column":18}},{"start":{"line":120,"column":18},"end":{"line":120,"column":null}}]},"18":{"loc":{"start":{"line":131,"column":2},"end":{"line":133,"column":null}},"type":"if","locations":[{"start":{"line":131,"column":2},"end":{"line":133,"column":null}},{"start":{},"end":{}}]},"19":{"loc":{"start":{"line":136,"column":2},"end":{"line":138,"column":null}},"type":"if","locations":[{"start":{"line":136,"column":2},"end":{"line":138,"column":null}},{"start":{},"end":{}}]},"20":{"loc":{"start":{"line":136,"column":6},"end":{"line":136,"column":56}},"type":"binary-expr","locations":[{"start":{"line":136,"column":6},"end":{"line":136,"column":22}},{"start":{"line":136,"column":22},"end":{"line":136,"column":56}}]},"21":{"loc":{"start":{"line":140,"column":2},"end":{"line":145,"column":null}},"type":"if","locations":[{"start":{"line":140,"column":2},"end":{"line":145,"column":null}},{"start":{},"end":{}}]},"22":{"loc":{"start":{"line":141,"column":3},"end":{"line":142,"column":null}},"type":"binary-expr","locations":[{"start":{"line":141,"column":3},"end":{"line":141,"column":null}},{"start":{"line":142,"column":3},"end":{"line":142,"column":null}}]},"23":{"loc":{"start":{"line":152,"column":2},"end":{"line":157,"column":null}},"type":"if","locations":[{"start":{"line":152,"column":2},"end":{"line":157,"column":null}},{"start":{},"end":{}}]},"24":{"loc":{"start":{"line":152,"column":6},"end":{"line":152,"column":58}},"type":"binary-expr","locations":[{"start":{"line":152,"column":6},"end":{"line":152,"column":25}},{"start":{"line":152,"column":25},"end":{"line":152,"column":58}}]},"25":{"loc":{"start":{"line":160,"column":3},"end":{"line":165,"column":null}},"type":"cond-expr","locations":[{"start":{"line":161,"column":6},"end":{"line":164,"column":null}},{"start":{"line":165,"column":6},"end":{"line":165,"column":null}}]},"26":{"loc":{"start":{"line":189,"column":2},"end":{"line":191,"column":null}},"type":"if","locations":[{"start":{"line":189,"column":2},"end":{"line":191,"column":null}},{"start":{},"end":{}}]},"27":{"loc":{"start":{"line":213,"column":2},"end":{"line":215,"column":null}},"type":"if","locations":[{"start":{"line":213,"column":2},"end":{"line":215,"column":null}},{"start":{},"end":{}}]},"28":{"loc":{"start":{"line":223,"column":2},"end":{"line":225,"column":null}},"type":"if","locations":[{"start":{"line":223,"column":2},"end":{"line":225,"column":null}},{"start":{},"end":{}}]},"29":{"loc":{"start":{"line":223,"column":6},"end":{"line":223,"column":47}},"type":"binary-expr","locations":[{"start":{"line":223,"column":6},"end":{"line":223,"column":17}},{"start":{"line":223,"column":17},"end":{"line":223,"column":47}}]},"30":{"loc":{"start":{"line":230,"column":2},"end":{"line":232,"column":null}},"type":"if","locations":[{"start":{"line":230,"column":2},"end":{"line":232,"column":null}},{"start":{},"end":{}}]},"31":{"loc":{"start":{"line":244,"column":17},"end":{"line":244,"column":null}},"type":"binary-expr","locations":[{"start":{"line":244,"column":17},"end":{"line":244,"column":34}},{"start":{"line":244,"column":34},"end":{"line":244,"column":null}}]},"32":{"loc":{"start":{"line":250,"column":2},"end":{"line":252,"column":null}},"type":"if","locations":[{"start":{"line":250,"column":2},"end":{"line":252,"column":null}},{"start":{},"end":{}}]},"33":{"loc":{"start":{"line":254,"column":2},"end":{"line":257,"column":null}},"type":"if","locations":[{"start":{"line":254,"column":2},"end":{"line":257,"column":null}},{"start":{},"end":{}}]},"34":{"loc":{"start":{"line":254,"column":6},"end":{"line":254,"column":37}},"type":"binary-expr","locations":[{"start":{"line":254,"column":6},"end":{"line":254,"column":21}},{"start":{"line":254,"column":21},"end":{"line":254,"column":37}}]},"35":{"loc":{"start":{"line":281,"column":2},"end":{"line":283,"column":null}},"type":"if","locations":[{"start":{"line":281,"column":2},"end":{"line":283,"column":null}},{"start":{},"end":{}}]},"36":{"loc":{"start":{"line":307,"column":2},"end":{"line":309,"column":null}},"type":"if","locations":[{"start":{"line":307,"column":2},"end":{"line":309,"column":null}},{"start":{},"end":{}}]},"37":{"loc":{"start":{"line":312,"column":2},"end":{"line":314,"column":null}},"type":"if","locations":[{"start":{"line":312,"column":2},"end":{"line":314,"column":null}},{"start":{},"end":{}}]},"38":{"loc":{"start":{"line":323,"column":16},"end":{"line":323,"column":null}},"type":"binary-expr","locations":[{"start":{"line":323,"column":16},"end":{"line":323,"column":46}},{"start":{"line":323,"column":46},"end":{"line":323,"column":null}}]},"39":{"loc":{"start":{"line":341,"column":2},"end":{"line":346,"column":null}},"type":"if","locations":[{"start":{"line":341,"column":2},"end":{"line":346,"column":null}},{"start":{},"end":{}}]},"40":{"loc":{"start":{"line":344,"column":12},"end":{"line":344,"column":null}},"type":"binary-expr","locations":[{"start":{"line":344,"column":12},"end":{"line":344,"column":47}},{"start":{"line":344,"column":47},"end":{"line":344,"column":null}}]},"41":{"loc":{"start":{"line":360,"column":2},"end":{"line":365,"column":null}},"type":"if","locations":[{"start":{"line":360,"column":2},"end":{"line":365,"column":null}},{"start":{},"end":{}}]},"42":{"loc":{"start":{"line":363,"column":12},"end":{"line":363,"column":null}},"type":"binary-expr","locations":[{"start":{"line":363,"column":12},"end":{"line":363,"column":47}},{"start":{"line":363,"column":47},"end":{"line":363,"column":null}}]},"43":{"loc":{"start":{"line":379,"column":2},"end":{"line":381,"column":null}},"type":"if","locations":[{"start":{"line":379,"column":2},"end":{"line":381,"column":null}},{"start":{},"end":{}}]},"44":{"loc":{"start":{"line":384,"column":2},"end":{"line":389,"column":null}},"type":"if","locations":[{"start":{"line":384,"column":2},"end":{"line":389,"column":null}},{"start":{},"end":{}}]},"45":{"loc":{"start":{"line":387,"column":12},"end":{"line":387,"column":null}},"type":"binary-expr","locations":[{"start":{"line":387,"column":12},"end":{"line":387,"column":47}},{"start":{"line":387,"column":47},"end":{"line":387,"column":null}}]},"46":{"loc":{"start":{"line":402,"column":2},"end":{"line":407,"column":null}},"type":"if","locations":[{"start":{"line":402,"column":2},"end":{"line":407,"column":null}},{"start":{},"end":{}}]},"47":{"loc":{"start":{"line":409,"column":2},"end":{"line":417,"column":null}},"type":"if","locations":[{"start":{"line":409,"column":2},"end":{"line":417,"column":null}},{"start":{},"end":{}}]},"48":{"loc":{"start":{"line":410,"column":3},"end":{"line":411,"column":null}},"type":"binary-expr","locations":[{"start":{"line":410,"column":3},"end":{"line":410,"column":null}},{"start":{"line":411,"column":3},"end":{"line":411,"column":null}}]},"49":{"loc":{"start":{"line":419,"column":2},"end":{"line":424,"column":null}},"type":"if","locations":[{"start":{"line":419,"column":2},"end":{"line":424,"column":null}},{"start":{},"end":{}}]},"50":{"loc":{"start":{"line":429,"column":23},"end":{"line":429,"column":null}},"type":"binary-expr","locations":[{"start":{"line":429,"column":23},"end":{"line":429,"column":50}},{"start":{"line":429,"column":50},"end":{"line":429,"column":null}}]},"51":{"loc":{"start":{"line":442,"column":2},"end":{"line":444,"column":null}},"type":"if","locations":[{"start":{"line":442,"column":2},"end":{"line":444,"column":null}},{"start":{},"end":{}}]},"52":{"loc":{"start":{"line":447,"column":2},"end":{"line":449,"column":null}},"type":"if","locations":[{"start":{"line":447,"column":2},"end":{"line":449,"column":null}},{"start":{},"end":{}}]}},"s":{"0":1,"1":15,"2":1,"3":45,"4":15,"5":45,"6":45,"7":45,"8":54,"9":45,"10":15,"11":15,"12":15,"13":45,"14":9,"15":0,"16":9,"17":9,"18":15,"19":45,"20":3,"21":4,"22":45,"23":7,"24":18,"25":45,"26":6,"27":8,"28":45,"29":0,"30":0,"31":45,"32":6,"33":8,"34":12,"35":45,"36":4,"37":10,"38":7,"39":3,"40":45,"41":2,"42":2,"43":2,"44":0,"45":2,"46":6,"47":6,"48":6,"49":45,"50":10,"51":10,"52":0,"53":10,"54":14,"55":10,"56":0,"57":10,"58":1,"59":9,"60":45,"61":9,"62":9,"63":2,"64":7,"65":7,"66":18,"67":33,"68":18,"69":10,"70":7,"71":45,"72":7,"73":7,"74":2,"75":5,"76":5,"77":5,"78":45,"79":2,"80":2,"81":2,"82":45,"83":1,"84":1,"85":45,"86":1,"87":0,"88":45,"89":2,"90":2,"91":1,"92":1,"93":1,"94":1,"95":1,"96":45,"97":1,"98":1,"99":1,"100":1,"101":1,"102":1,"103":1,"104":0,"105":1,"106":0,"107":0,"108":1,"109":1,"110":45,"111":1,"112":1,"113":1,"114":1,"115":45,"116":2,"117":2,"118":0,"119":2,"120":2,"121":2,"122":2,"123":2,"124":2,"125":2,"126":45,"127":2,"128":0,"129":2,"130":2,"131":0,"132":2,"133":2,"134":2,"135":2,"136":2,"137":45,"138":2,"139":2,"140":0,"141":2,"142":45,"143":2,"144":2,"145":0,"146":2,"147":45,"148":2,"149":0,"150":2,"151":2,"152":0,"153":2,"154":2,"155":3,"156":2,"157":0,"158":0,"159":2,"160":0,"161":2,"162":1,"163":1,"164":0,"165":1,"166":45,"167":2,"168":2,"169":1,"170":1,"171":1,"172":0,"173":1,"174":1,"175":1,"176":1,"177":1,"178":45},"f":{"0":15,"1":45,"2":15,"3":54,"4":15,"5":15,"6":15,"7":9,"8":9,"9":15,"10":3,"11":4,"12":7,"13":18,"14":6,"15":8,"16":0,"17":0,"18":6,"19":8,"20":12,"21":4,"22":10,"23":2,"24":6,"25":10,"26":14,"27":9,"28":18,"29":33,"30":10,"31":7,"32":5,"33":2,"34":1,"35":1,"36":2,"37":1,"38":0,"39":1,"40":1,"41":1,"42":2,"43":2,"44":2,"45":2,"46":2,"47":2,"48":2,"49":3,"50":0,"51":0,"52":2,"53":1},"b":{"0":[15,0],"1":[28],"2":[45,0],"3":[15,0],"4":[0,0],"5":[0,9],"6":[9,6],"7":[3,0],"8":[7,0],"9":[6,0],"10":[0,0],"11":[12,8],"12":[7,3],"13":[10,4,4],"14":[2,0],"15":[0,2],"16":[6,0],"17":[6,0],"18":[0,10],"19":[0,10],"20":[10,10],"21":[1,9],"22":[10,2],"23":[2,7],"24":[9,9],"25":[4,3],"26":[2,5],"27":[0,1],"28":[1,1],"29":[2,1],"30":[1,0],"31":[1,0],"32":[0,1],"33":[0,1],"34":[1,0],"35":[0,2],"36":[0,2],"37":[0,2],"38":[2,1],"39":[0,2],"40":[0,0],"41":[0,2],"42":[0,0],"43":[0,2],"44":[0,2],"45":[0,0],"46":[0,2],"47":[1,1],"48":[2,1],"49":[0,1],"50":[1,1],"51":[1,1],"52":[0,1]}}
,"/home/paddy/kainban/packages/lib/src/schemas/epic.ts": {"path":"/home/paddy/kainban/packages/lib/src/schemas/epic.ts","statementMap":{"0":{"start":{"line":3,"column":26},"end":{"line":6,"column":null}}},"fnMap":{},"branchMap":{},"s":{"0":2},"f":{},"b":{}}
,"/home/paddy/kainban/packages/lib/src/schemas/project.ts": {"path":"/home/paddy/kainban/packages/lib/src/schemas/project.ts","statementMap":{"0":{"start":{"line":3,"column":29},"end":{"line":15,"column":null}},"1":{"start":{"line":9,"column":24},"end":{"line":9,"column":69}},"2":{"start":{"line":11,"column":14},"end":{"line":11,"column":null}}},"fnMap":{"0":{"name":"(anonymous_0)","decl":{"start":{"line":9,"column":13},"end":{"line":9,"column":14}},"loc":{"start":{"line":9,"column":24},"end":{"line":9,"column":69}}},"1":{"name":"(anonymous_1)","decl":{"start":{"line":11,"column":3},"end":{"line":11,"column":4}},"loc":{"start":{"line":11,"column":14},"end":{"line":11,"column":null}}}},"branchMap":{},"s":{"0":2,"1":3,"2":3},"f":{"0":3,"1":3},"b":{}}
,"/home/paddy/kainban/packages/lib/src/schemas/task.ts": {"path":"/home/paddy/kainban/packages/lib/src/schemas/task.ts","statementMap":{"0":{"start":{"line":3,"column":26},"end":{"line":10,"column":null}},"1":{"start":{"line":9,"column":24},"end":{"line":9,"column":43}}},"fnMap":{"0":{"name":"(anonymous_0)","decl":{"start":{"line":9,"column":13},"end":{"line":9,"column":14}},"loc":{"start":{"line":9,"column":24},"end":{"line":9,"column":43}}}},"branchMap":{},"s":{"0":2,"1":4},"f":{"0":4},"b":{}}
}
