{"/home/paddy/kainban/packages/lib/src/Kanban/use-kanban-board.ts": {"path":"/home/paddy/kainban/packages/lib/src/Kanban/use-kanban-board.ts","statementMap":{"0":{"start":{"line":13,"column":30},"end":{"line":164,"column":null}},"1":{"start":{"line":14,"column":27},"end":{"line":17,"column":null}},"2":{"start":{"line":18,"column":43},"end":{"line":18,"column":null}},"3":{"start":{"line":20,"column":2},"end":{"line":20,"column":null}},"4":{"start":{"line":22,"column":2},"end":{"line":23,"column":null}},"5":{"start":{"line":22,"column":35},"end":{"line":22,"column":71}},"6":{"start":{"line":25,"column":29},"end":{"line":36,"column":null}},"7":{"start":{"line":26,"column":2},"end":{"line":28,"column":null}},"8":{"start":{"line":27,"column":3},"end":{"line":27,"column":null}},"9":{"start":{"line":30,"column":2},"end":{"line":35,"column":null}},"10":{"start":{"line":30,"column":30},"end":{"line":35,"column":4}},"11":{"start":{"line":33,"column":4},"end":{"line":33,"column":null}},"12":{"start":{"line":38,"column":27},"end":{"line":42,"column":null}},"13":{"start":{"line":39,"column":2},"end":{"line":40,"column":null}},"14":{"start":{"line":40,"column":41},"end":{"line":40,"column":63}},"15":{"start":{"line":44,"column":27},"end":{"line":46,"column":null}},"16":{"start":{"line":45,"column":2},"end":{"line":45,"column":null}},"17":{"start":{"line":45,"column":47},"end":{"line":45,"column":69}},"18":{"start":{"line":48,"column":21},"end":{"line":55,"column":null}},"19":{"start":{"line":49,"column":22},"end":{"line":49,"column":null}},"20":{"start":{"line":49,"column":58},"end":{"line":49,"column":76}},"21":{"start":{"line":50,"column":2},"end":{"line":52,"column":null}},"22":{"start":{"line":51,"column":3},"end":{"line":51,"column":null}},"23":{"start":{"line":54,"column":2},"end":{"line":54,"column":null}},"24":{"start":{"line":57,"column":24},"end":{"line":66,"column":null}},"25":{"start":{"line":58,"column":2},"end":{"line":60,"column":null}},"26":{"start":{"line":59,"column":3},"end":{"line":59,"column":null}},"27":{"start":{"line":62,"column":2},"end":{"line":65,"column":null}},"28":{"start":{"line":62,"column":36},"end":{"line":65,"column":4}},"29":{"start":{"line":68,"column":25},"end":{"line":72,"column":null}},"30":{"start":{"line":69,"column":2},"end":{"line":69,"column":null}},"31":{"start":{"line":70,"column":2},"end":{"line":70,"column":null}},"32":{"start":{"line":71,"column":2},"end":{"line":71,"column":null}},"33":{"start":{"line":74,"column":23},"end":{"line":77,"column":null}},"34":{"start":{"line":75,"column":2},"end":{"line":75,"column":null}},"35":{"start":{"line":76,"column":2},"end":{"line":76,"column":null}},"36":{"start":{"line":79,"column":25},"end":{"line":83,"column":null}},"37":{"start":{"line":80,"column":2},"end":{"line":82,"column":null}},"38":{"start":{"line":81,"column":3},"end":{"line":81,"column":null}},"39":{"start":{"line":85,"column":24},"end":{"line":100,"column":null}},"40":{"start":{"line":89,"column":17},"end":{"line":89,"column":null}},"41":{"start":{"line":90,"column":2},"end":{"line":92,"column":null}},"42":{"start":{"line":91,"column":3},"end":{"line":91,"column":null}},"43":{"start":{"line":94,"column":2},"end":{"line":94,"column":null}},"44":{"start":{"line":95,"column":2},"end":{"line":95,"column":null}},"45":{"start":{"line":97,"column":2},"end":{"line":99,"column":null}},"46":{"start":{"line":98,"column":3},"end":{"line":98,"column":null}},"47":{"start":{"line":102,"column":20},"end":{"line":112,"column":null}},"48":{"start":{"line":106,"column":2},"end":{"line":106,"column":null}},"49":{"start":{"line":107,"column":17},"end":{"line":107,"column":null}},"50":{"start":{"line":109,"column":2},"end":{"line":109,"column":null}},"51":{"start":{"line":110,"column":2},"end":{"line":110,"column":null}},"52":{"start":{"line":111,"column":2},"end":{"line":111,"column":null}},"53":{"start":{"line":114,"column":29},"end":{"line":121,"column":null}},"54":{"start":{"line":115,"column":2},"end":{"line":118,"column":null}},"55":{"start":{"line":115,"column":30},"end":{"line":118,"column":4}},"56":{"start":{"line":119,"column":2},"end":{"line":119,"column":null}},"57":{"start":{"line":120,"column":2},"end":{"line":120,"column":null}},"58":{"start":{"line":123,"column":29},"end":{"line":147,"column":null}},"59":{"start":{"line":128,"column":33},"end":{"line":131,"column":null}},"60":{"start":{"line":133,"column":30},"end":{"line":139,"column":null}},"61":{"start":{"line":141,"column":2},"end":{"line":144,"column":null}},"62":{"start":{"line":141,"column":30},"end":{"line":144,"column":4}},"63":{"start":{"line":145,"column":2},"end":{"line":145,"column":null}},"64":{"start":{"line":146,"column":2},"end":{"line":146,"column":null}},"65":{"start":{"line":149,"column":1},"end":{"line":163,"column":null}}},"fnMap":{"0":{"name":"(anonymous_0)","decl":{"start":{"line":13,"column":30},"end":{"line":13,"column":36}},"loc":{"start":{"line":13,"column":36},"end":{"line":164,"column":null}}},"1":{"name":"(anonymous_1)","decl":{"start":{"line":22,"column":22},"end":{"line":22,"column":23}},"loc":{"start":{"line":22,"column":35},"end":{"line":22,"column":71}}},"2":{"name":"(anonymous_2)","decl":{"start":{"line":25,"column":29},"end":{"line":25,"column":30}},"loc":{"start":{"line":25,"column":73},"end":{"line":36,"column":null}}},"3":{"name":"(anonymous_3)","decl":{"start":{"line":30,"column":11},"end":{"line":30,"column":12}},"loc":{"start":{"line":30,"column":30},"end":{"line":35,"column":4}}},"4":{"name":"(anonymous_4)","decl":{"start":{"line":32,"column":39},"end":{"line":32,"column":40}},"loc":{"start":{"line":33,"column":4},"end":{"line":33,"column":null}}},"5":{"name":"(anonymous_5)","decl":{"start":{"line":38,"column":27},"end":{"line":38,"column":28}},"loc":{"start":{"line":38,"column":56},"end":{"line":42,"column":null}}},"6":{"name":"(anonymous_6)","decl":{"start":{"line":40,"column":31},"end":{"line":40,"column":32}},"loc":{"start":{"line":40,"column":41},"end":{"line":40,"column":63}}},"7":{"name":"(anonymous_7)","decl":{"start":{"line":44,"column":27},"end":{"line":44,"column":28}},"loc":{"start":{"line":44,"column":56},"end":{"line":46,"column":null}}},"8":{"name":"(anonymous_8)","decl":{"start":{"line":45,"column":37},"end":{"line":45,"column":38}},"loc":{"start":{"line":45,"column":47},"end":{"line":45,"column":69}}},"9":{"name":"(anonymous_9)","decl":{"start":{"line":48,"column":21},"end":{"line":48,"column":22}},"loc":{"start":{"line":48,"column":69},"end":{"line":55,"column":null}}},"10":{"name":"(anonymous_10)","decl":{"start":{"line":49,"column":48},"end":{"line":49,"column":49}},"loc":{"start":{"line":49,"column":58},"end":{"line":49,"column":76}}},"11":{"name":"(anonymous_11)","decl":{"start":{"line":57,"column":24},"end":{"line":57,"column":25}},"loc":{"start":{"line":57,"column":72},"end":{"line":66,"column":null}}},"12":{"name":"(anonymous_12)","decl":{"start":{"line":62,"column":22},"end":{"line":62,"column":23}},"loc":{"start":{"line":62,"column":36},"end":{"line":65,"column":4}}},"13":{"name":"(anonymous_13)","decl":{"start":{"line":68,"column":25},"end":{"line":68,"column":26}},"loc":{"start":{"line":68,"column":78},"end":{"line":72,"column":null}}},"14":{"name":"(anonymous_14)","decl":{"start":{"line":74,"column":23},"end":{"line":74,"column":29}},"loc":{"start":{"line":74,"column":29},"end":{"line":77,"column":null}}},"15":{"name":"(anonymous_15)","decl":{"start":{"line":79,"column":25},"end":{"line":79,"column":26}},"loc":{"start":{"line":79,"column":54},"end":{"line":83,"column":null}}},"16":{"name":"(anonymous_16)","decl":{"start":{"line":85,"column":24},"end":{"line":85,"column":null}},"loc":{"start":{"line":88,"column":6},"end":{"line":100,"column":null}}},"17":{"name":"(anonymous_17)","decl":{"start":{"line":102,"column":20},"end":{"line":102,"column":null}},"loc":{"start":{"line":105,"column":6},"end":{"line":112,"column":null}}},"18":{"name":"(anonymous_18)","decl":{"start":{"line":114,"column":29},"end":{"line":114,"column":30}},"loc":{"start":{"line":114,"column":52},"end":{"line":121,"column":null}}},"19":{"name":"(anonymous_19)","decl":{"start":{"line":115,"column":11},"end":{"line":115,"column":12}},"loc":{"start":{"line":115,"column":30},"end":{"line":118,"column":4}}},"20":{"name":"(anonymous_20)","decl":{"start":{"line":123,"column":29},"end":{"line":123,"column":30}},"loc":{"start":{"line":127,"column":7},"end":{"line":147,"column":null}}},"21":{"name":"(anonymous_21)","decl":{"start":{"line":141,"column":11},"end":{"line":141,"column":12}},"loc":{"start":{"line":141,"column":30},"end":{"line":144,"column":4}}}},"branchMap":{"0":{"loc":{"start":{"line":15,"column":19},"end":{"line":15,"column":null}},"type":"binary-expr","locations":[{"start":{"line":15,"column":19},"end":{"line":15,"column":43}},{"start":{"line":15,"column":43},"end":{"line":15,"column":null}}]},"1":{"loc":{"start":{"line":22,"column":2},"end":{"line":23,"column":null}},"type":"binary-expr","locations":[{"start":{"line":22,"column":2},"end":{"line":22,"column":null}},{"start":{"line":23,"column":2},"end":{"line":23,"column":null}}]},"2":{"loc":{"start":{"line":26,"column":2},"end":{"line":28,"column":null}},"type":"if","locations":[{"start":{"line":26,"column":2},"end":{"line":28,"column":null}},{"start":{},"end":{}}]},"3":{"loc":{"start":{"line":33,"column":4},"end":{"line":33,"column":null}},"type":"cond-expr","locations":[{"start":{"line":33,"column":38},"end":{"line":33,"column":57}},{"start":{"line":33,"column":57},"end":{"line":33,"column":null}}]},"4":{"loc":{"start":{"line":40,"column":3},"end":{"line":40,"column":null}},"type":"binary-expr","locations":[{"start":{"line":40,"column":3},"end":{"line":40,"column":75}},{"start":{"line":40,"column":75},"end":{"line":40,"column":null}}]},"5":{"loc":{"start":{"line":45,"column":9},"end":{"line":45,"column":null}},"type":"binary-expr","locations":[{"start":{"line":45,"column":9},"end":{"line":45,"column":74}},{"start":{"line":45,"column":74},"end":{"line":45,"column":null}}]},"6":{"loc":{"start":{"line":50,"column":2},"end":{"line":52,"column":null}},"type":"if","locations":[{"start":{"line":50,"column":2},"end":{"line":52,"column":null}},{"start":{},"end":{}}]},"7":{"loc":{"start":{"line":50,"column":6},"end":{"line":50,"column":56}},"type":"binary-expr","locations":[{"start":{"line":50,"column":6},"end":{"line":50,"column":22}},{"start":{"line":50,"column":22},"end":{"line":50,"column":56}}]},"8":{"loc":{"start":{"line":58,"column":2},"end":{"line":60,"column":null}},"type":"if","locations":[{"start":{"line":58,"column":2},"end":{"line":60,"column":null}},{"start":{},"end":{}}]},"9":{"loc":{"start":{"line":80,"column":2},"end":{"line":82,"column":null}},"type":"if","locations":[{"start":{"line":80,"column":2},"end":{"line":82,"column":null}},{"start":{},"end":{}}]},"10":{"loc":{"start":{"line":90,"column":2},"end":{"line":92,"column":null}},"type":"if","locations":[{"start":{"line":90,"column":2},"end":{"line":92,"column":null}},{"start":{},"end":{}}]},"11":{"loc":{"start":{"line":90,"column":6},"end":{"line":90,"column":47}},"type":"binary-expr","locations":[{"start":{"line":90,"column":6},"end":{"line":90,"column":17}},{"start":{"line":90,"column":17},"end":{"line":90,"column":47}}]},"12":{"loc":{"start":{"line":97,"column":2},"end":{"line":99,"column":null}},"type":"if","locations":[{"start":{"line":97,"column":2},"end":{"line":99,"column":null}},{"start":{},"end":{}}]},"13":{"loc":{"start":{"line":107,"column":17},"end":{"line":107,"column":null}},"type":"binary-expr","locations":[{"start":{"line":107,"column":17},"end":{"line":107,"column":34}},{"start":{"line":107,"column":34},"end":{"line":107,"column":null}}]}},"s":{"0":1,"1":11,"2":11,"3":11,"4":11,"5":14,"6":11,"7":1,"8":0,"9":1,"10":1,"11":2,"12":11,"13":3,"14":4,"15":11,"16":2,"17":6,"18":11,"19":3,"20":3,"21":3,"22":0,"23":3,"24":11,"25":2,"26":1,"27":1,"28":1,"29":11,"30":2,"31":2,"32":2,"33":11,"34":1,"35":1,"36":11,"37":1,"38":0,"39":11,"40":2,"41":2,"42":1,"43":1,"44":1,"45":1,"46":1,"47":11,"48":1,"49":1,"50":1,"51":1,"52":1,"53":11,"54":1,"55":1,"56":1,"57":1,"58":11,"59":1,"60":1,"61":1,"62":1,"63":1,"64":1,"65":11},"f":{"0":11,"1":14,"2":1,"3":1,"4":2,"5":3,"6":4,"7":2,"8":6,"9":3,"10":3,"11":2,"12":1,"13":2,"14":1,"15":1,"16":2,"17":1,"18":1,"19":1,"20":1,"21":1},"b":{"0":[11,0],"1":[11,0],"2":[0,1],"3":[1,1],"4":[3,0],"5":[2,0],"6":[0,3],"7":[3,3],"8":[1,1],"9":[0,1],"10":[1,1],"11":[2,1],"12":[1,0],"13":[1,0]}}
}
