{"/home/paddy/kainban/packages/ui/src/Button/button.tsx": {"path":"/home/paddy/kainban/packages/ui/src/Button/button.tsx","statementMap":{"0":{"start":{"line":7,"column":15},"end":{"line":43,"column":null}},"1":{"start":{"line":49,"column":39},"end":{"line":60,"column":null}},"2":{"start":{"line":56,"column":1},"end":{"line":60,"column":null}}},"fnMap":{"0":{"name":"(anonymous_0)","decl":{"start":{"line":49,"column":39},"end":{"line":49,"column":40}},"loc":{"start":{"line":56,"column":1},"end":{"line":60,"column":null}}}},"branchMap":{"0":{"loc":{"start":{"line":58,"column":12},"end":{"line":58,"column":null}},"type":"binary-expr","locations":[{"start":{"line":58,"column":12},"end":{"line":58,"column":24}},{"start":{"line":58,"column":24},"end":{"line":58,"column":null}}]}},"s":{"0":1,"1":1,"2":135},"f":{"0":135},"b":{"0":[135,123]}}
,"/home/paddy/kainban/packages/ui/src/DependencyAutocomplete/dependency-autocomplete.tsx": {"path":"/home/paddy/kainban/packages/ui/src/DependencyAutocomplete/dependency-autocomplete.tsx","statementMap":{"0":{"start":{"line":18,"column":38},"end":{"line":92,"column":null}},"1":{"start":{"line":26,"column":25},"end":{"line":28,"column":null}},"2":{"start":{"line":27,"column":2},"end":{"line":27,"column":null}},"3":{"start":{"line":29,"column":26},"end":{"line":33,"column":null}},"4":{"start":{"line":31,"column":3},"end":{"line":32,"column":null}},"5":{"start":{"line":35,"column":1},"end":{"line":90,"column":null}},"6":{"start":{"line":39,"column":25},"end":{"line":39,"column":null}},"7":{"start":{"line":46,"column":6},"end":{"line":57,"column":null}},"8":{"start":{"line":50,"column":8},"end":{"line":52,"column":null}},"9":{"start":{"line":51,"column":44},"end":{"line":51,"column":68}},"10":{"start":{"line":64,"column":6},"end":{"line":82,"column":null}},"11":{"start":{"line":68,"column":8},"end":{"line":68,"column":null}},"12":{"start":{"line":69,"column":8},"end":{"line":69,"column":null}}},"fnMap":{"0":{"name":"(anonymous_0)","decl":{"start":{"line":18,"column":38},"end":{"line":18,"column":39}},"loc":{"start":{"line":25,"column":35},"end":{"line":92,"column":null}}},"1":{"name":"(anonymous_1)","decl":{"start":{"line":26,"column":40},"end":{"line":26,"column":41}},"loc":{"start":{"line":27,"column":2},"end":{"line":27,"column":null}}},"2":{"name":"(anonymous_2)","decl":{"start":{"line":30,"column":2},"end":{"line":30,"column":3}},"loc":{"start":{"line":31,"column":3},"end":{"line":32,"column":null}}},"3":{"name":"(anonymous_3)","decl":{"start":{"line":39,"column":14},"end":{"line":39,"column":15}},"loc":{"start":{"line":39,"column":25},"end":{"line":39,"column":null}}},"4":{"name":"(anonymous_4)","decl":{"start":{"line":45,"column":26},"end":{"line":45,"column":27}},"loc":{"start":{"line":46,"column":6},"end":{"line":57,"column":null}}},"5":{"name":"(anonymous_5)","decl":{"start":{"line":49,"column":16},"end":{"line":49,"column":null}},"loc":{"start":{"line":50,"column":8},"end":{"line":52,"column":null}}},"6":{"name":"(anonymous_6)","decl":{"start":{"line":51,"column":28},"end":{"line":51,"column":29}},"loc":{"start":{"line":51,"column":44},"end":{"line":51,"column":68}}},"7":{"name":"(anonymous_7)","decl":{"start":{"line":63,"column":26},"end":{"line":63,"column":27}},"loc":{"start":{"line":64,"column":6},"end":{"line":82,"column":null}}},"8":{"name":"(anonymous_8)","decl":{"start":{"line":67,"column":16},"end":{"line":67,"column":22}},"loc":{"start":{"line":67,"column":22},"end":{"line":70,"column":null}}}},"branchMap":{"0":{"loc":{"start":{"line":21,"column":1},"end":{"line":21,"column":null}},"type":"default-arg","locations":[{"start":{"line":21,"column":15},"end":{"line":21,"column":null}}]},"1":{"loc":{"start":{"line":31,"column":3},"end":{"line":32,"column":null}},"type":"binary-expr","locations":[{"start":{"line":31,"column":3},"end":{"line":31,"column":null}},{"start":{"line":32,"column":3},"end":{"line":32,"column":null}}]},"2":{"loc":{"start":{"line":43,"column":4},"end":{"line":60,"column":null}},"type":"cond-expr","locations":[{"start":{"line":44,"column":4},"end":{"line":59,"column":null}},{"start":{"line":60,"column":7},"end":{"line":60,"column":null}}]},"3":{"loc":{"start":{"line":62,"column":5},"end":{"line":87,"column":null}},"type":"cond-expr","locations":[{"start":{"line":63,"column":5},"end":{"line":83,"column":null}},{"start":{"line":85,"column":5},"end":{"line":87,"column":null}}]},"4":{"loc":{"start":{"line":77,"column":8},"end":{"line":81,"column":null}},"type":"cond-expr","locations":[{"start":{"line":78,"column":8},"end":{"line":80,"column":null}},{"start":{"line":81,"column":11},"end":{"line":81,"column":null}}]}},"s":{"0":2,"1":11,"2":19,"3":11,"4":19,"5":11,"6":1,"7":2,"8":1,"9":1,"10":14,"11":2,"12":2},"f":{"0":11,"1":19,"2":19,"3":1,"4":2,"5":1,"6":1,"7":14,"8":2},"b":{"0":[3],"1":[19,17],"2":[2,9],"3":[7,4],"4":[12,2]}}
,"/home/paddy/kainban/packages/ui/src/EpicList/epic-list.tsx": {"path":"/home/paddy/kainban/packages/ui/src/EpicList/epic-list.tsx","statementMap":{"0":{"start":{"line":14,"column":24},"end":{"line":50,"column":null}},"1":{"start":{"line":15,"column":1},"end":{"line":21,"column":null}},"2":{"start":{"line":16,"column":2},"end":{"line":19,"column":null}},"3":{"start":{"line":23,"column":1},"end":{"line":48,"column":null}},"4":{"start":{"line":26,"column":4},"end":{"line":46,"column":null}}},"fnMap":{"0":{"name":"(anonymous_0)","decl":{"start":{"line":14,"column":24},"end":{"line":14,"column":25}},"loc":{"start":{"line":14,"column":54},"end":{"line":50,"column":null}}},"1":{"name":"(anonymous_1)","decl":{"start":{"line":25,"column":14},"end":{"line":25,"column":15}},"loc":{"start":{"line":26,"column":4},"end":{"line":46,"column":null}}}},"branchMap":{"0":{"loc":{"start":{"line":15,"column":1},"end":{"line":21,"column":null}},"type":"if","locations":[{"start":{"line":15,"column":1},"end":{"line":21,"column":null}},{"start":{},"end":{}}]},"1":{"loc":{"start":{"line":43,"column":6},"end":{"line":45,"column":null}},"type":"cond-expr","locations":[{"start":{"line":44,"column":6},"end":{"line":44,"column":null}},{"start":{"line":45,"column":9},"end":{"line":45,"column":null}}]}},"s":{"0":2,"1":35,"2":5,"3":30,"4":53},"f":{"0":35,"1":53},"b":{"0":[5,30],"1":[48,5]}}
,"/home/paddy/kainban/packages/ui/src/KanbanBoard/kanban-board.tsx": {"path":"/home/paddy/kainban/packages/ui/src/KanbanBoard/kanban-board.tsx","statementMap":{"0":{"start":{"line":21,"column":27},"end":{"line":514,"column":null}},"1":{"start":{"line":22,"column":55},"end":{"line":22,"column":null}},"2":{"start":{"line":23,"column":49},"end":{"line":23,"column":null}},"3":{"start":{"line":24,"column":49},"end":{"line":24,"column":null}},"4":{"start":{"line":25,"column":39},"end":{"line":29,"column":null}},"5":{"start":{"line":30,"column":33},"end":{"line":33,"column":null}},"6":{"start":{"line":34,"column":33},"end":{"line":39,"column":null}},"7":{"start":{"line":40,"column":49},"end":{"line":40,"column":null}},"8":{"start":{"line":41,"column":43},"end":{"line":41,"column":null}},"9":{"start":{"line":59,"column":5},"end":{"line":59,"column":null}},"10":{"start":{"line":62,"column":2},"end":{"line":64,"column":null}},"11":{"start":{"line":65,"column":30},"end":{"line":65,"column":null}},"12":{"start":{"line":66,"column":7},"end":{"line":66,"column":null}},"13":{"start":{"line":68,"column":2},"end":{"line":70,"column":null}},"14":{"start":{"line":72,"column":29},"end":{"line":84,"column":null}},"15":{"start":{"line":73,"column":2},"end":{"line":75,"column":null}},"16":{"start":{"line":74,"column":3},"end":{"line":74,"column":null}},"17":{"start":{"line":77,"column":2},"end":{"line":77,"column":null}},"18":{"start":{"line":78,"column":2},"end":{"line":82,"column":null}},"19":{"start":{"line":83,"column":2},"end":{"line":83,"column":null}},"20":{"start":{"line":86,"column":26},"end":{"line":97,"column":null}},"21":{"start":{"line":87,"column":2},"end":{"line":89,"column":null}},"22":{"start":{"line":88,"column":3},"end":{"line":88,"column":null}},"23":{"start":{"line":91,"column":2},"end":{"line":91,"column":null}},"24":{"start":{"line":92,"column":2},"end":{"line":95,"column":null}},"25":{"start":{"line":96,"column":2},"end":{"line":96,"column":null}},"26":{"start":{"line":99,"column":26},"end":{"line":116,"column":null}},"27":{"start":{"line":100,"column":18},"end":{"line":100,"column":null}},"28":{"start":{"line":102,"column":2},"end":{"line":105,"column":null}},"29":{"start":{"line":103,"column":3},"end":{"line":103,"column":null}},"30":{"start":{"line":104,"column":3},"end":{"line":104,"column":null}},"31":{"start":{"line":107,"column":2},"end":{"line":112,"column":null}},"32":{"start":{"line":113,"column":2},"end":{"line":113,"column":null}},"33":{"start":{"line":114,"column":2},"end":{"line":114,"column":null}},"34":{"start":{"line":115,"column":2},"end":{"line":115,"column":null}},"35":{"start":{"line":119,"column":2},"end":{"line":123,"column":null}},"36":{"start":{"line":119,"column":38},"end":{"line":123,"column":4}},"37":{"start":{"line":121,"column":51},"end":{"line":121,"column":74}},"38":{"start":{"line":124,"column":27},"end":{"line":124,"column":null}},"39":{"start":{"line":126,"column":1},"end":{"line":512,"column":null}},"40":{"start":{"line":142,"column":21},"end":{"line":142,"column":null}},"41":{"start":{"line":142,"column":57},"end":{"line":142,"column":65}},"42":{"start":{"line":152,"column":30},"end":{"line":152,"column":null}},"43":{"start":{"line":154,"column":6},"end":{"line":174,"column":null}},"44":{"start":{"line":158,"column":23},"end":{"line":158,"column":null}},"45":{"start":{"line":200,"column":25},"end":{"line":200,"column":null}},"46":{"start":{"line":207,"column":11},"end":{"line":210,"column":null}},"47":{"start":{"line":207,"column":37},"end":{"line":210,"column":13}},"48":{"start":{"line":211,"column":11},"end":{"line":211,"column":null}},"49":{"start":{"line":212,"column":11},"end":{"line":212,"column":null}},"50":{"start":{"line":247,"column":7},"end":{"line":274,"column":null}},"51":{"start":{"line":253,"column":27},"end":{"line":253,"column":null}},"52":{"start":{"line":254,"column":31},"end":{"line":254,"column":null}},"53":{"start":{"line":255,"column":27},"end":{"line":255,"column":null}},"54":{"start":{"line":260,"column":9},"end":{"line":267,"column":null}},"55":{"start":{"line":265,"column":34},"end":{"line":265,"column":null}},"56":{"start":{"line":281,"column":19},"end":{"line":281,"column":null}},"57":{"start":{"line":291,"column":8},"end":{"line":294,"column":null}},"58":{"start":{"line":291,"column":37},"end":{"line":294,"column":10}},"59":{"start":{"line":305,"column":8},"end":{"line":308,"column":null}},"60":{"start":{"line":305,"column":37},"end":{"line":308,"column":10}},"61":{"start":{"line":320,"column":8},"end":{"line":323,"column":null}},"62":{"start":{"line":320,"column":37},"end":{"line":323,"column":10}},"63":{"start":{"line":341,"column":21},"end":{"line":341,"column":null}},"64":{"start":{"line":349,"column":19},"end":{"line":349,"column":null}},"65":{"start":{"line":359,"column":8},"end":{"line":362,"column":null}},"66":{"start":{"line":359,"column":34},"end":{"line":362,"column":10}},"67":{"start":{"line":373,"column":8},"end":{"line":376,"column":null}},"68":{"start":{"line":373,"column":34},"end":{"line":376,"column":10}},"69":{"start":{"line":394,"column":21},"end":{"line":394,"column":null}},"70":{"start":{"line":402,"column":19},"end":{"line":402,"column":null}},"71":{"start":{"line":412,"column":8},"end":{"line":415,"column":null}},"72":{"start":{"line":412,"column":34},"end":{"line":415,"column":10}},"73":{"start":{"line":426,"column":8},"end":{"line":429,"column":null}},"74":{"start":{"line":426,"column":34},"end":{"line":429,"column":10}},"75":{"start":{"line":440,"column":8},"end":{"line":443,"column":null}},"76":{"start":{"line":440,"column":34},"end":{"line":443,"column":10}},"77":{"start":{"line":449,"column":8},"end":{"line":451,"column":null}},"78":{"start":{"line":465,"column":49},"end":{"line":469,"column":9}},"79":{"start":{"line":474,"column":8},"end":{"line":477,"column":null}},"80":{"start":{"line":474,"column":34},"end":{"line":477,"column":10}},"81":{"start":{"line":506,"column":21},"end":{"line":506,"column":null}}},"fnMap":{"0":{"name":"(anonymous_0)","decl":{"start":{"line":21,"column":27},"end":{"line":21,"column":28}},"loc":{"start":{"line":21,"column":74},"end":{"line":514,"column":null}}},"1":{"name":"(anonymous_1)","decl":{"start":{"line":72,"column":29},"end":{"line":72,"column":35}},"loc":{"start":{"line":72,"column":35},"end":{"line":84,"column":null}}},"2":{"name":"(anonymous_2)","decl":{"start":{"line":86,"column":26},"end":{"line":86,"column":32}},"loc":{"start":{"line":86,"column":32},"end":{"line":97,"column":null}}},"3":{"name":"(anonymous_3)","decl":{"start":{"line":99,"column":26},"end":{"line":99,"column":32}},"loc":{"start":{"line":99,"column":32},"end":{"line":116,"column":null}}},"4":{"name":"(anonymous_4)","decl":{"start":{"line":119,"column":27},"end":{"line":119,"column":28}},"loc":{"start":{"line":119,"column":38},"end":{"line":123,"column":4}}},"5":{"name":"(anonymous_5)","decl":{"start":{"line":121,"column":41},"end":{"line":121,"column":42}},"loc":{"start":{"line":121,"column":51},"end":{"line":121,"column":74}}},"6":{"name":"(anonymous_6)","decl":{"start":{"line":142,"column":15},"end":{"line":142,"column":21}},"loc":{"start":{"line":142,"column":21},"end":{"line":142,"column":null}}},"7":{"name":"(anonymous_7)","decl":{"start":{"line":142,"column":44},"end":{"line":142,"column":45}},"loc":{"start":{"line":142,"column":57},"end":{"line":142,"column":65}}},"8":{"name":"(anonymous_8)","decl":{"start":{"line":151,"column":19},"end":{"line":151,"column":20}},"loc":{"start":{"line":151,"column":32},"end":{"line":176,"column":6}}},"9":{"name":"(anonymous_9)","decl":{"start":{"line":158,"column":17},"end":{"line":158,"column":23}},"loc":{"start":{"line":158,"column":23},"end":{"line":158,"column":null}}},"10":{"name":"(anonymous_10)","decl":{"start":{"line":200,"column":19},"end":{"line":200,"column":25}},"loc":{"start":{"line":200,"column":25},"end":{"line":200,"column":null}}},"11":{"name":"(anonymous_11)","decl":{"start":{"line":206,"column":19},"end":{"line":206,"column":25}},"loc":{"start":{"line":206,"column":25},"end":{"line":213,"column":null}}},"12":{"name":"(anonymous_12)","decl":{"start":{"line":207,"column":23},"end":{"line":207,"column":24}},"loc":{"start":{"line":207,"column":37},"end":{"line":210,"column":13}}},"13":{"name":"(anonymous_13)","decl":{"start":{"line":246,"column":30},"end":{"line":246,"column":31}},"loc":{"start":{"line":247,"column":7},"end":{"line":274,"column":null}}},"14":{"name":"(anonymous_14)","decl":{"start":{"line":253,"column":21},"end":{"line":253,"column":27}},"loc":{"start":{"line":253,"column":27},"end":{"line":253,"column":null}}},"15":{"name":"(anonymous_15)","decl":{"start":{"line":254,"column":20},"end":{"line":254,"column":21}},"loc":{"start":{"line":254,"column":31},"end":{"line":254,"column":null}}},"16":{"name":"(anonymous_16)","decl":{"start":{"line":255,"column":16},"end":{"line":255,"column":17}},"loc":{"start":{"line":255,"column":27},"end":{"line":255,"column":null}}},"17":{"name":"(anonymous_17)","decl":{"start":{"line":259,"column":42},"end":{"line":259,"column":43}},"loc":{"start":{"line":260,"column":9},"end":{"line":267,"column":null}}},"18":{"name":"(anonymous_18)","decl":{"start":{"line":265,"column":23},"end":{"line":265,"column":24}},"loc":{"start":{"line":265,"column":34},"end":{"line":265,"column":null}}},"19":{"name":"(anonymous_19)","decl":{"start":{"line":281,"column":13},"end":{"line":281,"column":19}},"loc":{"start":{"line":281,"column":19},"end":{"line":281,"column":null}}},"20":{"name":"(anonymous_20)","decl":{"start":{"line":290,"column":17},"end":{"line":290,"column":18}},"loc":{"start":{"line":291,"column":8},"end":{"line":294,"column":null}}},"21":{"name":"(anonymous_21)","decl":{"start":{"line":291,"column":23},"end":{"line":291,"column":24}},"loc":{"start":{"line":291,"column":37},"end":{"line":294,"column":10}}},"22":{"name":"(anonymous_22)","decl":{"start":{"line":304,"column":17},"end":{"line":304,"column":18}},"loc":{"start":{"line":305,"column":8},"end":{"line":308,"column":null}}},"23":{"name":"(anonymous_23)","decl":{"start":{"line":305,"column":23},"end":{"line":305,"column":24}},"loc":{"start":{"line":305,"column":37},"end":{"line":308,"column":10}}},"24":{"name":"(anonymous_24)","decl":{"start":{"line":319,"column":17},"end":{"line":319,"column":18}},"loc":{"start":{"line":320,"column":8},"end":{"line":323,"column":null}}},"25":{"name":"(anonymous_25)","decl":{"start":{"line":320,"column":23},"end":{"line":320,"column":24}},"loc":{"start":{"line":320,"column":37},"end":{"line":323,"column":10}}},"26":{"name":"(anonymous_26)","decl":{"start":{"line":341,"column":15},"end":{"line":341,"column":21}},"loc":{"start":{"line":341,"column":21},"end":{"line":341,"column":null}}},"27":{"name":"(anonymous_27)","decl":{"start":{"line":349,"column":13},"end":{"line":349,"column":19}},"loc":{"start":{"line":349,"column":19},"end":{"line":349,"column":null}}},"28":{"name":"(anonymous_28)","decl":{"start":{"line":358,"column":17},"end":{"line":358,"column":18}},"loc":{"start":{"line":359,"column":8},"end":{"line":362,"column":null}}},"29":{"name":"(anonymous_29)","decl":{"start":{"line":359,"column":20},"end":{"line":359,"column":21}},"loc":{"start":{"line":359,"column":34},"end":{"line":362,"column":10}}},"30":{"name":"(anonymous_30)","decl":{"start":{"line":372,"column":17},"end":{"line":372,"column":18}},"loc":{"start":{"line":373,"column":8},"end":{"line":376,"column":null}}},"31":{"name":"(anonymous_31)","decl":{"start":{"line":373,"column":20},"end":{"line":373,"column":21}},"loc":{"start":{"line":373,"column":34},"end":{"line":376,"column":10}}},"32":{"name":"(anonymous_32)","decl":{"start":{"line":394,"column":15},"end":{"line":394,"column":21}},"loc":{"start":{"line":394,"column":21},"end":{"line":394,"column":null}}},"33":{"name":"(anonymous_33)","decl":{"start":{"line":402,"column":13},"end":{"line":402,"column":19}},"loc":{"start":{"line":402,"column":19},"end":{"line":402,"column":null}}},"34":{"name":"(anonymous_34)","decl":{"start":{"line":411,"column":17},"end":{"line":411,"column":18}},"loc":{"start":{"line":412,"column":8},"end":{"line":415,"column":null}}},"35":{"name":"(anonymous_35)","decl":{"start":{"line":412,"column":20},"end":{"line":412,"column":21}},"loc":{"start":{"line":412,"column":34},"end":{"line":415,"column":10}}},"36":{"name":"(anonymous_36)","decl":{"start":{"line":425,"column":17},"end":{"line":425,"column":18}},"loc":{"start":{"line":426,"column":8},"end":{"line":429,"column":null}}},"37":{"name":"(anonymous_37)","decl":{"start":{"line":426,"column":20},"end":{"line":426,"column":21}},"loc":{"start":{"line":426,"column":34},"end":{"line":429,"column":10}}},"38":{"name":"(anonymous_38)","decl":{"start":{"line":439,"column":17},"end":{"line":439,"column":18}},"loc":{"start":{"line":440,"column":8},"end":{"line":443,"column":null}}},"39":{"name":"(anonymous_39)","decl":{"start":{"line":440,"column":20},"end":{"line":440,"column":21}},"loc":{"start":{"line":440,"column":34},"end":{"line":443,"column":10}}},"40":{"name":"(anonymous_40)","decl":{"start":{"line":448,"column":33},"end":{"line":448,"column":34}},"loc":{"start":{"line":449,"column":8},"end":{"line":451,"column":null}}},"41":{"name":"(anonymous_41)","decl":{"start":{"line":465,"column":38},"end":{"line":465,"column":39}},"loc":{"start":{"line":465,"column":49},"end":{"line":469,"column":9}}},"42":{"name":"(anonymous_42)","decl":{"start":{"line":473,"column":17},"end":{"line":473,"column":18}},"loc":{"start":{"line":474,"column":8},"end":{"line":477,"column":null}}},"43":{"name":"(anonymous_43)","decl":{"start":{"line":474,"column":20},"end":{"line":474,"column":21}},"loc":{"start":{"line":474,"column":34},"end":{"line":477,"column":10}}},"44":{"name":"(anonymous_44)","decl":{"start":{"line":506,"column":15},"end":{"line":506,"column":21}},"loc":{"start":{"line":506,"column":21},"end":{"line":506,"column":null}}}},"branchMap":{"0":{"loc":{"start":{"line":21,"column":30},"end":{"line":21,"column":50}},"type":"default-arg","locations":[{"start":{"line":21,"column":35},"end":{"line":21,"column":50}}]},"1":{"loc":{"start":{"line":62,"column":2},"end":{"line":64,"column":null}},"type":"binary-expr","locations":[{"start":{"line":62,"column":2},"end":{"line":62,"column":null}},{"start":{"line":63,"column":2},"end":{"line":63,"column":null}},{"start":{"line":64,"column":2},"end":{"line":64,"column":null}}]},"2":{"loc":{"start":{"line":66,"column":33},"end":{"line":66,"column":69}},"type":"binary-expr","locations":[{"start":{"line":66,"column":33},"end":{"line":66,"column":64}},{"start":{"line":66,"column":64},"end":{"line":66,"column":69}}]},"3":{"loc":{"start":{"line":68,"column":2},"end":{"line":70,"column":null}},"type":"binary-expr","locations":[{"start":{"line":68,"column":2},"end":{"line":68,"column":null}},{"start":{"line":69,"column":2},"end":{"line":69,"column":null}},{"start":{"line":70,"column":3},"end":{"line":70,"column":29}},{"start":{"line":70,"column":29},"end":{"line":70,"column":null}}]},"4":{"loc":{"start":{"line":73,"column":2},"end":{"line":75,"column":null}},"type":"if","locations":[{"start":{"line":73,"column":2},"end":{"line":75,"column":null}},{"start":{},"end":{}}]},"5":{"loc":{"start":{"line":87,"column":2},"end":{"line":89,"column":null}},"type":"if","locations":[{"start":{"line":87,"column":2},"end":{"line":89,"column":null}},{"start":{},"end":{}}]},"6":{"loc":{"start":{"line":102,"column":2},"end":{"line":105,"column":null}},"type":"if","locations":[{"start":{"line":102,"column":2},"end":{"line":105,"column":null}},{"start":{},"end":{}}]},"7":{"loc":{"start":{"line":119,"column":2},"end":{"line":123,"column":null}},"type":"binary-expr","locations":[{"start":{"line":119,"column":2},"end":{"line":123,"column":9}},{"start":{"line":123,"column":9},"end":{"line":123,"column":null}}]},"8":{"loc":{"start":{"line":160,"column":9},"end":{"line":162,"column":null}},"type":"cond-expr","locations":[{"start":{"line":161,"column":12},"end":{"line":161,"column":null}},{"start":{"line":162,"column":12},"end":{"line":162,"column":null}}]},"9":{"loc":{"start":{"line":184,"column":9},"end":{"line":184,"column":null}},"type":"binary-expr","locations":[{"start":{"line":184,"column":9},"end":{"line":184,"column":40}},{"start":{"line":184,"column":40},"end":{"line":184,"column":null}}]},"10":{"loc":{"start":{"line":187,"column":9},"end":{"line":187,"column":null}},"type":"binary-expr","locations":[{"start":{"line":187,"column":9},"end":{"line":187,"column":32}},{"start":{"line":187,"column":32},"end":{"line":187,"column":null}}]},"11":{"loc":{"start":{"line":195,"column":8},"end":{"line":226,"column":null}},"type":"cond-expr","locations":[{"start":{"line":196,"column":8},"end":{"line":225,"column":null}},{"start":{"line":226,"column":11},"end":{"line":226,"column":null}}]},"12":{"loc":{"start":{"line":209,"column":20},"end":{"line":209,"column":null}},"type":"binary-expr","locations":[{"start":{"line":209,"column":20},"end":{"line":209,"column":50}},{"start":{"line":209,"column":50},"end":{"line":209,"column":null}}]},"13":{"loc":{"start":{"line":237,"column":8},"end":{"line":241,"column":null}},"type":"cond-expr","locations":[{"start":{"line":238,"column":8},"end":{"line":240,"column":null}},{"start":{"line":241,"column":11},"end":{"line":241,"column":null}}]},"14":{"loc":{"start":{"line":263,"column":20},"end":{"line":263,"column":null}},"type":"binary-expr","locations":[{"start":{"line":263,"column":20},"end":{"line":263,"column":54}},{"start":{"line":263,"column":54},"end":{"line":263,"column":null}}]},"15":{"loc":{"start":{"line":269,"column":9},"end":{"line":273,"column":null}},"type":"cond-expr","locations":[{"start":{"line":270,"column":9},"end":{"line":272,"column":null}},{"start":{"line":273,"column":12},"end":{"line":273,"column":null}}]},"16":{"loc":{"start":{"line":459,"column":9},"end":{"line":461,"column":null}},"type":"cond-expr","locations":[{"start":{"line":460,"column":11},"end":{"line":460,"column":null}},{"start":{"line":461,"column":11},"end":{"line":461,"column":null}}]},"17":{"loc":{"start":{"line":482,"column":6},"end":{"line":486,"column":null}},"type":"cond-expr","locations":[{"start":{"line":483,"column":6},"end":{"line":485,"column":null}},{"start":{"line":486,"column":9},"end":{"line":486,"column":null}}]},"18":{"loc":{"start":{"line":487,"column":6},"end":{"line":491,"column":null}},"type":"cond-expr","locations":[{"start":{"line":488,"column":6},"end":{"line":490,"column":null}},{"start":{"line":491,"column":9},"end":{"line":491,"column":null}}]},"19":{"loc":{"start":{"line":498,"column":7},"end":{"line":498,"column":null}},"type":"binary-expr","locations":[{"start":{"line":498,"column":7},"end":{"line":498,"column":32}},{"start":{"line":498,"column":7},"end":{"line":498,"column":null}}]},"20":{"loc":{"start":{"line":498,"column":32},"end":{"line":498,"column":70}},"type":"binary-expr","locations":[{"start":{"line":498,"column":32},"end":{"line":498,"column":63}},{"start":{"line":498,"column":63},"end":{"line":498,"column":70}}]}},"s":{"0":1,"1":33,"2":33,"3":33,"4":33,"5":33,"6":33,"7":33,"8":33,"9":33,"10":33,"11":33,"12":33,"13":33,"14":33,"15":2,"16":0,"17":2,"18":2,"19":2,"20":33,"21":1,"22":0,"23":1,"24":1,"25":1,"26":33,"27":2,"28":2,"29":0,"30":0,"31":2,"32":2,"33":2,"34":2,"35":33,"36":52,"37":143,"38":33,"39":33,"40":2,"41":2,"42":75,"43":75,"44":1,"45":1,"46":2,"47":2,"48":2,"49":2,"50":297,"51":0,"52":1,"53":1,"54":73,"55":1,"56":0,"57":2,"58":2,"59":2,"60":2,"61":2,"62":2,"63":0,"64":0,"65":1,"66":1,"67":0,"68":0,"69":0,"70":0,"71":2,"72":2,"73":0,"74":0,"75":2,"76":2,"77":52,"78":73,"79":1,"80":1,"81":0},"f":{"0":33,"1":2,"2":1,"3":2,"4":52,"5":143,"6":2,"7":2,"8":75,"9":1,"10":1,"11":2,"12":2,"13":297,"14":0,"15":1,"16":1,"17":73,"18":1,"19":0,"20":2,"21":2,"22":2,"23":2,"24":2,"25":2,"26":0,"27":0,"28":1,"29":1,"30":0,"31":0,"32":0,"33":0,"34":2,"35":2,"36":0,"37":0,"38":2,"39":2,"40":52,"41":73,"42":1,"43":1,"44":0},"b":{"0":[33],"1":[33,6,4],"2":[33,0],"3":[33,6,6,4],"4":[0,2],"5":[0,1],"6":[0,2],"7":[33,0],"8":[33,42],"9":[33,0],"10":[33,0],"11":[33,0],"12":[2,0],"13":[33,0],"14":[73,0],"15":[225,72],"16":[25,8],"17":[4,29],"18":[0,33],"19":[33,3],"20":[3,0]}}
,"/home/paddy/kainban/packages/ui/src/KanbanColumn/kanban-column.tsx": {"path":"/home/paddy/kainban/packages/ui/src/KanbanColumn/kanban-column.tsx","statementMap":{"0":{"start":{"line":17,"column":28},"end":{"line":50,"column":null}},"1":{"start":{"line":27,"column":1},"end":{"line":48,"column":null}}},"fnMap":{"0":{"name":"(anonymous_0)","decl":{"start":{"line":17,"column":28},"end":{"line":17,"column":29}},"loc":{"start":{"line":26,"column":25},"end":{"line":50,"column":null}}}},"branchMap":{"0":{"loc":{"start":{"line":32,"column":4},"end":{"line":32,"column":null}},"type":"binary-expr","locations":[{"start":{"line":32,"column":4},"end":{"line":32,"column":26}},{"start":{"line":32,"column":26},"end":{"line":32,"column":null}}]}},"s":{"0":2,"1":299},"f":{"0":299},"b":{"0":[299,2]}}
,"/home/paddy/kainban/packages/ui/src/KanbanTaskCard/kanban-task-card.tsx": {"path":"/home/paddy/kainban/packages/ui/src/KanbanTaskCard/kanban-task-card.tsx","statementMap":{"0":{"start":{"line":14,"column":30},"end":{"line":50,"column":null}},"1":{"start":{"line":21,"column":1},"end":{"line":48,"column":null}}},"fnMap":{"0":{"name":"(anonymous_0)","decl":{"start":{"line":14,"column":30},"end":{"line":14,"column":31}},"loc":{"start":{"line":20,"column":27},"end":{"line":50,"column":null}}}},"branchMap":{"0":{"loc":{"start":{"line":36,"column":4},"end":{"line":37,"column":null}},"type":"binary-expr","locations":[{"start":{"line":36,"column":4},"end":{"line":36,"column":null}},{"start":{"line":37,"column":4},"end":{"line":37,"column":null}}]},"1":{"loc":{"start":{"line":39,"column":4},"end":{"line":46,"column":null}},"type":"cond-expr","locations":[{"start":{"line":40,"column":4},"end":{"line":42,"column":null}},{"start":{"line":44,"column":4},"end":{"line":46,"column":null}}]}},"s":{"0":2,"1":75},"f":{"0":75},"b":{"0":[75,72],"1":[49,26]}}
,"/home/paddy/kainban/packages/ui/src/Modal/modal.tsx": {"path":"/home/paddy/kainban/packages/ui/src/Modal/modal.tsx","statementMap":{"0":{"start":{"line":13,"column":21},"end":{"line":67,"column":null}},"1":{"start":{"line":20,"column":1},"end":{"line":22,"column":null}},"2":{"start":{"line":21,"column":2},"end":{"line":21,"column":null}},"3":{"start":{"line":24,"column":29},"end":{"line":28,"column":null}},"4":{"start":{"line":25,"column":2},"end":{"line":27,"column":null}},"5":{"start":{"line":26,"column":3},"end":{"line":26,"column":null}},"6":{"start":{"line":30,"column":1},"end":{"line":65,"column":null}}},"fnMap":{"0":{"name":"(anonymous_0)","decl":{"start":{"line":13,"column":21},"end":{"line":13,"column":22}},"loc":{"start":{"line":19,"column":18},"end":{"line":67,"column":null}}},"1":{"name":"(anonymous_1)","decl":{"start":{"line":24,"column":29},"end":{"line":24,"column":30}},"loc":{"start":{"line":24,"column":68},"end":{"line":28,"column":null}}}},"branchMap":{"0":{"loc":{"start":{"line":20,"column":1},"end":{"line":22,"column":null}},"type":"if","locations":[{"start":{"line":20,"column":1},"end":{"line":22,"column":null}},{"start":{},"end":{}}]},"1":{"loc":{"start":{"line":25,"column":2},"end":{"line":27,"column":null}},"type":"if","locations":[{"start":{"line":25,"column":2},"end":{"line":27,"column":null}},{"start":{},"end":{}}]},"2":{"loc":{"start":{"line":35,"column":21},"end":{"line":35,"column":null}},"type":"cond-expr","locations":[{"start":{"line":35,"column":35},"end":{"line":35,"column":57}},{"start":{"line":35,"column":57},"end":{"line":35,"column":null}}]},"3":{"loc":{"start":{"line":48,"column":7},"end":{"line":52,"column":null}},"type":"cond-expr","locations":[{"start":{"line":49,"column":7},"end":{"line":51,"column":null}},{"start":{"line":52,"column":10},"end":{"line":52,"column":null}}]}},"s":{"0":2,"1":102,"2":82,"3":20,"4":8,"5":1,"6":20},"f":{"0":102,"1":8},"b":{"0":[82,20],"1":[1,7],"2":[19,1],"3":[19,1]}}
,"/home/paddy/kainban/packages/ui/src/style/definition.ts": {"path":"/home/paddy/kainban/packages/ui/src/style/definition.ts","statementMap":{"0":{"start":{"line":1,"column":23},"end":{"line":20,"column":null}}},"fnMap":{},"branchMap":{},"s":{"0":1},"f":{},"b":{}}
}
