{"/home/paddy/kainban/packages/ui/src/Button/button.tsx": {"path":"/home/paddy/kainban/packages/ui/src/Button/button.tsx","statementMap":{"0":{"start":{"line":7,"column":15},"end":{"line":43,"column":null}},"1":{"start":{"line":49,"column":39},"end":{"line":60,"column":null}},"2":{"start":{"line":56,"column":1},"end":{"line":60,"column":null}}},"fnMap":{"0":{"name":"(anonymous_0)","decl":{"start":{"line":49,"column":39},"end":{"line":49,"column":40}},"loc":{"start":{"line":56,"column":1},"end":{"line":60,"column":null}}}},"branchMap":{"0":{"loc":{"start":{"line":58,"column":12},"end":{"line":58,"column":null}},"type":"binary-expr","locations":[{"start":{"line":58,"column":12},"end":{"line":58,"column":24}},{"start":{"line":58,"column":24},"end":{"line":58,"column":null}}]}},"s":{"0":1,"1":1,"2":242},"f":{"0":242},"b":{"0":[242,222]}}
,"/home/paddy/kainban/packages/ui/src/DependencyAutocomplete/dependency-autocomplete.tsx": {"path":"/home/paddy/kainban/packages/ui/src/DependencyAutocomplete/dependency-autocomplete.tsx","statementMap":{"0":{"start":{"line":18,"column":38},"end":{"line":96,"column":null}},"1":{"start":{"line":26,"column":26},"end":{"line":26,"column":null}},"2":{"start":{"line":27,"column":25},"end":{"line":29,"column":null}},"3":{"start":{"line":28,"column":2},"end":{"line":28,"column":null}},"4":{"start":{"line":30,"column":26},"end":{"line":37,"column":null}},"5":{"start":{"line":32,"column":3},"end":{"line":36,"column":null}},"6":{"start":{"line":39,"column":1},"end":{"line":94,"column":null}},"7":{"start":{"line":43,"column":25},"end":{"line":43,"column":null}},"8":{"start":{"line":50,"column":6},"end":{"line":61,"column":null}},"9":{"start":{"line":54,"column":8},"end":{"line":56,"column":null}},"10":{"start":{"line":55,"column":44},"end":{"line":55,"column":68}},"11":{"start":{"line":68,"column":6},"end":{"line":86,"column":null}},"12":{"start":{"line":72,"column":8},"end":{"line":72,"column":null}},"13":{"start":{"line":73,"column":8},"end":{"line":73,"column":null}}},"fnMap":{"0":{"name":"(anonymous_0)","decl":{"start":{"line":18,"column":38},"end":{"line":18,"column":39}},"loc":{"start":{"line":25,"column":35},"end":{"line":96,"column":null}}},"1":{"name":"(anonymous_1)","decl":{"start":{"line":27,"column":40},"end":{"line":27,"column":41}},"loc":{"start":{"line":28,"column":2},"end":{"line":28,"column":null}}},"2":{"name":"(anonymous_2)","decl":{"start":{"line":31,"column":2},"end":{"line":31,"column":3}},"loc":{"start":{"line":32,"column":3},"end":{"line":36,"column":null}}},"3":{"name":"(anonymous_3)","decl":{"start":{"line":43,"column":14},"end":{"line":43,"column":15}},"loc":{"start":{"line":43,"column":25},"end":{"line":43,"column":null}}},"4":{"name":"(anonymous_4)","decl":{"start":{"line":49,"column":26},"end":{"line":49,"column":27}},"loc":{"start":{"line":50,"column":6},"end":{"line":61,"column":null}}},"5":{"name":"(anonymous_5)","decl":{"start":{"line":53,"column":16},"end":{"line":53,"column":null}},"loc":{"start":{"line":54,"column":8},"end":{"line":56,"column":null}}},"6":{"name":"(anonymous_6)","decl":{"start":{"line":55,"column":28},"end":{"line":55,"column":29}},"loc":{"start":{"line":55,"column":44},"end":{"line":55,"column":68}}},"7":{"name":"(anonymous_7)","decl":{"start":{"line":67,"column":26},"end":{"line":67,"column":27}},"loc":{"start":{"line":68,"column":6},"end":{"line":86,"column":null}}},"8":{"name":"(anonymous_8)","decl":{"start":{"line":71,"column":16},"end":{"line":71,"column":22}},"loc":{"start":{"line":71,"column":22},"end":{"line":74,"column":null}}}},"branchMap":{"0":{"loc":{"start":{"line":21,"column":1},"end":{"line":21,"column":null}},"type":"default-arg","locations":[{"start":{"line":21,"column":15},"end":{"line":21,"column":null}}]},"1":{"loc":{"start":{"line":32,"column":3},"end":{"line":36,"column":null}},"type":"binary-expr","locations":[{"start":{"line":32,"column":3},"end":{"line":32,"column":null}},{"start":{"line":33,"column":4},"end":{"line":33,"column":null}},{"start":{"line":34,"column":4},"end":{"line":34,"column":null}},{"start":{"line":35,"column":4},"end":{"line":35,"column":null}},{"start":{"line":36,"column":4},"end":{"line":36,"column":null}}]},"2":{"loc":{"start":{"line":47,"column":4},"end":{"line":64,"column":null}},"type":"cond-expr","locations":[{"start":{"line":48,"column":4},"end":{"line":63,"column":null}},{"start":{"line":64,"column":7},"end":{"line":64,"column":null}}]},"3":{"loc":{"start":{"line":66,"column":5},"end":{"line":91,"column":null}},"type":"cond-expr","locations":[{"start":{"line":67,"column":5},"end":{"line":87,"column":null}},{"start":{"line":89,"column":5},"end":{"line":91,"column":null}}]},"4":{"loc":{"start":{"line":81,"column":8},"end":{"line":85,"column":null}},"type":"cond-expr","locations":[{"start":{"line":82,"column":8},"end":{"line":84,"column":null}},{"start":{"line":85,"column":11},"end":{"line":85,"column":null}}]}},"s":{"0":2,"1":17,"2":17,"3":32,"4":17,"5":32,"6":17,"7":2,"8":3,"9":1,"10":1,"11":27,"12":3,"13":3},"f":{"0":17,"1":32,"2":32,"3":2,"4":3,"5":1,"6":1,"7":27,"8":3},"b":{"0":[4],"1":[32,29,6,6,3],"2":[3,14],"3":[13,4],"4":[25,2]}}
,"/home/paddy/kainban/packages/ui/src/EpicList/epic-list.tsx": {"path":"/home/paddy/kainban/packages/ui/src/EpicList/epic-list.tsx","statementMap":{"0":{"start":{"line":14,"column":24},"end":{"line":50,"column":null}},"1":{"start":{"line":15,"column":1},"end":{"line":21,"column":null}},"2":{"start":{"line":16,"column":2},"end":{"line":19,"column":null}},"3":{"start":{"line":23,"column":1},"end":{"line":48,"column":null}},"4":{"start":{"line":26,"column":4},"end":{"line":46,"column":null}}},"fnMap":{"0":{"name":"(anonymous_0)","decl":{"start":{"line":14,"column":24},"end":{"line":14,"column":25}},"loc":{"start":{"line":14,"column":54},"end":{"line":50,"column":null}}},"1":{"name":"(anonymous_1)","decl":{"start":{"line":25,"column":14},"end":{"line":25,"column":15}},"loc":{"start":{"line":26,"column":4},"end":{"line":46,"column":null}}}},"branchMap":{"0":{"loc":{"start":{"line":15,"column":1},"end":{"line":21,"column":null}},"type":"if","locations":[{"start":{"line":15,"column":1},"end":{"line":21,"column":null}},{"start":{},"end":{}}]},"1":{"loc":{"start":{"line":43,"column":6},"end":{"line":45,"column":null}},"type":"cond-expr","locations":[{"start":{"line":44,"column":6},"end":{"line":44,"column":null}},{"start":{"line":45,"column":9},"end":{"line":45,"column":null}}]}},"s":{"0":2,"1":64,"2":6,"3":58,"4":109},"f":{"0":64,"1":109},"b":{"0":[6,58],"1":[104,5]}}
,"/home/paddy/kainban/packages/ui/src/KanbanBoard/kanban-board.tsx": {"path":"/home/paddy/kainban/packages/ui/src/KanbanBoard/kanban-board.tsx","statementMap":{"0":{"start":{"line":48,"column":27},"end":{"line":622,"column":null}},"1":{"start":{"line":59,"column":55},"end":{"line":59,"column":null}},"2":{"start":{"line":60,"column":49},"end":{"line":60,"column":null}},"3":{"start":{"line":61,"column":49},"end":{"line":61,"column":null}},"4":{"start":{"line":62,"column":39},"end":{"line":66,"column":null}},"5":{"start":{"line":67,"column":33},"end":{"line":70,"column":null}},"6":{"start":{"line":71,"column":33},"end":{"line":76,"column":null}},"7":{"start":{"line":77,"column":49},"end":{"line":77,"column":null}},"8":{"start":{"line":78,"column":43},"end":{"line":78,"column":null}},"9":{"start":{"line":79,"column":49},"end":{"line":79,"column":null}},"10":{"start":{"line":80,"column":43},"end":{"line":80,"column":null}},"11":{"start":{"line":101,"column":5},"end":{"line":101,"column":null}},"12":{"start":{"line":103,"column":27},"end":{"line":103,"column":null}},"13":{"start":{"line":104,"column":24},"end":{"line":104,"column":null}},"14":{"start":{"line":105,"column":24},"end":{"line":105,"column":null}},"15":{"start":{"line":106,"column":26},"end":{"line":106,"column":null}},"16":{"start":{"line":107,"column":30},"end":{"line":107,"column":null}},"17":{"start":{"line":108,"column":7},"end":{"line":108,"column":null}},"18":{"start":{"line":109,"column":30},"end":{"line":109,"column":null}},"19":{"start":{"line":111,"column":29},"end":{"line":140,"column":null}},"20":{"start":{"line":112,"column":2},"end":{"line":114,"column":null}},"21":{"start":{"line":113,"column":3},"end":{"line":113,"column":null}},"22":{"start":{"line":116,"column":2},"end":{"line":132,"column":null}},"23":{"start":{"line":117,"column":3},"end":{"line":117,"column":null}},"24":{"start":{"line":119,"column":3},"end":{"line":124,"column":null}},"25":{"start":{"line":120,"column":27},"end":{"line":120,"column":null}},"26":{"start":{"line":121,"column":4},"end":{"line":121,"column":null}},"27":{"start":{"line":123,"column":4},"end":{"line":123,"column":null}},"28":{"start":{"line":126,"column":3},"end":{"line":130,"column":null}},"29":{"start":{"line":131,"column":3},"end":{"line":131,"column":null}},"30":{"start":{"line":134,"column":2},"end":{"line":138,"column":null}},"31":{"start":{"line":139,"column":2},"end":{"line":139,"column":null}},"32":{"start":{"line":142,"column":26},"end":{"line":167,"column":null}},"33":{"start":{"line":143,"column":2},"end":{"line":145,"column":null}},"34":{"start":{"line":144,"column":3},"end":{"line":144,"column":null}},"35":{"start":{"line":147,"column":2},"end":{"line":160,"column":null}},"36":{"start":{"line":148,"column":3},"end":{"line":148,"column":null}},"37":{"start":{"line":150,"column":3},"end":{"line":154,"column":null}},"38":{"start":{"line":151,"column":4},"end":{"line":151,"column":null}},"39":{"start":{"line":153,"column":4},"end":{"line":153,"column":null}},"40":{"start":{"line":156,"column":3},"end":{"line":158,"column":null}},"41":{"start":{"line":159,"column":3},"end":{"line":159,"column":null}},"42":{"start":{"line":162,"column":2},"end":{"line":165,"column":null}},"43":{"start":{"line":166,"column":2},"end":{"line":166,"column":null}},"44":{"start":{"line":169,"column":26},"end":{"line":212,"column":null}},"45":{"start":{"line":170,"column":21},"end":{"line":170,"column":null}},"46":{"start":{"line":172,"column":2},"end":{"line":175,"column":null}},"47":{"start":{"line":173,"column":3},"end":{"line":173,"column":null}},"48":{"start":{"line":174,"column":3},"end":{"line":174,"column":null}},"49":{"start":{"line":177,"column":2},"end":{"line":201,"column":null}},"50":{"start":{"line":178,"column":3},"end":{"line":195,"column":null}},"51":{"start":{"line":179,"column":4},"end":{"line":179,"column":null}},"52":{"start":{"line":180,"column":4},"end":{"line":187,"column":null}},"53":{"start":{"line":189,"column":20},"end":{"line":189,"column":null}},"54":{"start":{"line":191,"column":4},"end":{"line":194,"column":null}},"55":{"start":{"line":192,"column":5},"end":{"line":192,"column":null}},"56":{"start":{"line":193,"column":5},"end":{"line":193,"column":null}},"57":{"start":{"line":197,"column":3},"end":{"line":199,"column":null}},"58":{"start":{"line":200,"column":3},"end":{"line":200,"column":null}},"59":{"start":{"line":203,"column":2},"end":{"line":208,"column":null}},"60":{"start":{"line":209,"column":2},"end":{"line":209,"column":null}},"61":{"start":{"line":210,"column":2},"end":{"line":210,"column":null}},"62":{"start":{"line":211,"column":2},"end":{"line":211,"column":null}},"63":{"start":{"line":215,"column":2},"end":{"line":219,"column":null}},"64":{"start":{"line":215,"column":38},"end":{"line":219,"column":4}},"65":{"start":{"line":217,"column":51},"end":{"line":217,"column":74}},"66":{"start":{"line":220,"column":27},"end":{"line":220,"column":null}},"67":{"start":{"line":222,"column":1},"end":{"line":620,"column":null}},"68":{"start":{"line":238,"column":21},"end":{"line":238,"column":null}},"69":{"start":{"line":238,"column":57},"end":{"line":238,"column":65}},"70":{"start":{"line":248,"column":30},"end":{"line":248,"column":null}},"71":{"start":{"line":250,"column":6},"end":{"line":270,"column":null}},"72":{"start":{"line":254,"column":23},"end":{"line":254,"column":null}},"73":{"start":{"line":296,"column":25},"end":{"line":296,"column":null}},"74":{"start":{"line":303,"column":11},"end":{"line":306,"column":null}},"75":{"start":{"line":303,"column":37},"end":{"line":306,"column":13}},"76":{"start":{"line":307,"column":11},"end":{"line":307,"column":null}},"77":{"start":{"line":308,"column":11},"end":{"line":308,"column":null}},"78":{"start":{"line":343,"column":7},"end":{"line":370,"column":null}},"79":{"start":{"line":349,"column":27},"end":{"line":349,"column":null}},"80":{"start":{"line":350,"column":31},"end":{"line":350,"column":null}},"81":{"start":{"line":351,"column":27},"end":{"line":351,"column":null}},"82":{"start":{"line":356,"column":9},"end":{"line":363,"column":null}},"83":{"start":{"line":361,"column":34},"end":{"line":361,"column":null}},"84":{"start":{"line":377,"column":19},"end":{"line":377,"column":null}},"85":{"start":{"line":387,"column":8},"end":{"line":390,"column":null}},"86":{"start":{"line":387,"column":37},"end":{"line":390,"column":10}},"87":{"start":{"line":401,"column":8},"end":{"line":404,"column":null}},"88":{"start":{"line":401,"column":37},"end":{"line":404,"column":10}},"89":{"start":{"line":416,"column":8},"end":{"line":419,"column":null}},"90":{"start":{"line":416,"column":37},"end":{"line":419,"column":10}},"91":{"start":{"line":437,"column":21},"end":{"line":437,"column":null}},"92":{"start":{"line":450,"column":19},"end":{"line":450,"column":null}},"93":{"start":{"line":460,"column":8},"end":{"line":463,"column":null}},"94":{"start":{"line":460,"column":34},"end":{"line":463,"column":10}},"95":{"start":{"line":474,"column":8},"end":{"line":477,"column":null}},"96":{"start":{"line":474,"column":34},"end":{"line":477,"column":10}},"97":{"start":{"line":495,"column":21},"end":{"line":495,"column":null}},"98":{"start":{"line":508,"column":19},"end":{"line":508,"column":null}},"99":{"start":{"line":518,"column":8},"end":{"line":521,"column":null}},"100":{"start":{"line":518,"column":34},"end":{"line":521,"column":10}},"101":{"start":{"line":532,"column":8},"end":{"line":535,"column":null}},"102":{"start":{"line":532,"column":34},"end":{"line":535,"column":10}},"103":{"start":{"line":546,"column":8},"end":{"line":549,"column":null}},"104":{"start":{"line":546,"column":34},"end":{"line":549,"column":10}},"105":{"start":{"line":555,"column":8},"end":{"line":557,"column":null}},"106":{"start":{"line":571,"column":49},"end":{"line":575,"column":9}},"107":{"start":{"line":580,"column":8},"end":{"line":583,"column":null}},"108":{"start":{"line":580,"column":34},"end":{"line":583,"column":10}},"109":{"start":{"line":614,"column":21},"end":{"line":614,"column":null}}},"fnMap":{"0":{"name":"(anonymous_0)","decl":{"start":{"line":48,"column":27},"end":{"line":48,"column":28}},"loc":{"start":{"line":58,"column":24},"end":{"line":622,"column":null}}},"1":{"name":"(anonymous_1)","decl":{"start":{"line":111,"column":29},"end":{"line":111,"column":41}},"loc":{"start":{"line":111,"column":41},"end":{"line":140,"column":null}}},"2":{"name":"(anonymous_2)","decl":{"start":{"line":142,"column":26},"end":{"line":142,"column":38}},"loc":{"start":{"line":142,"column":38},"end":{"line":167,"column":null}}},"3":{"name":"(anonymous_3)","decl":{"start":{"line":169,"column":26},"end":{"line":169,"column":38}},"loc":{"start":{"line":169,"column":38},"end":{"line":212,"column":null}}},"4":{"name":"(anonymous_4)","decl":{"start":{"line":215,"column":27},"end":{"line":215,"column":28}},"loc":{"start":{"line":215,"column":38},"end":{"line":219,"column":4}}},"5":{"name":"(anonymous_5)","decl":{"start":{"line":217,"column":41},"end":{"line":217,"column":42}},"loc":{"start":{"line":217,"column":51},"end":{"line":217,"column":74}}},"6":{"name":"(anonymous_6)","decl":{"start":{"line":238,"column":15},"end":{"line":238,"column":21}},"loc":{"start":{"line":238,"column":21},"end":{"line":238,"column":null}}},"7":{"name":"(anonymous_7)","decl":{"start":{"line":238,"column":44},"end":{"line":238,"column":45}},"loc":{"start":{"line":238,"column":57},"end":{"line":238,"column":65}}},"8":{"name":"(anonymous_8)","decl":{"start":{"line":247,"column":19},"end":{"line":247,"column":20}},"loc":{"start":{"line":247,"column":32},"end":{"line":272,"column":6}}},"9":{"name":"(anonymous_9)","decl":{"start":{"line":254,"column":17},"end":{"line":254,"column":23}},"loc":{"start":{"line":254,"column":23},"end":{"line":254,"column":null}}},"10":{"name":"(anonymous_10)","decl":{"start":{"line":296,"column":19},"end":{"line":296,"column":25}},"loc":{"start":{"line":296,"column":25},"end":{"line":296,"column":null}}},"11":{"name":"(anonymous_11)","decl":{"start":{"line":302,"column":19},"end":{"line":302,"column":25}},"loc":{"start":{"line":302,"column":25},"end":{"line":309,"column":null}}},"12":{"name":"(anonymous_12)","decl":{"start":{"line":303,"column":23},"end":{"line":303,"column":24}},"loc":{"start":{"line":303,"column":37},"end":{"line":306,"column":13}}},"13":{"name":"(anonymous_13)","decl":{"start":{"line":342,"column":30},"end":{"line":342,"column":31}},"loc":{"start":{"line":343,"column":7},"end":{"line":370,"column":null}}},"14":{"name":"(anonymous_14)","decl":{"start":{"line":349,"column":21},"end":{"line":349,"column":27}},"loc":{"start":{"line":349,"column":27},"end":{"line":349,"column":null}}},"15":{"name":"(anonymous_15)","decl":{"start":{"line":350,"column":20},"end":{"line":350,"column":21}},"loc":{"start":{"line":350,"column":31},"end":{"line":350,"column":null}}},"16":{"name":"(anonymous_16)","decl":{"start":{"line":351,"column":16},"end":{"line":351,"column":17}},"loc":{"start":{"line":351,"column":27},"end":{"line":351,"column":null}}},"17":{"name":"(anonymous_17)","decl":{"start":{"line":355,"column":42},"end":{"line":355,"column":43}},"loc":{"start":{"line":356,"column":9},"end":{"line":363,"column":null}}},"18":{"name":"(anonymous_18)","decl":{"start":{"line":361,"column":23},"end":{"line":361,"column":24}},"loc":{"start":{"line":361,"column":34},"end":{"line":361,"column":null}}},"19":{"name":"(anonymous_19)","decl":{"start":{"line":377,"column":13},"end":{"line":377,"column":19}},"loc":{"start":{"line":377,"column":19},"end":{"line":377,"column":null}}},"20":{"name":"(anonymous_20)","decl":{"start":{"line":386,"column":17},"end":{"line":386,"column":18}},"loc":{"start":{"line":387,"column":8},"end":{"line":390,"column":null}}},"21":{"name":"(anonymous_21)","decl":{"start":{"line":387,"column":23},"end":{"line":387,"column":24}},"loc":{"start":{"line":387,"column":37},"end":{"line":390,"column":10}}},"22":{"name":"(anonymous_22)","decl":{"start":{"line":400,"column":17},"end":{"line":400,"column":18}},"loc":{"start":{"line":401,"column":8},"end":{"line":404,"column":null}}},"23":{"name":"(anonymous_23)","decl":{"start":{"line":401,"column":23},"end":{"line":401,"column":24}},"loc":{"start":{"line":401,"column":37},"end":{"line":404,"column":10}}},"24":{"name":"(anonymous_24)","decl":{"start":{"line":415,"column":17},"end":{"line":415,"column":18}},"loc":{"start":{"line":416,"column":8},"end":{"line":419,"column":null}}},"25":{"name":"(anonymous_25)","decl":{"start":{"line":416,"column":23},"end":{"line":416,"column":24}},"loc":{"start":{"line":416,"column":37},"end":{"line":419,"column":10}}},"26":{"name":"(anonymous_26)","decl":{"start":{"line":437,"column":15},"end":{"line":437,"column":21}},"loc":{"start":{"line":437,"column":21},"end":{"line":437,"column":null}}},"27":{"name":"(anonymous_27)","decl":{"start":{"line":450,"column":13},"end":{"line":450,"column":19}},"loc":{"start":{"line":450,"column":19},"end":{"line":450,"column":null}}},"28":{"name":"(anonymous_28)","decl":{"start":{"line":459,"column":17},"end":{"line":459,"column":18}},"loc":{"start":{"line":460,"column":8},"end":{"line":463,"column":null}}},"29":{"name":"(anonymous_29)","decl":{"start":{"line":460,"column":20},"end":{"line":460,"column":21}},"loc":{"start":{"line":460,"column":34},"end":{"line":463,"column":10}}},"30":{"name":"(anonymous_30)","decl":{"start":{"line":473,"column":17},"end":{"line":473,"column":18}},"loc":{"start":{"line":474,"column":8},"end":{"line":477,"column":null}}},"31":{"name":"(anonymous_31)","decl":{"start":{"line":474,"column":20},"end":{"line":474,"column":21}},"loc":{"start":{"line":474,"column":34},"end":{"line":477,"column":10}}},"32":{"name":"(anonymous_32)","decl":{"start":{"line":495,"column":15},"end":{"line":495,"column":21}},"loc":{"start":{"line":495,"column":21},"end":{"line":495,"column":null}}},"33":{"name":"(anonymous_33)","decl":{"start":{"line":508,"column":13},"end":{"line":508,"column":19}},"loc":{"start":{"line":508,"column":19},"end":{"line":508,"column":null}}},"34":{"name":"(anonymous_34)","decl":{"start":{"line":517,"column":17},"end":{"line":517,"column":18}},"loc":{"start":{"line":518,"column":8},"end":{"line":521,"column":null}}},"35":{"name":"(anonymous_35)","decl":{"start":{"line":518,"column":20},"end":{"line":518,"column":21}},"loc":{"start":{"line":518,"column":34},"end":{"line":521,"column":10}}},"36":{"name":"(anonymous_36)","decl":{"start":{"line":531,"column":17},"end":{"line":531,"column":18}},"loc":{"start":{"line":532,"column":8},"end":{"line":535,"column":null}}},"37":{"name":"(anonymous_37)","decl":{"start":{"line":532,"column":20},"end":{"line":532,"column":21}},"loc":{"start":{"line":532,"column":34},"end":{"line":535,"column":10}}},"38":{"name":"(anonymous_38)","decl":{"start":{"line":545,"column":17},"end":{"line":545,"column":18}},"loc":{"start":{"line":546,"column":8},"end":{"line":549,"column":null}}},"39":{"name":"(anonymous_39)","decl":{"start":{"line":546,"column":20},"end":{"line":546,"column":21}},"loc":{"start":{"line":546,"column":34},"end":{"line":549,"column":10}}},"40":{"name":"(anonymous_40)","decl":{"start":{"line":554,"column":33},"end":{"line":554,"column":34}},"loc":{"start":{"line":555,"column":8},"end":{"line":557,"column":null}}},"41":{"name":"(anonymous_41)","decl":{"start":{"line":571,"column":38},"end":{"line":571,"column":39}},"loc":{"start":{"line":571,"column":49},"end":{"line":575,"column":9}}},"42":{"name":"(anonymous_42)","decl":{"start":{"line":579,"column":17},"end":{"line":579,"column":18}},"loc":{"start":{"line":580,"column":8},"end":{"line":583,"column":null}}},"43":{"name":"(anonymous_43)","decl":{"start":{"line":580,"column":20},"end":{"line":580,"column":21}},"loc":{"start":{"line":580,"column":34},"end":{"line":583,"column":10}}},"44":{"name":"(anonymous_44)","decl":{"start":{"line":614,"column":15},"end":{"line":614,"column":21}},"loc":{"start":{"line":614,"column":21},"end":{"line":614,"column":null}}}},"branchMap":{"0":{"loc":{"start":{"line":49,"column":1},"end":{"line":49,"column":null}},"type":"default-arg","locations":[{"start":{"line":49,"column":6},"end":{"line":49,"column":null}}]},"1":{"loc":{"start":{"line":51,"column":1},"end":{"line":51,"column":null}},"type":"default-arg","locations":[{"start":{"line":51,"column":18},"end":{"line":51,"column":null}}]},"2":{"loc":{"start":{"line":52,"column":1},"end":{"line":52,"column":null}},"type":"default-arg","locations":[{"start":{"line":52,"column":21},"end":{"line":52,"column":null}}]},"3":{"loc":{"start":{"line":53,"column":1},"end":{"line":53,"column":null}},"type":"default-arg","locations":[{"start":{"line":53,"column":18},"end":{"line":53,"column":null}}]},"4":{"loc":{"start":{"line":108,"column":33},"end":{"line":108,"column":69}},"type":"binary-expr","locations":[{"start":{"line":108,"column":33},"end":{"line":108,"column":64}},{"start":{"line":108,"column":64},"end":{"line":108,"column":69}}]},"5":{"loc":{"start":{"line":112,"column":2},"end":{"line":114,"column":null}},"type":"if","locations":[{"start":{"line":112,"column":2},"end":{"line":114,"column":null}},{"start":{},"end":{}}]},"6":{"loc":{"start":{"line":119,"column":3},"end":{"line":124,"column":null}},"type":"if","locations":[{"start":{"line":119,"column":3},"end":{"line":124,"column":null}},{"start":{"line":122,"column":10},"end":{"line":124,"column":null}}]},"7":{"loc":{"start":{"line":127,"column":4},"end":{"line":129,"column":null}},"type":"cond-expr","locations":[{"start":{"line":128,"column":7},"end":{"line":128,"column":null}},{"start":{"line":129,"column":7},"end":{"line":129,"column":null}}]},"8":{"loc":{"start":{"line":143,"column":2},"end":{"line":145,"column":null}},"type":"if","locations":[{"start":{"line":143,"column":2},"end":{"line":145,"column":null}},{"start":{},"end":{}}]},"9":{"loc":{"start":{"line":143,"column":6},"end":{"line":143,"column":46}},"type":"binary-expr","locations":[{"start":{"line":143,"column":6},"end":{"line":143,"column":30}},{"start":{"line":143,"column":30},"end":{"line":143,"column":46}}]},"10":{"loc":{"start":{"line":150,"column":3},"end":{"line":154,"column":null}},"type":"if","locations":[{"start":{"line":150,"column":3},"end":{"line":154,"column":null}},{"start":{"line":152,"column":10},"end":{"line":154,"column":null}}]},"11":{"loc":{"start":{"line":157,"column":4},"end":{"line":157,"column":null}},"type":"cond-expr","locations":[{"start":{"line":157,"column":29},"end":{"line":157,"column":45}},{"start":{"line":157,"column":45},"end":{"line":157,"column":null}}]},"12":{"loc":{"start":{"line":172,"column":2},"end":{"line":175,"column":null}},"type":"if","locations":[{"start":{"line":172,"column":2},"end":{"line":175,"column":null}},{"start":{},"end":{}}]},"13":{"loc":{"start":{"line":178,"column":3},"end":{"line":195,"column":null}},"type":"if","locations":[{"start":{"line":178,"column":3},"end":{"line":195,"column":null}},{"start":{"line":188,"column":10},"end":{"line":195,"column":null}}]},"14":{"loc":{"start":{"line":178,"column":7},"end":{"line":178,"column":38}},"type":"binary-expr","locations":[{"start":{"line":178,"column":7},"end":{"line":178,"column":23}},{"start":{"line":178,"column":23},"end":{"line":178,"column":38}}]},"15":{"loc":{"start":{"line":191,"column":4},"end":{"line":194,"column":null}},"type":"if","locations":[{"start":{"line":191,"column":4},"end":{"line":194,"column":null}},{"start":{},"end":{}}]},"16":{"loc":{"start":{"line":198,"column":4},"end":{"line":198,"column":null}},"type":"cond-expr","locations":[{"start":{"line":198,"column":29},"end":{"line":198,"column":45}},{"start":{"line":198,"column":45},"end":{"line":198,"column":null}}]},"17":{"loc":{"start":{"line":215,"column":2},"end":{"line":219,"column":null}},"type":"binary-expr","locations":[{"start":{"line":215,"column":2},"end":{"line":219,"column":9}},{"start":{"line":219,"column":9},"end":{"line":219,"column":null}}]},"18":{"loc":{"start":{"line":256,"column":9},"end":{"line":258,"column":null}},"type":"cond-expr","locations":[{"start":{"line":257,"column":12},"end":{"line":257,"column":null}},{"start":{"line":258,"column":12},"end":{"line":258,"column":null}}]},"19":{"loc":{"start":{"line":280,"column":9},"end":{"line":280,"column":null}},"type":"binary-expr","locations":[{"start":{"line":280,"column":9},"end":{"line":280,"column":40}},{"start":{"line":280,"column":40},"end":{"line":280,"column":null}}]},"20":{"loc":{"start":{"line":283,"column":9},"end":{"line":283,"column":null}},"type":"binary-expr","locations":[{"start":{"line":283,"column":9},"end":{"line":283,"column":32}},{"start":{"line":283,"column":32},"end":{"line":283,"column":null}}]},"21":{"loc":{"start":{"line":291,"column":8},"end":{"line":322,"column":null}},"type":"cond-expr","locations":[{"start":{"line":292,"column":8},"end":{"line":321,"column":null}},{"start":{"line":322,"column":11},"end":{"line":322,"column":null}}]},"22":{"loc":{"start":{"line":305,"column":20},"end":{"line":305,"column":null}},"type":"binary-expr","locations":[{"start":{"line":305,"column":20},"end":{"line":305,"column":50}},{"start":{"line":305,"column":50},"end":{"line":305,"column":null}}]},"23":{"loc":{"start":{"line":333,"column":8},"end":{"line":337,"column":null}},"type":"cond-expr","locations":[{"start":{"line":334,"column":8},"end":{"line":336,"column":null}},{"start":{"line":337,"column":11},"end":{"line":337,"column":null}}]},"24":{"loc":{"start":{"line":359,"column":20},"end":{"line":359,"column":null}},"type":"binary-expr","locations":[{"start":{"line":359,"column":20},"end":{"line":359,"column":54}},{"start":{"line":359,"column":54},"end":{"line":359,"column":null}}]},"25":{"loc":{"start":{"line":365,"column":9},"end":{"line":369,"column":null}},"type":"cond-expr","locations":[{"start":{"line":366,"column":9},"end":{"line":368,"column":null}},{"start":{"line":369,"column":12},"end":{"line":369,"column":null}}]},"26":{"loc":{"start":{"line":430,"column":16},"end":{"line":430,"column":null}},"type":"binary-expr","locations":[{"start":{"line":430,"column":16},"end":{"line":430,"column":36}},{"start":{"line":430,"column":36},"end":{"line":430,"column":null}}]},"27":{"loc":{"start":{"line":432,"column":7},"end":{"line":432,"column":null}},"type":"cond-expr","locations":[{"start":{"line":432,"column":27},"end":{"line":432,"column":43}},{"start":{"line":432,"column":43},"end":{"line":432,"column":null}}]},"28":{"loc":{"start":{"line":442,"column":5},"end":{"line":446,"column":null}},"type":"cond-expr","locations":[{"start":{"line":443,"column":5},"end":{"line":445,"column":null}},{"start":{"line":446,"column":8},"end":{"line":446,"column":null}}]},"29":{"loc":{"start":{"line":488,"column":16},"end":{"line":488,"column":null}},"type":"binary-expr","locations":[{"start":{"line":488,"column":16},"end":{"line":488,"column":40}},{"start":{"line":488,"column":40},"end":{"line":488,"column":null}}]},"30":{"loc":{"start":{"line":490,"column":7},"end":{"line":490,"column":null}},"type":"cond-expr","locations":[{"start":{"line":490,"column":24},"end":{"line":490,"column":45}},{"start":{"line":490,"column":45},"end":{"line":490,"column":null}}]},"31":{"loc":{"start":{"line":500,"column":5},"end":{"line":504,"column":null}},"type":"cond-expr","locations":[{"start":{"line":501,"column":5},"end":{"line":503,"column":null}},{"start":{"line":504,"column":8},"end":{"line":504,"column":null}}]},"32":{"loc":{"start":{"line":565,"column":9},"end":{"line":567,"column":null}},"type":"cond-expr","locations":[{"start":{"line":566,"column":11},"end":{"line":566,"column":null}},{"start":{"line":567,"column":11},"end":{"line":567,"column":null}}]},"33":{"loc":{"start":{"line":588,"column":6},"end":{"line":592,"column":null}},"type":"cond-expr","locations":[{"start":{"line":589,"column":6},"end":{"line":591,"column":null}},{"start":{"line":592,"column":9},"end":{"line":592,"column":null}}]},"34":{"loc":{"start":{"line":593,"column":6},"end":{"line":597,"column":null}},"type":"cond-expr","locations":[{"start":{"line":594,"column":6},"end":{"line":596,"column":null}},{"start":{"line":597,"column":9},"end":{"line":597,"column":null}}]},"35":{"loc":{"start":{"line":604,"column":7},"end":{"line":606,"column":null}},"type":"binary-expr","locations":[{"start":{"line":604,"column":7},"end":{"line":604,"column":null}},{"start":{"line":604,"column":7},"end":{"line":605,"column":null}},{"start":{"line":606,"column":7},"end":{"line":606,"column":null}}]},"36":{"loc":{"start":{"line":605,"column":8},"end":{"line":605,"column":46}},"type":"binary-expr","locations":[{"start":{"line":605,"column":8},"end":{"line":605,"column":39}},{"start":{"line":605,"column":39},"end":{"line":605,"column":46}}]},"37":{"loc":{"start":{"line":609,"column":7},"end":{"line":609,"column":null}},"type":"cond-expr","locations":[{"start":{"line":609,"column":24},"end":{"line":609,"column":45}},{"start":{"line":609,"column":45},"end":{"line":609,"column":null}}]}},"s":{"0":1,"1":66,"2":66,"3":66,"4":66,"5":66,"6":66,"7":66,"8":66,"9":66,"10":66,"11":66,"12":66,"13":66,"14":66,"15":66,"16":66,"17":66,"18":66,"19":66,"20":3,"21":0,"22":3,"23":3,"24":3,"25":1,"26":1,"27":2,"28":0,"29":0,"30":3,"31":3,"32":66,"33":2,"34":0,"35":2,"36":2,"37":2,"38":1,"39":1,"40":0,"41":0,"42":2,"43":2,"44":66,"45":3,"46":3,"47":0,"48":0,"49":3,"50":3,"51":1,"52":1,"53":2,"54":2,"55":0,"56":0,"57":0,"58":0,"59":3,"60":3,"61":3,"62":3,"63":66,"64":116,"65":335,"66":66,"67":66,"68":3,"69":3,"70":141,"71":141,"72":1,"73":2,"74":3,"75":3,"76":3,"77":3,"78":594,"79":0,"80":2,"81":2,"82":169,"83":2,"84":0,"85":3,"86":3,"87":3,"88":3,"89":3,"90":3,"91":0,"92":0,"93":2,"94":2,"95":0,"96":0,"97":0,"98":0,"99":3,"100":3,"101":0,"102":0,"103":3,"104":3,"105":116,"106":165,"107":2,"108":2,"109":0},"f":{"0":66,"1":3,"2":2,"3":3,"4":116,"5":335,"6":3,"7":3,"8":141,"9":1,"10":2,"11":3,"12":3,"13":594,"14":0,"15":2,"16":2,"17":169,"18":2,"19":0,"20":3,"21":3,"22":3,"23":3,"24":3,"25":3,"26":0,"27":0,"28":2,"29":2,"30":0,"31":0,"32":0,"33":0,"34":3,"35":3,"36":0,"37":0,"38":3,"39":3,"40":116,"41":165,"42":2,"43":2,"44":0},"b":{"0":[66],"1":[66],"2":[66],"3":[66],"4":[66,1],"5":[0,3],"6":[1,2],"7":[0,0],"8":[0,2],"9":[2,2],"10":[1,1],"11":[0,0],"12":[0,3],"13":[1,2],"14":[3,1],"15":[0,2],"16":[0,0],"17":[66,1],"18":[65,76],"19":[66,1],"20":[66,1],"21":[65,1],"22":[3,0],"23":[65,1],"24":[169,0],"25":[426,168],"26":[66,4],"27":[0,66],"28":[0,66],"29":[66,3],"30":[0,66],"31":[0,66],"32":[57,9],"33":[4,62],"34":[0,66],"35":[66,5,5],"36":[5,0],"37":[0,66]}}
,"/home/paddy/kainban/packages/ui/src/KanbanColumn/kanban-column.tsx": {"path":"/home/paddy/kainban/packages/ui/src/KanbanColumn/kanban-column.tsx","statementMap":{"0":{"start":{"line":17,"column":28},"end":{"line":50,"column":null}},"1":{"start":{"line":27,"column":1},"end":{"line":48,"column":null}}},"fnMap":{"0":{"name":"(anonymous_0)","decl":{"start":{"line":17,"column":28},"end":{"line":17,"column":29}},"loc":{"start":{"line":26,"column":25},"end":{"line":50,"column":null}}}},"branchMap":{"0":{"loc":{"start":{"line":32,"column":4},"end":{"line":32,"column":null}},"type":"binary-expr","locations":[{"start":{"line":32,"column":4},"end":{"line":32,"column":26}},{"start":{"line":32,"column":26},"end":{"line":32,"column":null}}]}},"s":{"0":2,"1":560},"f":{"0":560},"b":{"0":[560,3]}}
,"/home/paddy/kainban/packages/ui/src/KanbanTaskCard/kanban-task-card.tsx": {"path":"/home/paddy/kainban/packages/ui/src/KanbanTaskCard/kanban-task-card.tsx","statementMap":{"0":{"start":{"line":14,"column":30},"end":{"line":50,"column":null}},"1":{"start":{"line":21,"column":1},"end":{"line":48,"column":null}}},"fnMap":{"0":{"name":"(anonymous_0)","decl":{"start":{"line":14,"column":30},"end":{"line":14,"column":31}},"loc":{"start":{"line":20,"column":27},"end":{"line":50,"column":null}}}},"branchMap":{"0":{"loc":{"start":{"line":36,"column":4},"end":{"line":37,"column":null}},"type":"binary-expr","locations":[{"start":{"line":36,"column":4},"end":{"line":36,"column":null}},{"start":{"line":37,"column":4},"end":{"line":37,"column":null}}]},"1":{"loc":{"start":{"line":39,"column":4},"end":{"line":46,"column":null}},"type":"cond-expr","locations":[{"start":{"line":40,"column":4},"end":{"line":42,"column":null}},{"start":{"line":44,"column":4},"end":{"line":46,"column":null}}]}},"s":{"0":2,"1":159},"f":{"0":159},"b":{"0":[159,156],"1":[105,54]}}
,"/home/paddy/kainban/packages/ui/src/Modal/modal.tsx": {"path":"/home/paddy/kainban/packages/ui/src/Modal/modal.tsx","statementMap":{"0":{"start":{"line":13,"column":21},"end":{"line":67,"column":null}},"1":{"start":{"line":20,"column":1},"end":{"line":22,"column":null}},"2":{"start":{"line":21,"column":2},"end":{"line":21,"column":null}},"3":{"start":{"line":24,"column":29},"end":{"line":28,"column":null}},"4":{"start":{"line":25,"column":2},"end":{"line":27,"column":null}},"5":{"start":{"line":26,"column":3},"end":{"line":26,"column":null}},"6":{"start":{"line":30,"column":1},"end":{"line":65,"column":null}}},"fnMap":{"0":{"name":"(anonymous_0)","decl":{"start":{"line":13,"column":21},"end":{"line":13,"column":22}},"loc":{"start":{"line":19,"column":18},"end":{"line":67,"column":null}}},"1":{"name":"(anonymous_1)","decl":{"start":{"line":24,"column":29},"end":{"line":24,"column":30}},"loc":{"start":{"line":24,"column":68},"end":{"line":28,"column":null}}}},"branchMap":{"0":{"loc":{"start":{"line":20,"column":1},"end":{"line":22,"column":null}},"type":"if","locations":[{"start":{"line":20,"column":1},"end":{"line":22,"column":null}},{"start":{},"end":{}}]},"1":{"loc":{"start":{"line":25,"column":2},"end":{"line":27,"column":null}},"type":"if","locations":[{"start":{"line":25,"column":2},"end":{"line":27,"column":null}},{"start":{},"end":{}}]},"2":{"loc":{"start":{"line":35,"column":21},"end":{"line":35,"column":null}},"type":"cond-expr","locations":[{"start":{"line":35,"column":35},"end":{"line":35,"column":57}},{"start":{"line":35,"column":57},"end":{"line":35,"column":null}}]},"3":{"loc":{"start":{"line":48,"column":7},"end":{"line":52,"column":null}},"type":"cond-expr","locations":[{"start":{"line":49,"column":7},"end":{"line":51,"column":null}},{"start":{"line":52,"column":10},"end":{"line":52,"column":null}}]}},"s":{"0":2,"1":189,"2":158,"3":31,"4":12,"5":1,"6":31},"f":{"0":189,"1":12},"b":{"0":[158,31],"1":[1,11],"2":[30,1],"3":[30,1]}}
,"/home/paddy/kainban/packages/ui/src/style/definition.ts": {"path":"/home/paddy/kainban/packages/ui/src/style/definition.ts","statementMap":{"0":{"start":{"line":1,"column":23},"end":{"line":20,"column":null}}},"fnMap":{},"branchMap":{},"s":{"0":1},"f":{},"b":{}}
}
