{"/home/paddy/kainban/packages/fe-api/src/shared/api-client.ts": {"path":"/home/paddy/kainban/packages/fe-api/src/shared/api-client.ts","statementMap":{"0":{"start":{"line":3,"column":21},"end":{"line":3,"column":null}},"1":{"start":{"line":14,"column":2},"end":{"line":14,"column":null}},"2":{"start":{"line":15,"column":2},"end":{"line":15,"column":null}},"3":{"start":{"line":16,"column":2},"end":{"line":16,"column":null}},"4":{"start":{"line":20,"column":26},"end":{"line":56,"column":null}},"5":{"start":{"line":24,"column":18},"end":{"line":34,"column":null}},"6":{"start":{"line":36,"column":1},"end":{"line":49,"column":null}},"7":{"start":{"line":37,"column":16},"end":{"line":37,"column":null}},"8":{"start":{"line":39,"column":2},"end":{"line":46,"column":null}},"9":{"start":{"line":40,"column":22},"end":{"line":40,"column":null}},"10":{"start":{"line":41,"column":3},"end":{"line":43,"column":null}},"11":{"start":{"line":42,"column":4},"end":{"line":42,"column":null}},"12":{"start":{"line":48,"column":2},"end":{"line":48,"column":null}},"13":{"start":{"line":51,"column":1},"end":{"line":53,"column":null}},"14":{"start":{"line":52,"column":2},"end":{"line":52,"column":null}},"15":{"start":{"line":55,"column":1},"end":{"line":55,"column":null}}},"fnMap":{"0":{"name":"(anonymous_0)","decl":{"start":{"line":13,"column":1},"end":{"line":13,"column":13}},"loc":{"start":{"line":13,"column":46},"end":{"line":17,"column":null}}},"1":{"name":"(anonymous_1)","decl":{"start":{"line":20,"column":26},"end":{"line":20,"column":null}},"loc":{"start":{"line":23,"column":5},"end":{"line":56,"column":null}}}},"branchMap":{"0":{"loc":{"start":{"line":3,"column":21},"end":{"line":3,"column":null}},"type":"binary-expr","locations":[{"start":{"line":3,"column":21},"end":{"line":3,"column":52}},{"start":{"line":3,"column":52},"end":{"line":3,"column":null}}]},"1":{"loc":{"start":{"line":22,"column":1},"end":{"line":22,"column":null}},"type":"default-arg","locations":[{"start":{"line":22,"column":30},"end":{"line":22,"column":null}}]},"2":{"loc":{"start":{"line":25,"column":10},"end":{"line":25,"column":null}},"type":"binary-expr","locations":[{"start":{"line":25,"column":10},"end":{"line":25,"column":28}},{"start":{"line":25,"column":28},"end":{"line":25,"column":null}}]},"3":{"loc":{"start":{"line":27,"column":3},"end":{"line":31,"column":null}},"type":"cond-expr","locations":[{"start":{"line":28,"column":6},"end":{"line":28,"column":null}},{"start":{"line":29,"column":6},"end":{"line":31,"column":null}}]},"4":{"loc":{"start":{"line":32,"column":8},"end":{"line":32,"column":null}},"type":"cond-expr","locations":[{"start":{"line":32,"column":37},"end":{"line":32,"column":49}},{"start":{"line":32,"column":49},"end":{"line":32,"column":null}}]},"5":{"loc":{"start":{"line":36,"column":1},"end":{"line":49,"column":null}},"type":"if","locations":[{"start":{"line":36,"column":1},"end":{"line":49,"column":null}},{"start":{},"end":{}}]},"6":{"loc":{"start":{"line":41,"column":3},"end":{"line":43,"column":null}},"type":"if","locations":[{"start":{"line":41,"column":3},"end":{"line":43,"column":null}},{"start":{},"end":{}}]},"7":{"loc":{"start":{"line":51,"column":1},"end":{"line":53,"column":null}},"type":"if","locations":[{"start":{"line":51,"column":1},"end":{"line":53,"column":null}},{"start":{},"end":{}}]}},"s":{"0":1,"1":2,"2":2,"3":2,"4":1,"5":3,"6":3,"7":1,"8":1,"9":1,"10":1,"11":1,"12":1,"13":2,"14":1,"15":1},"f":{"0":2,"1":3},"b":{"0":[1,1],"1":[2],"2":[3,2],"3":[3,0],"4":[3,0],"5":[1,2],"6":[1,0],"7":[1,1]}}
}
