{
	"/home/paddy/kainban/packages/utils/src/Kanban/update-task-column.ts": {
		"path": "/home/paddy/kainban/packages/utils/src/Kanban/update-task-column.ts",
		"statementMap": {
			"0": {
				"start": { "line": 3, "column": 32 },
				"end": { "line": 24, "column": null }
			},
			"1": {
				"start": { "line": 8, "column": 18 },
				"end": { "line": 8, "column": null }
			},
			"2": {
				"start": { "line": 10, "column": 22 },
				"end": { "line": 21, "column": null }
			},
			"3": {
				"start": { "line": 11, "column": 2 },
				"end": { "line": 13, "column": null }
			},
			"4": {
				"start": { "line": 12, "column": 3 },
				"end": { "line": 12, "column": null }
			},
			"5": {
				"start": { "line": 15, "column": 2 },
				"end": { "line": 15, "column": null }
			},
			"6": {
				"start": { "line": 17, "column": 2 },
				"end": { "line": 20, "column": null }
			},
			"7": {
				"start": { "line": 23, "column": 1 },
				"end": { "line": 23, "column": null }
			}
		},
		"fnMap": {
			"0": {
				"name": "(anonymous_0)",
				"decl": {
					"start": { "line": 3, "column": 32 },
					"end": { "line": 3, "column": null }
				},
				"loc": {
					"start": { "line": 7, "column": 5 },
					"end": { "line": 24, "column": null }
				}
			},
			"1": {
				"name": "(anonymous_1)",
				"decl": {
					"start": { "line": 10, "column": 32 },
					"end": { "line": 10, "column": 33 }
				},
				"loc": {
					"start": { "line": 10, "column": 42 },
					"end": { "line": 21, "column": 2 }
				}
			}
		},
		"branchMap": {
			"0": {
				"loc": {
					"start": { "line": 11, "column": 2 },
					"end": { "line": 13, "column": null }
				},
				"type": "if",
				"locations": [
					{
						"start": { "line": 11, "column": 2 },
						"end": { "line": 13, "column": null }
					},
					{ "start": {}, "end": {} }
				]
			},
			"1": {
				"loc": {
					"start": { "line": 11, "column": 6 },
					"end": { "line": 11, "column": 55 }
				},
				"type": "binary-expr",
				"locations": [
					{
						"start": { "line": 11, "column": 6 },
						"end": { "line": 11, "column": 28 }
					},
					{
						"start": { "line": 11, "column": 28 },
						"end": { "line": 11, "column": 55 }
					}
				]
			},
			"2": {
				"loc": {
					"start": { "line": 23, "column": 8 },
					"end": { "line": 23, "column": null }
				},
				"type": "cond-expr",
				"locations": [
					{
						"start": { "line": 23, "column": 21 },
						"end": { "line": 23, "column": 36 }
					},
					{
						"start": { "line": 23, "column": 36 },
						"end": { "line": 23, "column": null }
					}
				]
			}
		},
		"s": { "0": 1, "1": 3, "2": 3, "3": 6, "4": 5, "5": 1, "6": 1, "7": 3 },
		"f": { "0": 3, "1": 6 },
		"b": { "0": [5, 1], "1": [6, 2], "2": [1, 2] }
	}
}
