{"/home/paddy/kainban/apps/api/src/server.ts": {"path":"/home/paddy/kainban/apps/api/src/server.ts","statementMap":{"0":{"start":{"line":3,"column":30},"end":{"line":3,"column":null}}},"fnMap":{},"branchMap":{},"s":{"0":3},"f":{},"b":{}}
,"/home/paddy/kainban/apps/api/src/auth/middleware.ts": {"path":"/home/paddy/kainban/apps/api/src/auth/middleware.ts","statementMap":{"0":{"start":{"line":4,"column":46},"end":{"line":14,"column":null}},"1":{"start":{"line":5,"column":17},"end":{"line":7,"column":null}},"2":{"start":{"line":9,"column":1},"end":{"line":11,"column":null}},"3":{"start":{"line":10,"column":2},"end":{"line":10,"column":null}},"4":{"start":{"line":13,"column":1},"end":{"line":13,"column":null}}},"fnMap":{"0":{"name":"(anonymous_0)","decl":{"start":{"line":4,"column":46},"end":{"line":4,"column":53}},"loc":{"start":{"line":4,"column":65},"end":{"line":14,"column":null}}}},"branchMap":{"0":{"loc":{"start":{"line":9,"column":1},"end":{"line":11,"column":null}},"type":"if","locations":[{"start":{"line":9,"column":1},"end":{"line":11,"column":null}},{"start":{},"end":{}}]},"1":{"loc":{"start":{"line":9,"column":5},"end":{"line":9,"column":41}},"type":"binary-expr","locations":[{"start":{"line":9,"column":5},"end":{"line":9,"column":23}},{"start":{"line":9,"column":23},"end":{"line":9,"column":41}}]}},"s":{"0":1,"1":2,"2":2,"3":1,"4":1},"f":{"0":2},"b":{"0":[1,1],"1":[2,1]}}
,"/home/paddy/kainban/apps/api/src/db/client.ts": {"path":"/home/paddy/kainban/apps/api/src/db/client.ts","statementMap":{"0":{"start":{"line":6,"column":13},"end":{"line":11,"column":null}},"1":{"start":{"line":12,"column":16},"end":{"line":12,"column":null}},"2":{"start":{"line":14,"column":22},"end":{"line":14,"column":null}}},"fnMap":{},"branchMap":{},"s":{"0":4,"1":4,"2":4},"f":{},"b":{}}
,"/home/paddy/kainban/apps/api/src/db/get-database-url.ts": {"path":"/home/paddy/kainban/apps/api/src/db/get-database-url.ts","statementMap":{"0":{"start":{"line":5,"column":27},"end":{"line":5,"column":null}},"1":{"start":{"line":7,"column":1},"end":{"line":9,"column":null}},"2":{"start":{"line":8,"column":2},"end":{"line":8,"column":null}},"3":{"start":{"line":10,"column":21},"end":{"line":10,"column":null}},"4":{"start":{"line":11,"column":26},"end":{"line":11,"column":null}},"5":{"start":{"line":13,"column":0},"end":{"line":20,"column":null}},"6":{"start":{"line":22,"column":30},"end":{"line":28,"column":null}},"7":{"start":{"line":23,"column":1},"end":{"line":25,"column":null}},"8":{"start":{"line":24,"column":2},"end":{"line":24,"column":null}},"9":{"start":{"line":27,"column":1},"end":{"line":27,"column":null}}},"fnMap":{"0":{"name":"(anonymous_0)","decl":{"start":{"line":7,"column":25},"end":{"line":7,"column":26}},"loc":{"start":{"line":8,"column":2},"end":{"line":8,"column":null}}},"1":{"name":"(anonymous_1)","decl":{"start":{"line":22,"column":30},"end":{"line":22,"column":36}},"loc":{"start":{"line":22,"column":36},"end":{"line":28,"column":null}}}},"branchMap":{"0":{"loc":{"start":{"line":7,"column":1},"end":{"line":9,"column":null}},"type":"binary-expr","locations":[{"start":{"line":7,"column":1},"end":{"line":9,"column":6}},{"start":{"line":9,"column":6},"end":{"line":9,"column":null}}]},"1":{"loc":{"start":{"line":15,"column":2},"end":{"line":19,"column":null}},"type":"cond-expr","locations":[{"start":{"line":16,"column":5},"end":{"line":16,"column":null}},{"start":{"line":17,"column":5},"end":{"line":19,"column":null}}]},"2":{"loc":{"start":{"line":17,"column":5},"end":{"line":19,"column":null}},"type":"cond-expr","locations":[{"start":{"line":18,"column":6},"end":{"line":18,"column":null}},{"start":{"line":19,"column":6},"end":{"line":19,"column":null}}]},"3":{"loc":{"start":{"line":23,"column":1},"end":{"line":25,"column":null}},"type":"if","locations":[{"start":{"line":23,"column":1},"end":{"line":25,"column":null}},{"start":{},"end":{}}]}},"s":{"0":5,"1":5,"2":10,"3":5,"4":5,"5":5,"6":5,"7":6,"8":1,"9":5},"f":{"0":10,"1":6},"b":{"0":[5,0],"1":[0,5],"2":[5,0],"3":[1,5]}}
,"/home/paddy/kainban/apps/api/src/epics/controller.ts": {"path":"/home/paddy/kainban/apps/api/src/epics/controller.ts","statementMap":{"0":{"start":{"line":7,"column":36},"end":{"line":77,"column":null}},"1":{"start":{"line":11,"column":20},"end":{"line":11,"column":null}},"2":{"start":{"line":13,"column":1},"end":{"line":16,"column":null}},"3":{"start":{"line":14,"column":16},"end":{"line":14,"column":null}},"4":{"start":{"line":15,"column":2},"end":{"line":15,"column":null}},"5":{"start":{"line":18,"column":1},"end":{"line":26,"column":null}},"6":{"start":{"line":19,"column":15},"end":{"line":19,"column":null}},"7":{"start":{"line":21,"column":2},"end":{"line":23,"column":null}},"8":{"start":{"line":22,"column":3},"end":{"line":22,"column":null}},"9":{"start":{"line":25,"column":2},"end":{"line":25,"column":null}},"10":{"start":{"line":28,"column":1},"end":{"line":39,"column":null}},"11":{"start":{"line":29,"column":15},"end":{"line":29,"column":null}},"12":{"start":{"line":30,"column":15},"end":{"line":30,"column":null}},"13":{"start":{"line":31,"column":2},"end":{"line":37,"column":null}},"14":{"start":{"line":38,"column":2},"end":{"line":38,"column":null}},"15":{"start":{"line":41,"column":1},"end":{"line":57,"column":null}},"16":{"start":{"line":42,"column":15},"end":{"line":42,"column":null}},"17":{"start":{"line":43,"column":15},"end":{"line":43,"column":null}},"18":{"start":{"line":45,"column":2},"end":{"line":47,"column":null}},"19":{"start":{"line":46,"column":3},"end":{"line":46,"column":null}},"20":{"start":{"line":49,"column":2},"end":{"line":55,"column":null}},"21":{"start":{"line":56,"column":2},"end":{"line":56,"column":null}},"22":{"start":{"line":59,"column":1},"end":{"line":74,"column":null}},"23":{"start":{"line":60,"column":15},"end":{"line":60,"column":null}},"24":{"start":{"line":62,"column":2},"end":{"line":64,"column":null}},"25":{"start":{"line":63,"column":3},"end":{"line":63,"column":null}},"26":{"start":{"line":66,"column":2},"end":{"line":72,"column":null}},"27":{"start":{"line":73,"column":2},"end":{"line":73,"column":null}},"28":{"start":{"line":76,"column":1},"end":{"line":76,"column":null}},"29":{"start":{"line":79,"column":30},"end":{"line":79,"column":null}}},"fnMap":{"0":{"name":"(anonymous_0)","decl":{"start":{"line":7,"column":36},"end":{"line":7,"column":null}},"loc":{"start":{"line":10,"column":5},"end":{"line":77,"column":null}}},"1":{"name":"(anonymous_1)","decl":{"start":{"line":13,"column":21},"end":{"line":13,"column":28}},"loc":{"start":{"line":13,"column":34},"end":{"line":16,"column":2}}},"2":{"name":"(anonymous_2)","decl":{"start":{"line":18,"column":24},"end":{"line":18,"column":31}},"loc":{"start":{"line":18,"column":37},"end":{"line":26,"column":2}}},"3":{"name":"(anonymous_3)","decl":{"start":{"line":28,"column":22},"end":{"line":28,"column":29}},"loc":{"start":{"line":28,"column":35},"end":{"line":39,"column":2}}},"4":{"name":"(anonymous_4)","decl":{"start":{"line":41,"column":26},"end":{"line":41,"column":33}},"loc":{"start":{"line":41,"column":39},"end":{"line":57,"column":2}}},"5":{"name":"(anonymous_5)","decl":{"start":{"line":59,"column":27},"end":{"line":59,"column":34}},"loc":{"start":{"line":59,"column":40},"end":{"line":74,"column":2}}}},"branchMap":{"0":{"loc":{"start":{"line":9,"column":1},"end":{"line":9,"column":null}},"type":"default-arg","locations":[{"start":{"line":9,"column":40},"end":{"line":9,"column":null}}]},"1":{"loc":{"start":{"line":21,"column":2},"end":{"line":23,"column":null}},"type":"if","locations":[{"start":{"line":21,"column":2},"end":{"line":23,"column":null}},{"start":{},"end":{}}]},"2":{"loc":{"start":{"line":45,"column":2},"end":{"line":47,"column":null}},"type":"if","locations":[{"start":{"line":45,"column":2},"end":{"line":47,"column":null}},{"start":{},"end":{}}]},"3":{"loc":{"start":{"line":62,"column":2},"end":{"line":64,"column":null}},"type":"if","locations":[{"start":{"line":62,"column":2},"end":{"line":64,"column":null}},{"start":{},"end":{}}]}},"s":{"0":1,"1":2,"2":2,"3":1,"4":1,"5":2,"6":2,"7":2,"8":1,"9":1,"10":2,"11":1,"12":1,"13":1,"14":1,"15":2,"16":1,"17":1,"18":1,"19":0,"20":1,"21":1,"22":2,"23":1,"24":1,"25":0,"26":1,"27":1,"28":2,"29":1},"f":{"0":2,"1":1,"2":2,"3":1,"4":1,"5":1},"b":{"0":[1],"1":[1,1],"2":[0,1],"3":[0,1]}}
,"/home/paddy/kainban/apps/api/src/epics/repository.ts": {"path":"/home/paddy/kainban/apps/api/src/epics/repository.ts","statementMap":{"0":{"start":{"line":4,"column":20},"end":{"line":13,"column":null}},"1":{"start":{"line":15,"column":36},"end":{"line":44,"column":null}},"2":{"start":{"line":15,"column":59},"end":{"line":44,"column":null}},"3":{"start":{"line":16,"column":15},"end":{"line":16,"column":null}},"4":{"start":{"line":17,"column":26},"end":{"line":17,"column":null}},"5":{"start":{"line":18,"column":52},"end":{"line":18,"column":null}},"6":{"start":{"line":20,"column":23},"end":{"line":20,"column":null}},"7":{"start":{"line":22,"column":2},"end":{"line":24,"column":null}},"8":{"start":{"line":23,"column":3},"end":{"line":23,"column":null}},"9":{"start":{"line":26,"column":2},"end":{"line":30,"column":null}},"10":{"start":{"line":33,"column":23},"end":{"line":33,"column":null}},"11":{"start":{"line":35,"column":2},"end":{"line":37,"column":null}},"12":{"start":{"line":36,"column":3},"end":{"line":36,"column":null}},"13":{"start":{"line":39,"column":2},"end":{"line":42,"column":null}},"14":{"start":{"line":46,"column":30},"end":{"line":46,"column":null}}},"fnMap":{"0":{"name":"(anonymous_0)","decl":{"start":{"line":15,"column":36},"end":{"line":15,"column":37}},"loc":{"start":{"line":15,"column":59},"end":{"line":44,"column":null}}},"1":{"name":"(anonymous_1)","decl":{"start":{"line":16,"column":9},"end":{"line":16,"column":15}},"loc":{"start":{"line":16,"column":15},"end":{"line":16,"column":null}}},"2":{"name":"(anonymous_2)","decl":{"start":{"line":17,"column":10},"end":{"line":17,"column":11}},"loc":{"start":{"line":17,"column":26},"end":{"line":17,"column":null}}},"3":{"name":"(anonymous_3)","decl":{"start":{"line":18,"column":9},"end":{"line":18,"column":10}},"loc":{"start":{"line":18,"column":52},"end":{"line":18,"column":null}}},"4":{"name":"(anonymous_4)","decl":{"start":{"line":19,"column":9},"end":{"line":19,"column":16}},"loc":{"start":{"line":19,"column":70},"end":{"line":31,"column":null}}},"5":{"name":"(anonymous_5)","decl":{"start":{"line":32,"column":9},"end":{"line":32,"column":16}},"loc":{"start":{"line":32,"column":31},"end":{"line":43,"column":null}}}},"branchMap":{"0":{"loc":{"start":{"line":22,"column":2},"end":{"line":24,"column":null}},"type":"if","locations":[{"start":{"line":22,"column":2},"end":{"line":24,"column":null}},{"start":{},"end":{}}]},"1":{"loc":{"start":{"line":35,"column":2},"end":{"line":37,"column":null}},"type":"if","locations":[{"start":{"line":35,"column":2},"end":{"line":37,"column":null}},{"start":{},"end":{}}]}},"s":{"0":1,"1":1,"2":2,"3":1,"4":1,"5":1,"6":1,"7":1,"8":0,"9":1,"10":1,"11":1,"12":0,"13":1,"14":1},"f":{"0":2,"1":1,"2":1,"3":1,"4":1,"5":1},"b":{"0":[0,1],"1":[0,1]}}
,"/home/paddy/kainban/apps/api/src/epics/service.ts": {"path":"/home/paddy/kainban/apps/api/src/epics/service.ts","statementMap":{"0":{"start":{"line":4,"column":33},"end":{"line":10,"column":null}},"1":{"start":{"line":4,"column":91},"end":{"line":10,"column":null}},"2":{"start":{"line":5,"column":15},"end":{"line":5,"column":null}},"3":{"start":{"line":6,"column":26},"end":{"line":6,"column":null}},"4":{"start":{"line":7,"column":52},"end":{"line":7,"column":null}},"5":{"start":{"line":8,"column":64},"end":{"line":8,"column":null}},"6":{"start":{"line":9,"column":25},"end":{"line":9,"column":null}},"7":{"start":{"line":12,"column":27},"end":{"line":12,"column":null}}},"fnMap":{"0":{"name":"(anonymous_0)","decl":{"start":{"line":4,"column":33},"end":{"line":4,"column":34}},"loc":{"start":{"line":4,"column":91},"end":{"line":10,"column":null}}},"1":{"name":"(anonymous_1)","decl":{"start":{"line":5,"column":9},"end":{"line":5,"column":15}},"loc":{"start":{"line":5,"column":15},"end":{"line":5,"column":null}}},"2":{"name":"(anonymous_2)","decl":{"start":{"line":6,"column":10},"end":{"line":6,"column":11}},"loc":{"start":{"line":6,"column":26},"end":{"line":6,"column":null}}},"3":{"name":"(anonymous_3)","decl":{"start":{"line":7,"column":9},"end":{"line":7,"column":10}},"loc":{"start":{"line":7,"column":52},"end":{"line":7,"column":null}}},"4":{"name":"(anonymous_4)","decl":{"start":{"line":8,"column":9},"end":{"line":8,"column":10}},"loc":{"start":{"line":8,"column":64},"end":{"line":8,"column":null}}},"5":{"name":"(anonymous_5)","decl":{"start":{"line":9,"column":9},"end":{"line":9,"column":10}},"loc":{"start":{"line":9,"column":25},"end":{"line":9,"column":null}}}},"branchMap":{},"s":{"0":1,"1":2,"2":1,"3":1,"4":1,"5":1,"6":1,"7":1},"f":{"0":2,"1":1,"2":1,"3":1,"4":1,"5":1},"b":{}}
,"/home/paddy/kainban/apps/api/src/generated/prisma/client.ts": {"path":"/home/paddy/kainban/apps/api/src/generated/prisma/client.ts","statementMap":{"0":{"start":{"line":16,"column":0},"end":{"line":16,"column":null}},"1":{"start":{"line":40,"column":28},"end":{"line":40,"column":null}}},"fnMap":{},"branchMap":{},"s":{"0":4,"1":4},"f":{},"b":{}}
,"/home/paddy/kainban/apps/api/src/generated/prisma/enums.ts": {"path":"/home/paddy/kainban/apps/api/src/generated/prisma/enums.ts","statementMap":{"0":{"start":{"line":12,"column":26},"end":{"line":22,"column":null}}},"fnMap":{},"branchMap":{},"s":{"0":4},"f":{},"b":{}}
,"/home/paddy/kainban/apps/api/src/generated/prisma/internal/class.ts": {"path":"/home/paddy/kainban/apps/api/src/generated/prisma/internal/class.ts","statementMap":{"0":{"start":{"line":18,"column":46},"end":{"line":33,"column":null}},"1":{"start":{"line":35,"column":0},"end":{"line":35,"column":null}},"2":{"start":{"line":36,"column":0},"end":{"line":39,"column":null}},"3":{"start":{"line":42,"column":21},"end":{"line":42,"column":null}},"4":{"start":{"line":43,"column":20},"end":{"line":43,"column":null}},"5":{"start":{"line":44,"column":2},"end":{"line":44,"column":null}},"6":{"start":{"line":47,"column":0},"end":{"line":56,"column":null}},"7":{"start":{"line":48,"column":26},"end":{"line":48,"column":null}},"8":{"start":{"line":51,"column":21},"end":{"line":51,"column":null}},"9":{"start":{"line":52,"column":4},"end":{"line":52,"column":null}},"10":{"start":{"line":263,"column":2},"end":{"line":263,"column":null}}},"fnMap":{"0":{"name":"decodeBase64AsWasm","decl":{"start":{"line":41,"column":15},"end":{"line":41,"column":34}},"loc":{"start":{"line":41,"column":83},"end":{"line":45,"column":null}}},"1":{"name":"(anonymous_1)","decl":{"start":{"line":48,"column":14},"end":{"line":48,"column":26}},"loc":{"start":{"line":48,"column":26},"end":{"line":48,"column":null}}},"2":{"name":"(anonymous_2)","decl":{"start":{"line":50,"column":30},"end":{"line":50,"column":42}},"loc":{"start":{"line":50,"column":42},"end":{"line":53,"column":null}}},"3":{"name":"getPrismaClientClass","decl":{"start":{"line":262,"column":16},"end":{"line":262,"column":64}},"loc":{"start":{"line":262,"column":64},"end":{"line":264,"column":null}}}},"branchMap":{},"s":{"0":4,"1":4,"2":4,"3":0,"4":0,"5":0,"6":4,"7":0,"8":0,"9":0,"10":4},"f":{"0":0,"1":0,"2":0,"3":4},"b":{}}
,"/home/paddy/kainban/apps/api/src/generated/prisma/internal/prismaNamespace.ts": {"path":"/home/paddy/kainban/apps/api/src/generated/prisma/internal/prismaNamespace.ts","statementMap":{"0":{"start":{"line":32,"column":45},"end":{"line":32,"column":null}},"1":{"start":{"line":35,"column":47},"end":{"line":35,"column":null}},"2":{"start":{"line":38,"column":42},"end":{"line":38,"column":null}},"3":{"start":{"line":41,"column":47},"end":{"line":41,"column":null}},"4":{"start":{"line":44,"column":43},"end":{"line":44,"column":null}},"5":{"start":{"line":50,"column":19},"end":{"line":50,"column":null}},"6":{"start":{"line":51,"column":21},"end":{"line":51,"column":null}},"7":{"start":{"line":52,"column":20},"end":{"line":52,"column":null}},"8":{"start":{"line":53,"column":19},"end":{"line":53,"column":null}},"9":{"start":{"line":54,"column":19},"end":{"line":54,"column":null}},"10":{"start":{"line":62,"column":23},"end":{"line":62,"column":null}},"11":{"start":{"line":71,"column":35},"end":{"line":71,"column":null}},"12":{"start":{"line":86,"column":44},"end":{"line":89,"column":null}},"13":{"start":{"line":104,"column":25},"end":{"line":108,"column":null}},"14":{"start":{"line":114,"column":22},"end":{"line":114,"column":null}},"15":{"start":{"line":121,"column":24},"end":{"line":121,"column":null}},"16":{"start":{"line":128,"column":23},"end":{"line":128,"column":null}},"17":{"start":{"line":386,"column":25},"end":{"line":394,"column":null}},"18":{"start":{"line":960,"column":41},"end":{"line":965,"column":null}},"19":{"start":{"line":970,"column":38},"end":{"line":978,"column":null}},"20":{"start":{"line":983,"column":35},"end":{"line":990,"column":null}},"21":{"start":{"line":995,"column":35},"end":{"line":1005,"column":null}},"22":{"start":{"line":1010,"column":35},"end":{"line":1018,"column":null}},"23":{"start":{"line":1023,"column":38},"end":{"line":1032,"column":null}},"24":{"start":{"line":1037,"column":38},"end":{"line":1051,"column":null}},"25":{"start":{"line":1056,"column":43},"end":{"line":1063,"column":null}},"26":{"start":{"line":1068,"column":25},"end":{"line":1071,"column":null}},"27":{"start":{"line":1076,"column":25},"end":{"line":1079,"column":null}},"28":{"start":{"line":1084,"column":26},"end":{"line":1087,"column":null}},"29":{"start":{"line":1181,"column":31},"end":{"line":1181,"column":null}}},"fnMap":{},"branchMap":{},"s":{"0":4,"1":4,"2":4,"3":4,"4":4,"5":4,"6":4,"7":4,"8":4,"9":4,"10":4,"11":4,"12":4,"13":4,"14":4,"15":4,"16":4,"17":4,"18":4,"19":4,"20":4,"21":4,"22":4,"23":4,"24":4,"25":4,"26":4,"27":4,"28":4,"29":4},"f":{},"b":{}}
,"/home/paddy/kainban/apps/api/src/projects/controller.ts": {"path":"/home/paddy/kainban/apps/api/src/projects/controller.ts","statementMap":{"0":{"start":{"line":7,"column":39},"end":{"line":77,"column":null}},"1":{"start":{"line":11,"column":20},"end":{"line":11,"column":null}},"2":{"start":{"line":13,"column":1},"end":{"line":16,"column":null}},"3":{"start":{"line":14,"column":19},"end":{"line":14,"column":null}},"4":{"start":{"line":15,"column":2},"end":{"line":15,"column":null}},"5":{"start":{"line":18,"column":1},"end":{"line":26,"column":null}},"6":{"start":{"line":19,"column":18},"end":{"line":19,"column":null}},"7":{"start":{"line":21,"column":2},"end":{"line":23,"column":null}},"8":{"start":{"line":22,"column":3},"end":{"line":22,"column":null}},"9":{"start":{"line":25,"column":2},"end":{"line":25,"column":null}},"10":{"start":{"line":28,"column":1},"end":{"line":39,"column":null}},"11":{"start":{"line":29,"column":15},"end":{"line":29,"column":null}},"12":{"start":{"line":30,"column":18},"end":{"line":30,"column":null}},"13":{"start":{"line":31,"column":2},"end":{"line":37,"column":null}},"14":{"start":{"line":38,"column":2},"end":{"line":38,"column":null}},"15":{"start":{"line":41,"column":1},"end":{"line":57,"column":null}},"16":{"start":{"line":42,"column":15},"end":{"line":42,"column":null}},"17":{"start":{"line":43,"column":18},"end":{"line":43,"column":null}},"18":{"start":{"line":45,"column":2},"end":{"line":47,"column":null}},"19":{"start":{"line":46,"column":3},"end":{"line":46,"column":null}},"20":{"start":{"line":49,"column":2},"end":{"line":55,"column":null}},"21":{"start":{"line":56,"column":2},"end":{"line":56,"column":null}},"22":{"start":{"line":59,"column":1},"end":{"line":74,"column":null}},"23":{"start":{"line":60,"column":18},"end":{"line":60,"column":null}},"24":{"start":{"line":62,"column":2},"end":{"line":64,"column":null}},"25":{"start":{"line":63,"column":3},"end":{"line":63,"column":null}},"26":{"start":{"line":66,"column":2},"end":{"line":72,"column":null}},"27":{"start":{"line":73,"column":2},"end":{"line":73,"column":null}},"28":{"start":{"line":76,"column":1},"end":{"line":76,"column":null}},"29":{"start":{"line":79,"column":33},"end":{"line":79,"column":null}}},"fnMap":{"0":{"name":"(anonymous_0)","decl":{"start":{"line":7,"column":39},"end":{"line":7,"column":null}},"loc":{"start":{"line":10,"column":5},"end":{"line":77,"column":null}}},"1":{"name":"(anonymous_1)","decl":{"start":{"line":13,"column":21},"end":{"line":13,"column":28}},"loc":{"start":{"line":13,"column":34},"end":{"line":16,"column":2}}},"2":{"name":"(anonymous_2)","decl":{"start":{"line":18,"column":24},"end":{"line":18,"column":31}},"loc":{"start":{"line":18,"column":37},"end":{"line":26,"column":2}}},"3":{"name":"(anonymous_3)","decl":{"start":{"line":28,"column":22},"end":{"line":28,"column":29}},"loc":{"start":{"line":28,"column":35},"end":{"line":39,"column":2}}},"4":{"name":"(anonymous_4)","decl":{"start":{"line":41,"column":26},"end":{"line":41,"column":33}},"loc":{"start":{"line":41,"column":39},"end":{"line":57,"column":2}}},"5":{"name":"(anonymous_5)","decl":{"start":{"line":59,"column":27},"end":{"line":59,"column":34}},"loc":{"start":{"line":59,"column":40},"end":{"line":74,"column":2}}}},"branchMap":{"0":{"loc":{"start":{"line":9,"column":1},"end":{"line":9,"column":null}},"type":"default-arg","locations":[{"start":{"line":9,"column":40},"end":{"line":9,"column":null}}]},"1":{"loc":{"start":{"line":21,"column":2},"end":{"line":23,"column":null}},"type":"if","locations":[{"start":{"line":21,"column":2},"end":{"line":23,"column":null}},{"start":{},"end":{}}]},"2":{"loc":{"start":{"line":45,"column":2},"end":{"line":47,"column":null}},"type":"if","locations":[{"start":{"line":45,"column":2},"end":{"line":47,"column":null}},{"start":{},"end":{}}]},"3":{"loc":{"start":{"line":62,"column":2},"end":{"line":64,"column":null}},"type":"if","locations":[{"start":{"line":62,"column":2},"end":{"line":64,"column":null}},{"start":{},"end":{}}]}},"s":{"0":1,"1":2,"2":2,"3":1,"4":1,"5":2,"6":2,"7":2,"8":1,"9":1,"10":2,"11":1,"12":1,"13":1,"14":1,"15":2,"16":1,"17":1,"18":1,"19":0,"20":1,"21":1,"22":2,"23":1,"24":1,"25":0,"26":1,"27":1,"28":2,"29":1},"f":{"0":2,"1":1,"2":2,"3":1,"4":1,"5":1},"b":{"0":[1],"1":[1,1],"2":[0,1],"3":[0,1]}}
,"/home/paddy/kainban/apps/api/src/projects/repository.ts": {"path":"/home/paddy/kainban/apps/api/src/projects/repository.ts","statementMap":{"0":{"start":{"line":4,"column":23},"end":{"line":14,"column":null}},"1":{"start":{"line":16,"column":39},"end":{"line":45,"column":null}},"2":{"start":{"line":16,"column":62},"end":{"line":45,"column":null}},"3":{"start":{"line":17,"column":15},"end":{"line":17,"column":null}},"4":{"start":{"line":18,"column":26},"end":{"line":18,"column":null}},"5":{"start":{"line":19,"column":55},"end":{"line":19,"column":null}},"6":{"start":{"line":21,"column":26},"end":{"line":21,"column":null}},"7":{"start":{"line":23,"column":2},"end":{"line":25,"column":null}},"8":{"start":{"line":24,"column":3},"end":{"line":24,"column":null}},"9":{"start":{"line":27,"column":2},"end":{"line":31,"column":null}},"10":{"start":{"line":34,"column":26},"end":{"line":34,"column":null}},"11":{"start":{"line":36,"column":2},"end":{"line":38,"column":null}},"12":{"start":{"line":37,"column":3},"end":{"line":37,"column":null}},"13":{"start":{"line":40,"column":2},"end":{"line":43,"column":null}},"14":{"start":{"line":47,"column":33},"end":{"line":47,"column":null}}},"fnMap":{"0":{"name":"(anonymous_0)","decl":{"start":{"line":16,"column":39},"end":{"line":16,"column":40}},"loc":{"start":{"line":16,"column":62},"end":{"line":45,"column":null}}},"1":{"name":"(anonymous_1)","decl":{"start":{"line":17,"column":9},"end":{"line":17,"column":15}},"loc":{"start":{"line":17,"column":15},"end":{"line":17,"column":null}}},"2":{"name":"(anonymous_2)","decl":{"start":{"line":18,"column":10},"end":{"line":18,"column":11}},"loc":{"start":{"line":18,"column":26},"end":{"line":18,"column":null}}},"3":{"name":"(anonymous_3)","decl":{"start":{"line":19,"column":9},"end":{"line":19,"column":10}},"loc":{"start":{"line":19,"column":55},"end":{"line":19,"column":null}}},"4":{"name":"(anonymous_4)","decl":{"start":{"line":20,"column":9},"end":{"line":20,"column":16}},"loc":{"start":{"line":20,"column":73},"end":{"line":32,"column":null}}},"5":{"name":"(anonymous_5)","decl":{"start":{"line":33,"column":9},"end":{"line":33,"column":16}},"loc":{"start":{"line":33,"column":31},"end":{"line":44,"column":null}}}},"branchMap":{"0":{"loc":{"start":{"line":23,"column":2},"end":{"line":25,"column":null}},"type":"if","locations":[{"start":{"line":23,"column":2},"end":{"line":25,"column":null}},{"start":{},"end":{}}]},"1":{"loc":{"start":{"line":36,"column":2},"end":{"line":38,"column":null}},"type":"if","locations":[{"start":{"line":36,"column":2},"end":{"line":38,"column":null}},{"start":{},"end":{}}]}},"s":{"0":1,"1":1,"2":2,"3":1,"4":1,"5":1,"6":1,"7":1,"8":0,"9":1,"10":1,"11":1,"12":0,"13":1,"14":1},"f":{"0":2,"1":1,"2":1,"3":1,"4":1,"5":1},"b":{"0":[0,1],"1":[0,1]}}
,"/home/paddy/kainban/apps/api/src/projects/service.ts": {"path":"/home/paddy/kainban/apps/api/src/projects/service.ts","statementMap":{"0":{"start":{"line":4,"column":36},"end":{"line":10,"column":null}},"1":{"start":{"line":4,"column":97},"end":{"line":10,"column":null}},"2":{"start":{"line":5,"column":15},"end":{"line":5,"column":null}},"3":{"start":{"line":6,"column":26},"end":{"line":6,"column":null}},"4":{"start":{"line":7,"column":55},"end":{"line":7,"column":null}},"5":{"start":{"line":8,"column":67},"end":{"line":8,"column":null}},"6":{"start":{"line":9,"column":25},"end":{"line":9,"column":null}},"7":{"start":{"line":12,"column":30},"end":{"line":12,"column":null}}},"fnMap":{"0":{"name":"(anonymous_0)","decl":{"start":{"line":4,"column":36},"end":{"line":4,"column":37}},"loc":{"start":{"line":4,"column":97},"end":{"line":10,"column":null}}},"1":{"name":"(anonymous_1)","decl":{"start":{"line":5,"column":9},"end":{"line":5,"column":15}},"loc":{"start":{"line":5,"column":15},"end":{"line":5,"column":null}}},"2":{"name":"(anonymous_2)","decl":{"start":{"line":6,"column":10},"end":{"line":6,"column":11}},"loc":{"start":{"line":6,"column":26},"end":{"line":6,"column":null}}},"3":{"name":"(anonymous_3)","decl":{"start":{"line":7,"column":9},"end":{"line":7,"column":10}},"loc":{"start":{"line":7,"column":55},"end":{"line":7,"column":null}}},"4":{"name":"(anonymous_4)","decl":{"start":{"line":8,"column":9},"end":{"line":8,"column":10}},"loc":{"start":{"line":8,"column":67},"end":{"line":8,"column":null}}},"5":{"name":"(anonymous_5)","decl":{"start":{"line":9,"column":9},"end":{"line":9,"column":10}},"loc":{"start":{"line":9,"column":25},"end":{"line":9,"column":null}}}},"branchMap":{},"s":{"0":1,"1":2,"2":1,"3":1,"4":1,"5":1,"6":1,"7":1},"f":{"0":2,"1":1,"2":1,"3":1,"4":1,"5":1},"b":{}}
,"/home/paddy/kainban/apps/api/src/realtime/realtime-server.ts": {"path":"/home/paddy/kainban/apps/api/src/realtime/realtime-server.ts","statementMap":{"0":{"start":{"line":19,"column":23},"end":{"line":23,"column":null}},"1":{"start":{"line":20,"column":1},"end":{"line":23,"column":null}},"2":{"start":{"line":25,"column":36},"end":{"line":78,"column":null}},"3":{"start":{"line":26,"column":17},"end":{"line":26,"column":null}},"4":{"start":{"line":27,"column":25},"end":{"line":29,"column":null}},"5":{"start":{"line":31,"column":1},"end":{"line":44,"column":null}},"6":{"start":{"line":32,"column":2},"end":{"line":32,"column":null}},"7":{"start":{"line":34,"column":2},"end":{"line":39,"column":null}},"8":{"start":{"line":41,"column":2},"end":{"line":43,"column":null}},"9":{"start":{"line":42,"column":3},"end":{"line":42,"column":null}},"10":{"start":{"line":46,"column":23},"end":{"line":61,"column":null}},"11":{"start":{"line":52,"column":2},"end":{"line":60,"column":null}},"12":{"start":{"line":57,"column":3},"end":{"line":57,"column":null}},"13":{"start":{"line":58,"column":3},"end":{"line":58,"column":null}},"14":{"start":{"line":63,"column":17},"end":{"line":71,"column":null}},"15":{"start":{"line":64,"column":18},"end":{"line":64,"column":null}},"16":{"start":{"line":66,"column":2},"end":{"line":70,"column":null}},"17":{"start":{"line":67,"column":3},"end":{"line":69,"column":null}},"18":{"start":{"line":68,"column":4},"end":{"line":68,"column":null}},"19":{"start":{"line":73,"column":1},"end":{"line":77,"column":null}}},"fnMap":{"0":{"name":"(anonymous_0)","decl":{"start":{"line":19,"column":23},"end":{"line":19,"column":24}},"loc":{"start":{"line":20,"column":1},"end":{"line":23,"column":null}}},"1":{"name":"(anonymous_1)","decl":{"start":{"line":25,"column":36},"end":{"line":25,"column":42}},"loc":{"start":{"line":25,"column":42},"end":{"line":78,"column":null}}},"2":{"name":"(anonymous_2)","decl":{"start":{"line":31,"column":34},"end":{"line":31,"column":35}},"loc":{"start":{"line":31,"column":57},"end":{"line":44,"column":2}}},"3":{"name":"(anonymous_3)","decl":{"start":{"line":41,"column":21},"end":{"line":41,"column":27}},"loc":{"start":{"line":41,"column":27},"end":{"line":43,"column":3}}},"4":{"name":"(anonymous_4)","decl":{"start":{"line":46,"column":23},"end":{"line":46,"column":null}},"loc":{"start":{"line":51,"column":6},"end":{"line":61,"column":null}}},"5":{"name":"(anonymous_5)","decl":{"start":{"line":56,"column":3},"end":{"line":56,"column":4}},"loc":{"start":{"line":56,"column":29},"end":{"line":59,"column":null}}},"6":{"name":"(anonymous_6)","decl":{"start":{"line":63,"column":17},"end":{"line":63,"column":18}},"loc":{"start":{"line":63,"column":43},"end":{"line":71,"column":null}}}},"branchMap":{"0":{"loc":{"start":{"line":67,"column":3},"end":{"line":69,"column":null}},"type":"if","locations":[{"start":{"line":67,"column":3},"end":{"line":69,"column":null}},{"start":{},"end":{}}]}},"s":{"0":4,"1":10,"2":4,"3":4,"4":4,"5":4,"6":1,"7":1,"8":1,"9":0,"10":4,"11":0,"12":0,"13":0,"14":4,"15":10,"16":10,"17":1,"18":1,"19":4},"f":{"0":10,"1":4,"2":1,"3":0,"4":0,"5":0,"6":10},"b":{"0":[1,0]}}
,"/home/paddy/kainban/apps/api/src/tasks/controller.ts": {"path":"/home/paddy/kainban/apps/api/src/tasks/controller.ts","statementMap":{"0":{"start":{"line":7,"column":36},"end":{"line":77,"column":null}},"1":{"start":{"line":11,"column":20},"end":{"line":11,"column":null}},"2":{"start":{"line":13,"column":1},"end":{"line":16,"column":null}},"3":{"start":{"line":14,"column":16},"end":{"line":14,"column":null}},"4":{"start":{"line":15,"column":2},"end":{"line":15,"column":null}},"5":{"start":{"line":18,"column":1},"end":{"line":26,"column":null}},"6":{"start":{"line":19,"column":15},"end":{"line":19,"column":null}},"7":{"start":{"line":21,"column":2},"end":{"line":23,"column":null}},"8":{"start":{"line":22,"column":3},"end":{"line":22,"column":null}},"9":{"start":{"line":25,"column":2},"end":{"line":25,"column":null}},"10":{"start":{"line":28,"column":1},"end":{"line":39,"column":null}},"11":{"start":{"line":29,"column":15},"end":{"line":29,"column":null}},"12":{"start":{"line":30,"column":15},"end":{"line":30,"column":null}},"13":{"start":{"line":31,"column":2},"end":{"line":37,"column":null}},"14":{"start":{"line":38,"column":2},"end":{"line":38,"column":null}},"15":{"start":{"line":41,"column":1},"end":{"line":57,"column":null}},"16":{"start":{"line":42,"column":15},"end":{"line":42,"column":null}},"17":{"start":{"line":43,"column":15},"end":{"line":43,"column":null}},"18":{"start":{"line":45,"column":2},"end":{"line":47,"column":null}},"19":{"start":{"line":46,"column":3},"end":{"line":46,"column":null}},"20":{"start":{"line":49,"column":2},"end":{"line":55,"column":null}},"21":{"start":{"line":56,"column":2},"end":{"line":56,"column":null}},"22":{"start":{"line":59,"column":1},"end":{"line":74,"column":null}},"23":{"start":{"line":60,"column":15},"end":{"line":60,"column":null}},"24":{"start":{"line":62,"column":2},"end":{"line":64,"column":null}},"25":{"start":{"line":63,"column":3},"end":{"line":63,"column":null}},"26":{"start":{"line":66,"column":2},"end":{"line":72,"column":null}},"27":{"start":{"line":73,"column":2},"end":{"line":73,"column":null}},"28":{"start":{"line":76,"column":1},"end":{"line":76,"column":null}},"29":{"start":{"line":79,"column":30},"end":{"line":79,"column":null}}},"fnMap":{"0":{"name":"(anonymous_0)","decl":{"start":{"line":7,"column":36},"end":{"line":7,"column":null}},"loc":{"start":{"line":10,"column":5},"end":{"line":77,"column":null}}},"1":{"name":"(anonymous_1)","decl":{"start":{"line":13,"column":21},"end":{"line":13,"column":28}},"loc":{"start":{"line":13,"column":34},"end":{"line":16,"column":2}}},"2":{"name":"(anonymous_2)","decl":{"start":{"line":18,"column":24},"end":{"line":18,"column":31}},"loc":{"start":{"line":18,"column":37},"end":{"line":26,"column":2}}},"3":{"name":"(anonymous_3)","decl":{"start":{"line":28,"column":22},"end":{"line":28,"column":29}},"loc":{"start":{"line":28,"column":35},"end":{"line":39,"column":2}}},"4":{"name":"(anonymous_4)","decl":{"start":{"line":41,"column":26},"end":{"line":41,"column":33}},"loc":{"start":{"line":41,"column":39},"end":{"line":57,"column":2}}},"5":{"name":"(anonymous_5)","decl":{"start":{"line":59,"column":27},"end":{"line":59,"column":34}},"loc":{"start":{"line":59,"column":40},"end":{"line":74,"column":2}}}},"branchMap":{"0":{"loc":{"start":{"line":9,"column":1},"end":{"line":9,"column":null}},"type":"default-arg","locations":[{"start":{"line":9,"column":40},"end":{"line":9,"column":null}}]},"1":{"loc":{"start":{"line":21,"column":2},"end":{"line":23,"column":null}},"type":"if","locations":[{"start":{"line":21,"column":2},"end":{"line":23,"column":null}},{"start":{},"end":{}}]},"2":{"loc":{"start":{"line":45,"column":2},"end":{"line":47,"column":null}},"type":"if","locations":[{"start":{"line":45,"column":2},"end":{"line":47,"column":null}},{"start":{},"end":{}}]},"3":{"loc":{"start":{"line":62,"column":2},"end":{"line":64,"column":null}},"type":"if","locations":[{"start":{"line":62,"column":2},"end":{"line":64,"column":null}},{"start":{},"end":{}}]}},"s":{"0":1,"1":2,"2":2,"3":1,"4":1,"5":2,"6":2,"7":2,"8":1,"9":1,"10":2,"11":1,"12":1,"13":1,"14":1,"15":2,"16":1,"17":1,"18":1,"19":0,"20":1,"21":1,"22":2,"23":1,"24":1,"25":0,"26":1,"27":1,"28":2,"29":1},"f":{"0":2,"1":1,"2":2,"3":1,"4":1,"5":1},"b":{"0":[1],"1":[1,1],"2":[0,1],"3":[0,1]}}
,"/home/paddy/kainban/apps/api/src/tasks/repository.ts": {"path":"/home/paddy/kainban/apps/api/src/tasks/repository.ts","statementMap":{"0":{"start":{"line":4,"column":20},"end":{"line":9,"column":null}},"1":{"start":{"line":30,"column":36},"end":{"line":98,"column":null}},"2":{"start":{"line":30,"column":59},"end":{"line":98,"column":null}},"3":{"start":{"line":31,"column":15},"end":{"line":31,"column":null}},"4":{"start":{"line":32,"column":26},"end":{"line":32,"column":null}},"5":{"start":{"line":34,"column":21},"end":{"line":37,"column":null}},"6":{"start":{"line":39,"column":2},"end":{"line":39,"column":null}},"7":{"start":{"line":42,"column":2},"end":{"line":58,"column":null}},"8":{"start":{"line":53,"column":49},"end":{"line":53,"column":56}},"9":{"start":{"line":60,"column":23},"end":{"line":60,"column":null}},"10":{"start":{"line":62,"column":2},"end":{"line":64,"column":null}},"11":{"start":{"line":63,"column":3},"end":{"line":63,"column":null}},"12":{"start":{"line":66,"column":2},"end":{"line":84,"column":null}},"13":{"start":{"line":77,"column":55},"end":{"line":79,"column":10}},"14":{"start":{"line":87,"column":23},"end":{"line":87,"column":null}},"15":{"start":{"line":89,"column":2},"end":{"line":91,"column":null}},"16":{"start":{"line":90,"column":3},"end":{"line":90,"column":null}},"17":{"start":{"line":93,"column":2},"end":{"line":96,"column":null}},"18":{"start":{"line":100,"column":30},"end":{"line":100,"column":null}}},"fnMap":{"0":{"name":"(anonymous_0)","decl":{"start":{"line":30,"column":36},"end":{"line":30,"column":37}},"loc":{"start":{"line":30,"column":59},"end":{"line":98,"column":null}}},"1":{"name":"(anonymous_1)","decl":{"start":{"line":31,"column":9},"end":{"line":31,"column":15}},"loc":{"start":{"line":31,"column":15},"end":{"line":31,"column":null}}},"2":{"name":"(anonymous_2)","decl":{"start":{"line":32,"column":10},"end":{"line":32,"column":11}},"loc":{"start":{"line":32,"column":26},"end":{"line":32,"column":null}}},"3":{"name":"(anonymous_3)","decl":{"start":{"line":33,"column":22},"end":{"line":33,"column":29}},"loc":{"start":{"line":33,"column":51},"end":{"line":40,"column":null}}},"4":{"name":"(anonymous_4)","decl":{"start":{"line":41,"column":9},"end":{"line":41,"column":10}},"loc":{"start":{"line":42,"column":2},"end":{"line":58,"column":null}}},"5":{"name":"(anonymous_5)","decl":{"start":{"line":53,"column":40},"end":{"line":53,"column":41}},"loc":{"start":{"line":53,"column":49},"end":{"line":53,"column":56}}},"6":{"name":"(anonymous_6)","decl":{"start":{"line":59,"column":9},"end":{"line":59,"column":16}},"loc":{"start":{"line":59,"column":53},"end":{"line":85,"column":null}}},"7":{"name":"(anonymous_7)","decl":{"start":{"line":77,"column":36},"end":{"line":77,"column":37}},"loc":{"start":{"line":77,"column":55},"end":{"line":79,"column":10}}},"8":{"name":"(anonymous_8)","decl":{"start":{"line":86,"column":9},"end":{"line":86,"column":16}},"loc":{"start":{"line":86,"column":31},"end":{"line":97,"column":null}}}},"branchMap":{"0":{"loc":{"start":{"line":39,"column":10},"end":{"line":39,"column":43}},"type":"binary-expr","locations":[{"start":{"line":39,"column":10},"end":{"line":39,"column":38}},{"start":{"line":39,"column":38},"end":{"line":39,"column":43}}]},"1":{"loc":{"start":{"line":51,"column":5},"end":{"line":55,"column":null}},"type":"cond-expr","locations":[{"start":{"line":52,"column":8},"end":{"line":54,"column":null}},{"start":{"line":55,"column":8},"end":{"line":55,"column":null}}]},"2":{"loc":{"start":{"line":51,"column":5},"end":{"line":51,"column":null}},"type":"binary-expr","locations":[{"start":{"line":51,"column":5},"end":{"line":51,"column":27}},{"start":{"line":51,"column":27},"end":{"line":51,"column":null}}]},"3":{"loc":{"start":{"line":62,"column":2},"end":{"line":64,"column":null}},"type":"if","locations":[{"start":{"line":62,"column":2},"end":{"line":64,"column":null}},{"start":{},"end":{}}]},"4":{"loc":{"start":{"line":75,"column":5},"end":{"line":81,"column":null}},"type":"cond-expr","locations":[{"start":{"line":76,"column":8},"end":{"line":80,"column":null}},{"start":{"line":81,"column":8},"end":{"line":81,"column":null}}]},"5":{"loc":{"start":{"line":89,"column":2},"end":{"line":91,"column":null}},"type":"if","locations":[{"start":{"line":89,"column":2},"end":{"line":91,"column":null}},{"start":{},"end":{}}]}},"s":{"0":1,"1":1,"2":2,"3":1,"4":1,"5":1,"6":1,"7":1,"8":1,"9":1,"10":1,"11":0,"12":1,"13":1,"14":1,"15":1,"16":0,"17":1,"18":1},"f":{"0":2,"1":1,"2":1,"3":1,"4":1,"5":1,"6":1,"7":1,"8":1},"b":{"0":[1,0],"1":[1,0],"2":[1,1],"3":[0,1],"4":[1,0],"5":[0,1]}}
,"/home/paddy/kainban/apps/api/src/tasks/service.ts": {"path":"/home/paddy/kainban/apps/api/src/tasks/service.ts","statementMap":{"0":{"start":{"line":13,"column":33},"end":{"line":26,"column":null}},"1":{"start":{"line":13,"column":91},"end":{"line":26,"column":null}},"2":{"start":{"line":14,"column":15},"end":{"line":14,"column":null}},"3":{"start":{"line":15,"column":26},"end":{"line":15,"column":null}},"4":{"start":{"line":17,"column":23},"end":{"line":17,"column":null}},"5":{"start":{"line":19,"column":2},"end":{"line":22,"column":null}},"6":{"start":{"line":24,"column":47},"end":{"line":24,"column":null}},"7":{"start":{"line":25,"column":25},"end":{"line":25,"column":null}},"8":{"start":{"line":28,"column":27},"end":{"line":28,"column":null}}},"fnMap":{"0":{"name":"(anonymous_0)","decl":{"start":{"line":13,"column":33},"end":{"line":13,"column":34}},"loc":{"start":{"line":13,"column":91},"end":{"line":26,"column":null}}},"1":{"name":"(anonymous_1)","decl":{"start":{"line":14,"column":9},"end":{"line":14,"column":15}},"loc":{"start":{"line":14,"column":15},"end":{"line":14,"column":null}}},"2":{"name":"(anonymous_2)","decl":{"start":{"line":15,"column":10},"end":{"line":15,"column":11}},"loc":{"start":{"line":15,"column":26},"end":{"line":15,"column":null}}},"3":{"name":"(anonymous_3)","decl":{"start":{"line":16,"column":9},"end":{"line":16,"column":16}},"loc":{"start":{"line":16,"column":42},"end":{"line":23,"column":null}}},"4":{"name":"(anonymous_4)","decl":{"start":{"line":24,"column":9},"end":{"line":24,"column":10}},"loc":{"start":{"line":24,"column":47},"end":{"line":24,"column":null}}},"5":{"name":"(anonymous_5)","decl":{"start":{"line":25,"column":9},"end":{"line":25,"column":10}},"loc":{"start":{"line":25,"column":25},"end":{"line":25,"column":null}}}},"branchMap":{},"s":{"0":1,"1":2,"2":0,"3":0,"4":1,"5":1,"6":0,"7":0,"8":1},"f":{"0":2,"1":0,"2":0,"3":1,"4":0,"5":0},"b":{}}
,"/home/paddy/kainban/apps/api/src/users/controller.ts": {"path":"/home/paddy/kainban/apps/api/src/users/controller.ts","statementMap":{"0":{"start":{"line":5,"column":36},"end":{"line":51,"column":null}},"1":{"start":{"line":6,"column":20},"end":{"line":6,"column":null}},"2":{"start":{"line":8,"column":1},"end":{"line":11,"column":null}},"3":{"start":{"line":9,"column":16},"end":{"line":9,"column":null}},"4":{"start":{"line":10,"column":2},"end":{"line":10,"column":null}},"5":{"start":{"line":13,"column":1},"end":{"line":21,"column":null}},"6":{"start":{"line":14,"column":15},"end":{"line":14,"column":null}},"7":{"start":{"line":16,"column":2},"end":{"line":18,"column":null}},"8":{"start":{"line":17,"column":3},"end":{"line":17,"column":null}},"9":{"start":{"line":20,"column":2},"end":{"line":20,"column":null}},"10":{"start":{"line":23,"column":1},"end":{"line":27,"column":null}},"11":{"start":{"line":24,"column":15},"end":{"line":24,"column":null}},"12":{"start":{"line":25,"column":15},"end":{"line":25,"column":null}},"13":{"start":{"line":26,"column":2},"end":{"line":26,"column":null}},"14":{"start":{"line":29,"column":1},"end":{"line":38,"column":null}},"15":{"start":{"line":30,"column":15},"end":{"line":30,"column":null}},"16":{"start":{"line":31,"column":15},"end":{"line":31,"column":null}},"17":{"start":{"line":33,"column":2},"end":{"line":35,"column":null}},"18":{"start":{"line":34,"column":3},"end":{"line":34,"column":null}},"19":{"start":{"line":37,"column":2},"end":{"line":37,"column":null}},"20":{"start":{"line":40,"column":1},"end":{"line":48,"column":null}},"21":{"start":{"line":41,"column":15},"end":{"line":41,"column":null}},"22":{"start":{"line":43,"column":2},"end":{"line":45,"column":null}},"23":{"start":{"line":44,"column":3},"end":{"line":44,"column":null}},"24":{"start":{"line":47,"column":2},"end":{"line":47,"column":null}},"25":{"start":{"line":50,"column":1},"end":{"line":50,"column":null}},"26":{"start":{"line":53,"column":30},"end":{"line":53,"column":null}}},"fnMap":{"0":{"name":"(anonymous_0)","decl":{"start":{"line":5,"column":36},"end":{"line":5,"column":37}},"loc":{"start":{"line":5,"column":87},"end":{"line":51,"column":null}}},"1":{"name":"(anonymous_1)","decl":{"start":{"line":8,"column":21},"end":{"line":8,"column":28}},"loc":{"start":{"line":8,"column":34},"end":{"line":11,"column":2}}},"2":{"name":"(anonymous_2)","decl":{"start":{"line":13,"column":24},"end":{"line":13,"column":31}},"loc":{"start":{"line":13,"column":37},"end":{"line":21,"column":2}}},"3":{"name":"(anonymous_3)","decl":{"start":{"line":23,"column":22},"end":{"line":23,"column":29}},"loc":{"start":{"line":23,"column":35},"end":{"line":27,"column":2}}},"4":{"name":"(anonymous_4)","decl":{"start":{"line":29,"column":26},"end":{"line":29,"column":33}},"loc":{"start":{"line":29,"column":39},"end":{"line":38,"column":2}}},"5":{"name":"(anonymous_5)","decl":{"start":{"line":40,"column":27},"end":{"line":40,"column":34}},"loc":{"start":{"line":40,"column":40},"end":{"line":48,"column":2}}}},"branchMap":{"0":{"loc":{"start":{"line":16,"column":2},"end":{"line":18,"column":null}},"type":"if","locations":[{"start":{"line":16,"column":2},"end":{"line":18,"column":null}},{"start":{},"end":{}}]},"1":{"loc":{"start":{"line":33,"column":2},"end":{"line":35,"column":null}},"type":"if","locations":[{"start":{"line":33,"column":2},"end":{"line":35,"column":null}},{"start":{},"end":{}}]},"2":{"loc":{"start":{"line":43,"column":2},"end":{"line":45,"column":null}},"type":"if","locations":[{"start":{"line":43,"column":2},"end":{"line":45,"column":null}},{"start":{},"end":{}}]}},"s":{"0":1,"1":2,"2":2,"3":1,"4":1,"5":2,"6":2,"7":2,"8":1,"9":1,"10":2,"11":1,"12":1,"13":1,"14":2,"15":2,"16":2,"17":2,"18":1,"19":1,"20":2,"21":2,"22":2,"23":1,"24":1,"25":2,"26":1},"f":{"0":2,"1":1,"2":2,"3":1,"4":2,"5":2},"b":{"0":[1,1],"1":[1,1],"2":[1,1]}}
,"/home/paddy/kainban/apps/api/src/users/repository.ts": {"path":"/home/paddy/kainban/apps/api/src/users/repository.ts","statementMap":{"0":{"start":{"line":4,"column":20},"end":{"line":6,"column":null}},"1":{"start":{"line":8,"column":36},"end":{"line":37,"column":null}},"2":{"start":{"line":8,"column":59},"end":{"line":37,"column":null}},"3":{"start":{"line":9,"column":15},"end":{"line":9,"column":null}},"4":{"start":{"line":10,"column":26},"end":{"line":10,"column":null}},"5":{"start":{"line":11,"column":43},"end":{"line":11,"column":null}},"6":{"start":{"line":13,"column":23},"end":{"line":13,"column":null}},"7":{"start":{"line":15,"column":2},"end":{"line":17,"column":null}},"8":{"start":{"line":16,"column":3},"end":{"line":16,"column":null}},"9":{"start":{"line":19,"column":2},"end":{"line":23,"column":null}},"10":{"start":{"line":26,"column":23},"end":{"line":26,"column":null}},"11":{"start":{"line":28,"column":2},"end":{"line":30,"column":null}},"12":{"start":{"line":29,"column":3},"end":{"line":29,"column":null}},"13":{"start":{"line":32,"column":2},"end":{"line":35,"column":null}},"14":{"start":{"line":39,"column":30},"end":{"line":39,"column":null}}},"fnMap":{"0":{"name":"(anonymous_0)","decl":{"start":{"line":8,"column":36},"end":{"line":8,"column":37}},"loc":{"start":{"line":8,"column":59},"end":{"line":37,"column":null}}},"1":{"name":"(anonymous_1)","decl":{"start":{"line":9,"column":9},"end":{"line":9,"column":15}},"loc":{"start":{"line":9,"column":15},"end":{"line":9,"column":null}}},"2":{"name":"(anonymous_2)","decl":{"start":{"line":10,"column":10},"end":{"line":10,"column":11}},"loc":{"start":{"line":10,"column":26},"end":{"line":10,"column":null}}},"3":{"name":"(anonymous_3)","decl":{"start":{"line":11,"column":9},"end":{"line":11,"column":10}},"loc":{"start":{"line":11,"column":43},"end":{"line":11,"column":null}}},"4":{"name":"(anonymous_4)","decl":{"start":{"line":12,"column":9},"end":{"line":12,"column":16}},"loc":{"start":{"line":12,"column":61},"end":{"line":24,"column":null}}},"5":{"name":"(anonymous_5)","decl":{"start":{"line":25,"column":9},"end":{"line":25,"column":16}},"loc":{"start":{"line":25,"column":31},"end":{"line":36,"column":null}}}},"branchMap":{"0":{"loc":{"start":{"line":15,"column":2},"end":{"line":17,"column":null}},"type":"if","locations":[{"start":{"line":15,"column":2},"end":{"line":17,"column":null}},{"start":{},"end":{}}]},"1":{"loc":{"start":{"line":28,"column":2},"end":{"line":30,"column":null}},"type":"if","locations":[{"start":{"line":28,"column":2},"end":{"line":30,"column":null}},{"start":{},"end":{}}]}},"s":{"0":1,"1":1,"2":2,"3":1,"4":1,"5":1,"6":1,"7":1,"8":0,"9":1,"10":1,"11":1,"12":0,"13":1,"14":1},"f":{"0":2,"1":1,"2":1,"3":1,"4":1,"5":1},"b":{"0":[0,1],"1":[0,1]}}
,"/home/paddy/kainban/apps/api/src/users/service.ts": {"path":"/home/paddy/kainban/apps/api/src/users/service.ts","statementMap":{"0":{"start":{"line":4,"column":33},"end":{"line":10,"column":null}},"1":{"start":{"line":4,"column":91},"end":{"line":10,"column":null}},"2":{"start":{"line":5,"column":15},"end":{"line":5,"column":null}},"3":{"start":{"line":6,"column":26},"end":{"line":6,"column":null}},"4":{"start":{"line":7,"column":43},"end":{"line":7,"column":null}},"5":{"start":{"line":8,"column":55},"end":{"line":8,"column":null}},"6":{"start":{"line":9,"column":25},"end":{"line":9,"column":null}},"7":{"start":{"line":12,"column":27},"end":{"line":12,"column":null}}},"fnMap":{"0":{"name":"(anonymous_0)","decl":{"start":{"line":4,"column":33},"end":{"line":4,"column":34}},"loc":{"start":{"line":4,"column":91},"end":{"line":10,"column":null}}},"1":{"name":"(anonymous_1)","decl":{"start":{"line":5,"column":9},"end":{"line":5,"column":15}},"loc":{"start":{"line":5,"column":15},"end":{"line":5,"column":null}}},"2":{"name":"(anonymous_2)","decl":{"start":{"line":6,"column":10},"end":{"line":6,"column":11}},"loc":{"start":{"line":6,"column":26},"end":{"line":6,"column":null}}},"3":{"name":"(anonymous_3)","decl":{"start":{"line":7,"column":9},"end":{"line":7,"column":10}},"loc":{"start":{"line":7,"column":43},"end":{"line":7,"column":null}}},"4":{"name":"(anonymous_4)","decl":{"start":{"line":8,"column":9},"end":{"line":8,"column":10}},"loc":{"start":{"line":8,"column":55},"end":{"line":8,"column":null}}},"5":{"name":"(anonymous_5)","decl":{"start":{"line":9,"column":9},"end":{"line":9,"column":10}},"loc":{"start":{"line":9,"column":25},"end":{"line":9,"column":null}}}},"branchMap":{},"s":{"0":1,"1":2,"2":1,"3":1,"4":1,"5":1,"6":1,"7":1},"f":{"0":2,"1":1,"2":1,"3":1,"4":1,"5":1},"b":{}}
}
